#
# There is insufficient memory for the Java Runtime Environment to continue.
# Native memory allocation (mmap) failed to map 87031808 bytes for committing reserved memory.
# Possible reasons:
#   The system is out of physical RAM or swap space
#   In 32 bit mode, the process size limit was hit
# Possible solutions:
#   Reduce memory load on the system
#   Increase physical memory or swap space
#   Check if swap backing store is full
#   Use 64 bit Java on a 64 bit OS
#   Decrease Java heap size (-Xmx/-Xms)
#   Decrease number of Java threads
#   Decrease Java thread stack sizes (-Xss)
#   Set larger code cache with -XX:ReservedCodeCacheSize=
# This output file may be truncated or incomplete.
#
#  Out of Memory Error (os_linux.cpp:2643), pid=13333, tid=0x00007f4dcc3e3700
#
# JRE version:  (8.0_131-b11) (build )
# Java VM: OpenJDK 64-Bit Server VM (25.131-b11 mixed mode linux-amd64 compressed oops)
# Failed to write core dump. Core dumps have been disabled. To enable core dumping, try "ulimit -c unlimited" before starting Java again
#

---------------  T H R E A D  ---------------

Current thread (0x00007f4dc400a000):  JavaThread "Unknown thread" [_thread_in_vm, id=13357, stack(0x00007f4dcc2e3000,0x00007f4dcc3e4000)]

Stack: [0x00007f4dcc2e3000,0x00007f4dcc3e4000],  sp=0x00007f4dcc3e2630,  free space=1021k
Native frames: (J=compiled Java code, j=interpreted, Vv=VM code, C=native code)
V  [libjvm.so+0xa6a1bb]
V  [libjvm.so+0x4c5a6c]
V  [libjvm.so+0x8b85a0]
V  [libjvm.so+0x8b2a1e]
V  [libjvm.so+0x92d556]
V  [libjvm.so+0x91e033]
V  [libjvm.so+0x2af381]
V  [libjvm.so+0x8ddb29]
V  [libjvm.so+0xa2d6b9]
V  [libjvm.so+0xa2d902]
V  [libjvm.so+0x61103f]
V  [libjvm.so+0xa12caa]
V  [libjvm.so+0x68b222]  JNI_CreateJavaVM+0x62
C  [libjli.so+0x2f2e]
C  [libjli.so+0x73dd]
C  [libpthread.so.0+0x76ba]  start_thread+0xca


---------------  P R O C E S S  ---------------

Java Threads: ( => current thread )

Other Threads:

=>0x00007f4dc400a000 (exited) JavaThread "Unknown thread" [_thread_in_vm, id=13357, stack(0x00007f4dcc2e3000,0x00007f4dcc3e4000)]

VM state:not at safepoint (not fully initialized)

VM Mutex/Monitor currently owned by a thread: None

GC Heap History (0 events):
No events

Deoptimization events (0 events):
No events

Internal exceptions (0 events):
No events

Events (0 events):
No events


Dynamic libraries:
00400000-00401000 r-xp 00000000 103:05 46687                             /usr/lib/jvm/java-8-openjdk-amd64/jre/bin/java
00600000-00601000 r--p 00000000 103:05 46687                             /usr/lib/jvm/java-8-openjdk-amd64/jre/bin/java
00601000-00602000 rw-p 00001000 103:05 46687                             /usr/lib/jvm/java-8-openjdk-amd64/jre/bin/java
022f9000-0231a000 rw-p 00000000 00:00 0                                  [heap]
8af00000-d7400000 ---p 00000000 00:00 0 
d7400000-d9d00000 rw-p 00000000 00:00 0 
d9d00000-100000000 ---p 00000000 00:00 0 
7f4db5000000-7f4db5270000 rwxp 00000000 00:00 0 
7f4db5270000-7f4dc4000000 ---p 00000000 00:00 0 
7f4dc4000000-7f4dc4031000 rw-p 00000000 00:00 0 
7f4dc4031000-7f4dc8000000 ---p 00000000 00:00 0 
7f4dc85c9000-7f4dc8855000 ---p 00000000 00:00 0 
7f4dc8855000-7f4dc886a000 rw-p 00000000 00:00 0 
7f4dc886a000-7f4dc899b000 ---p 00000000 00:00 0 
7f4dc899b000-7f4dc89a6000 rw-p 00000000 00:00 0 
7f4dc89a6000-7f4dc8d5c000 ---p 00000000 00:00 0 
7f4dc8d5c000-7f4dc8d64000 r-xp 00000000 103:05 7879                      /usr/lib/jvm/java-8-openjdk-amd64/jre/lib/amd64/libzip.so
7f4dc8d64000-7f4dc8f63000 ---p 00008000 103:05 7879                      /usr/lib/jvm/java-8-openjdk-amd64/jre/lib/amd64/libzip.so
7f4dc8f63000-7f4dc8f64000 r--p 00007000 103:05 7879                      /usr/lib/jvm/java-8-openjdk-amd64/jre/lib/amd64/libzip.so
7f4dc8f64000-7f4dc8f65000 rw-p 00008000 103:05 7879                      /usr/lib/jvm/java-8-openjdk-amd64/jre/lib/amd64/libzip.so
7f4dc8f65000-7f4dc8f70000 r-xp 00000000 103:05 274790                    /lib/x86_64-linux-gnu/libnss_files-2.23.so
7f4dc8f70000-7f4dc916f000 ---p 0000b000 103:05 274790                    /lib/x86_64-linux-gnu/libnss_files-2.23.so
7f4dc916f000-7f4dc9170000 r--p 0000a000 103:05 274790                    /lib/x86_64-linux-gnu/libnss_files-2.23.so
7f4dc9170000-7f4dc9171000 rw-p 0000b000 103:05 274790                    /lib/x86_64-linux-gnu/libnss_files-2.23.so
7f4dc9171000-7f4dc9177000 rw-p 00000000 00:00 0 
7f4dc9177000-7f4dc9182000 r-xp 00000000 103:05 274793                    /lib/x86_64-linux-gnu/libnss_nis-2.23.so
7f4dc9182000-7f4dc9381000 ---p 0000b000 103:05 274793                    /lib/x86_64-linux-gnu/libnss_nis-2.23.so
7f4dc9381000-7f4dc9382000 r--p 0000a000 103:05 274793                    /lib/x86_64-linux-gnu/libnss_nis-2.23.so
7f4dc9382000-7f4dc9383000 rw-p 0000b000 103:05 274793                    /lib/x86_64-linux-gnu/libnss_nis-2.23.so
7f4dc9383000-7f4dc9399000 r-xp 00000000 103:05 268305                    /lib/x86_64-linux-gnu/libnsl-2.23.so
7f4dc9399000-7f4dc9598000 ---p 00016000 103:05 268305                    /lib/x86_64-linux-gnu/libnsl-2.23.so
7f4dc9598000-7f4dc9599000 r--p 00015000 103:05 268305                    /lib/x86_64-linux-gnu/libnsl-2.23.so
7f4dc9599000-7f4dc959a000 rw-p 00016000 103:05 268305                    /lib/x86_64-linux-gnu/libnsl-2.23.so
7f4dc959a000-7f4dc959c000 rw-p 00000000 00:00 0 
7f4dc959c000-7f4dc95a4000 r-xp 00000000 103:05 274799                    /lib/x86_64-linux-gnu/libnss_compat-2.23.so
7f4dc95a4000-7f4dc97a3000 ---p 00008000 103:05 274799                    /lib/x86_64-linux-gnu/libnss_compat-2.23.so
7f4dc97a3000-7f4dc97a4000 r--p 00007000 103:05 274799                    /lib/x86_64-linux-gnu/libnss_compat-2.23.so
7f4dc97a4000-7f4dc97a5000 rw-p 00008000 103:05 274799                    /lib/x86_64-linux-gnu/libnss_compat-2.23.so
7f4dc97a5000-7f4dc97d2000 r-xp 00000000 103:05 7894                      /usr/lib/jvm/java-8-openjdk-amd64/jre/lib/amd64/libjava.so
7f4dc97d2000-7f4dc99d1000 ---p 0002d000 103:05 7894                      /usr/lib/jvm/java-8-openjdk-amd64/jre/lib/amd64/libjava.so
7f4dc99d1000-7f4dc99d2000 r--p 0002c000 103:05 7894                      /usr/lib/jvm/java-8-openjdk-amd64/jre/lib/amd64/libjava.so
7f4dc99d2000-7f4dc99d4000 rw-p 0002d000 103:05 7894                      /usr/lib/jvm/java-8-openjdk-amd64/jre/lib/amd64/libjava.so
7f4dc99d4000-7f4dc99e3000 r-xp 00000000 103:05 7873                      /usr/lib/jvm/java-8-openjdk-amd64/jre/lib/amd64/libverify.so
7f4dc99e3000-7f4dc9be2000 ---p 0000f000 103:05 7873                      /usr/lib/jvm/java-8-openjdk-amd64/jre/lib/amd64/libverify.so
7f4dc9be2000-7f4dc9be4000 r--p 0000e000 103:05 7873                      /usr/lib/jvm/java-8-openjdk-amd64/jre/lib/amd64/libverify.so
7f4dc9be4000-7f4dc9be5000 rw-p 00010000 103:05 7873                      /usr/lib/jvm/java-8-openjdk-amd64/jre/lib/amd64/libverify.so
7f4dc9be5000-7f4dc9bec000 r-xp 00000000 103:05 274795                    /lib/x86_64-linux-gnu/librt-2.23.so
7f4dc9bec000-7f4dc9deb000 ---p 00007000 103:05 274795                    /lib/x86_64-linux-gnu/librt-2.23.so
7f4dc9deb000-7f4dc9dec000 r--p 00006000 103:05 274795                    /lib/x86_64-linux-gnu/librt-2.23.so
7f4dc9dec000-7f4dc9ded000 rw-p 00007000 103:05 274795                    /lib/x86_64-linux-gnu/librt-2.23.so
7f4dc9ded000-7f4dc9e03000 r-xp 00000000 103:05 268371                    /lib/x86_64-linux-gnu/libgcc_s.so.1
7f4dc9e03000-7f4dca002000 ---p 00016000 103:05 268371                    /lib/x86_64-linux-gnu/libgcc_s.so.1
7f4dca002000-7f4dca003000 rw-p 00015000 103:05 268371                    /lib/x86_64-linux-gnu/libgcc_s.so.1
7f4dca003000-7f4dca10b000 r-xp 00000000 103:05 274804                    /lib/x86_64-linux-gnu/libm-2.23.so
7f4dca10b000-7f4dca30a000 ---p 00108000 103:05 274804                    /lib/x86_64-linux-gnu/libm-2.23.so
7f4dca30a000-7f4dca30b000 r--p 00107000 103:05 274804                    /lib/x86_64-linux-gnu/libm-2.23.so
7f4dca30b000-7f4dca30c000 rw-p 00108000 103:05 274804                    /lib/x86_64-linux-gnu/libm-2.23.so
7f4dca30c000-7f4dca47e000 r-xp 00000000 103:05 536326                    /usr/lib/x86_64-linux-gnu/libstdc++.so.6.0.21
7f4dca47e000-7f4dca67e000 ---p 00172000 103:05 536326                    /usr/lib/x86_64-linux-gnu/libstdc++.so.6.0.21
7f4dca67e000-7f4dca688000 r--p 00172000 103:05 536326                    /usr/lib/x86_64-linux-gnu/libstdc++.so.6.0.21
7f4dca688000-7f4dca68a000 rw-p 0017c000 103:05 536326                    /usr/lib/x86_64-linux-gnu/libstdc++.so.6.0.21
7f4dca68a000-7f4dca68e000 rw-p 00000000 00:00 0 
7f4dca68e000-7f4dcb2e2000 r-xp 00000000 103:05 7878                      /usr/lib/jvm/java-8-openjdk-amd64/jre/lib/amd64/server/libjvm.so
7f4dcb2e2000-7f4dcb4e2000 ---p 00c54000 103:05 7878                      /usr/lib/jvm/java-8-openjdk-amd64/jre/lib/amd64/server/libjvm.so
7f4dcb4e2000-7f4dcb575000 r--p 00c54000 103:05 7878                      /usr/lib/jvm/java-8-openjdk-amd64/jre/lib/amd64/server/libjvm.so
7f4dcb575000-7f4dcb59e000 rw-p 00ce7000 103:05 7878                      /usr/lib/jvm/java-8-openjdk-amd64/jre/lib/amd64/server/libjvm.so
7f4dcb59e000-7f4dcb5ce000 rw-p 00000000 00:00 0 
7f4dcb5ce000-7f4dcb5e6000 r-xp 00000000 103:05 274792                    /lib/x86_64-linux-gnu/libpthread-2.23.so
7f4dcb5e6000-7f4dcb7e5000 ---p 00018000 103:05 274792                    /lib/x86_64-linux-gnu/libpthread-2.23.so
7f4dcb7e5000-7f4dcb7e6000 r--p 00017000 103:05 274792                    /lib/x86_64-linux-gnu/libpthread-2.23.so
7f4dcb7e6000-7f4dcb7e7000 rw-p 00018000 103:05 274792                    /lib/x86_64-linux-gnu/libpthread-2.23.so
7f4dcb7e7000-7f4dcb7eb000 rw-p 00000000 00:00 0 
7f4dcb7eb000-7f4dcb7ee000 r-xp 00000000 103:05 274798                    /lib/x86_64-linux-gnu/libdl-2.23.so
7f4dcb7ee000-7f4dcb9ed000 ---p 00003000 103:05 274798                    /lib/x86_64-linux-gnu/libdl-2.23.so
7f4dcb9ed000-7f4dcb9ee000 r--p 00002000 103:05 274798                    /lib/x86_64-linux-gnu/libdl-2.23.so
7f4dcb9ee000-7f4dcb9ef000 rw-p 00003000 103:05 274798                    /lib/x86_64-linux-gnu/libdl-2.23.so
7f4dcb9ef000-7f4dcba08000 r-xp 00000000 103:05 290849                    /lib/x86_64-linux-gnu/libz.so.1.2.8
7f4dcba08000-7f4dcbc07000 ---p 00019000 103:05 290849                    /lib/x86_64-linux-gnu/libz.so.1.2.8
7f4dcbc07000-7f4dcbc08000 r--p 00018000 103:05 290849                    /lib/x86_64-linux-gnu/libz.so.1.2.8
7f4dcbc08000-7f4dcbc09000 rw-p 00019000 103:05 290849                    /lib/x86_64-linux-gnu/libz.so.1.2.8
7f4dcbc09000-7f4dcbdc9000 r-xp 00000000 103:05 274809                    /lib/x86_64-linux-gnu/libc-2.23.so
7f4dcbdc9000-7f4dcbfc9000 ---p 001c0000 103:05 274809                    /lib/x86_64-linux-gnu/libc-2.23.so
7f4dcbfc9000-7f4dcbfcd000 r--p 001c0000 103:05 274809                    /lib/x86_64-linux-gnu/libc-2.23.so
7f4dcbfcd000-7f4dcbfcf000 rw-p 001c4000 103:05 274809                    /lib/x86_64-linux-gnu/libc-2.23.so
7f4dcbfcf000-7f4dcbfd3000 rw-p 00000000 00:00 0 
7f4dcbfd3000-7f4dcbfe0000 r-xp 00000000 103:05 7871                      /usr/lib/jvm/java-8-openjdk-amd64/jre/lib/amd64/jli/libjli.so
7f4dcbfe0000-7f4dcc1e0000 ---p 0000d000 103:05 7871                      /usr/lib/jvm/java-8-openjdk-amd64/jre/lib/amd64/jli/libjli.so
7f4dcc1e0000-7f4dcc1e1000 r--p 0000d000 103:05 7871                      /usr/lib/jvm/java-8-openjdk-amd64/jre/lib/amd64/jli/libjli.so
7f4dcc1e1000-7f4dcc1e2000 rw-p 0000e000 103:05 7871                      /usr/lib/jvm/java-8-openjdk-amd64/jre/lib/amd64/jli/libjli.so
7f4dcc1e2000-7f4dcc208000 r-xp 00000000 103:05 268425                    /lib/x86_64-linux-gnu/ld-2.23.so
7f4dcc2e3000-7f4dcc2e6000 ---p 00000000 00:00 0 
7f4dcc2e6000-7f4dcc3e9000 rw-p 00000000 00:00 0 
7f4dcc3fb000-7f4dcc403000 rw-s 00000000 103:05 317234                    /tmp/hsperfdata_abu/13333
7f4dcc403000-7f4dcc404000 rw-p 00000000 00:00 0 
7f4dcc404000-7f4dcc405000 r--p 00000000 00:00 0 
7f4dcc405000-7f4dcc407000 rw-p 00000000 00:00 0 
7f4dcc407000-7f4dcc408000 r--p 00025000 103:05 268425                    /lib/x86_64-linux-gnu/ld-2.23.so
7f4dcc408000-7f4dcc409000 rw-p 00026000 103:05 268425                    /lib/x86_64-linux-gnu/ld-2.23.so
7f4dcc409000-7f4dcc40a000 rw-p 00000000 00:00 0 
7ffed5981000-7ffed59a3000 rw-p 00000000 00:00 0                          [stack]
7ffed59f6000-7ffed59f8000 r--p 00000000 00:00 0                          [vvar]
7ffed59f8000-7ffed59fa000 r-xp 00000000 00:00 0                          [vdso]
ffffffffff600000-ffffffffff601000 r-xp 00000000 00:00 0                  [vsyscall]

VM Arguments:
jvm_args: -Dorg.gradle.appname=gradlew 
java_command: org.gradle.wrapper.GradleWrapperMain buildapk -PcompileSdk=android-25 -PtargetSdk=25 -PbuildToolsVersion=25.0.3 -PsupportVersion=25.3.1 -PgenerateTypings=false --quiet
java_class_path (initial): /home/abu/Documents/Personal/NativeScript/Groceries/SharePlate/platforms/android/gradle/wrapper/gradle-wrapper.jar
Launcher Type: SUN_STANDARD

Environment Variables:
PATH=/home/abu/miniconda2/bin:/home/abu/bin:/home/abu/.local/bin:/home/abu/home/abu/Documents/minizinc-2.1.4/bin:/usr/local/sbin:/usr/local/bin:/usr/sbin:/usr/bin:/sbin:/bin:/usr/games:/usr/local/games:/snap/bin:/home/abu/Android/Sdk/tools:/home/abu/Android/Sdk/tools
SHELL=/bin/bash
DISPLAY=:0

Signal Handlers:
SIGSEGV: [libjvm.so+0xa6ad10], sa_mask[0]=11111111011111111101111111111110, sa_flags=SA_RESTART|SA_SIGINFO
SIGBUS: [libjvm.so+0xa6ad10], sa_mask[0]=11111111011111111101111111111110, sa_flags=SA_RESTART|SA_SIGINFO
SIGFPE: [libjvm.so+0x8b3bc0], sa_mask[0]=11111111011111111101111111111110, sa_flags=SA_RESTART|SA_SIGINFO
SIGPIPE: [libjvm.so+0x8b3bc0], sa_mask[0]=11111111011111111101111111111110, sa_flags=SA_RESTART|SA_SIGINFO
SIGXFSZ: [libjvm.so+0x8b3bc0], sa_mask[0]=11111111011111111101111111111110, sa_flags=SA_RESTART|SA_SIGINFO
SIGILL: [libjvm.so+0x8b3bc0], sa_mask[0]=11111111011111111101111111111110, sa_flags=SA_RESTART|SA_SIGINFO
SIGUSR1: SIG_DFL, sa_mask[0]=00000000000000000000000000000000, sa_flags=none
SIGUSR2: [libjvm.so+0x8b3a70], sa_mask[0]=00000000000000000000000000000000, sa_flags=SA_RESTART|SA_SIGINFO
SIGHUP: SIG_DFL, sa_mask[0]=00000000000000000000000000000000, sa_flags=none
SIGINT: SIG_DFL, sa_mask[0]=00000000000000000000000000000000, sa_flags=none
SIGTERM: SIG_DFL, sa_mask[0]=00000000000000000000000000000000, sa_flags=none
SIGQUIT: SIG_DFL, sa_mask[0]=00000000000000000000000000000000, sa_flags=none


---------------  S Y S T E M  ---------------

OS:DISTRIB_ID=Ubuntu
DISTRIB_RELEASE=16.04
DISTRIB_CODENAME=xenial
DISTRIB_DESCRIPTION="Ubuntu 16.04.2 LTS"

uname:Linux 4.10.0-33-generic #37~16.04.1-Ubuntu SMP Fri Aug 11 14:07:24 UTC 2017 x86_64
libc:glibc 2.23 NPTL 2.23 
rlimit: STACK 8192k, CORE 0k, NPROC 29876, NOFILE 65536, AS infinity
load average:2.41 2.03 1.60

/proc/meminfo:
MemTotal:        8010160 kB
MemFree:          142032 kB
MemAvailable:      46304 kB
Buffers:            3208 kB
Cached:          1710256 kB
SwapCached:            0 kB
Active:          5911932 kB
Inactive:        1681136 kB
Active(anon):    5890084 kB
Inactive(anon):  1659828 kB
Active(file):      21848 kB
Inactive(file):    21308 kB
Unevictable:         196 kB
Mlocked:             196 kB
SwapTotal:             0 kB
SwapFree:              0 kB
Dirty:               392 kB
Writeback:             0 kB
AnonPages:       5880224 kB
Mapped:           451308 kB
Shmem:           1669988 kB
Slab:             101948 kB
SReclaimable:      47568 kB
SUnreclaim:        54380 kB
KernelStack:       13392 kB
PageTables:        71628 kB
NFS_Unstable:          0 kB
Bounce:                0 kB
WritebackTmp:          0 kB
CommitLimit:     4005080 kB
Committed_AS:   15746740 kB
VmallocTotal:   34359738367 kB
VmallocUsed:           0 kB
VmallocChunk:          0 kB
HardwareCorrupted:     0 kB
AnonHugePages:   1961984 kB
ShmemHugePages:        0 kB
ShmemPmdMapped:        0 kB
CmaTotal:              0 kB
CmaFree:               0 kB
HugePages_Total:       0
HugePages_Free:        0
HugePages_Rsvd:        0
HugePages_Surp:        0
Hugepagesize:       2048 kB
DirectMap4k:      198920 kB
DirectMap2M:     8028160 kB
DirectMap1G:     1048576 kB


CPU:total 4 (initial active 4) (2 cores per cpu, 2 threads per core) family 6 model 78 stepping 3, cmov, cx8, fxsr, mmx, sse, sse2, sse3, ssse3, sse4.1, sse4.2, popcnt, avx, avx2, aes, clmul, erms, 3dnowpref, lzcnt, ht, tsc, tscinvbit, bmi1, bmi2, adx

/proc/cpuinfo:
processor	: 0
vendor_id	: GenuineIntel
cpu family	: 6
model		: 78
model name	: Intel(R) Core(TM) i7-6560U CPU @ 2.20GHz
stepping	: 3
microcode	: 0x6a
cpu MHz		: 2149.914
cache size	: 4096 KB
physical id	: 0
siblings	: 4
core id		: 0
cpu cores	: 2
apicid		: 0
initial apicid	: 0
fpu		: yes
fpu_exception	: yes
cpuid level	: 22
wp		: yes
flags		: fpu vme de pse tsc msr pae mce cx8 apic sep mtrr pge mca cmov pat pse36 clflush dts acpi mmx fxsr sse sse2 ss ht tm pbe syscall nx pdpe1gb rdtscp lm constant_tsc art arch_perfmon pebs bts rep_good nopl xtopology nonstop_tsc aperfmperf tsc_known_freq pni pclmulqdq dtes64 monitor ds_cpl vmx est tm2 ssse3 sdbg fma cx16 xtpr pdcm pcid sse4_1 sse4_2 x2apic movbe popcnt tsc_deadline_timer aes xsave avx f16c rdrand lahf_lm abm 3dnowprefetch epb intel_pt tpr_shadow vnmi flexpriority ept vpid fsgsbase tsc_adjust bmi1 avx2 smep bmi2 erms invpcid mpx rdseed adx smap clflushopt xsaveopt xsavec xgetbv1 xsaves dtherm ida arat pln pts hwp hwp_notify hwp_act_window hwp_epp
bugs		:
bogomips	: 4416.00
clflush size	: 64
cache_alignment	: 64
address sizes	: 39 bits physical, 48 bits virtual
power management:

processor	: 1
vendor_id	: GenuineIntel
cpu family	: 6
model		: 78
model name	: Intel(R) Core(TM) i7-6560U CPU @ 2.20GHz
stepping	: 3
microcode	: 0x6a
cpu MHz		: 872.399
cache size	: 4096 KB
physical id	: 0
siblings	: 4
core id		: 1
cpu cores	: 2
apicid		: 2
initial apicid	: 2
fpu		: yes
fpu_exception	: yes
cpuid level	: 22
wp		: yes
flags		: fpu vme de pse tsc msr pae mce cx8 apic sep mtrr pge mca cmov pat pse36 clflush dts acpi mmx fxsr sse sse2 ss ht tm pbe syscall nx pdpe1gb rdtscp lm constant_tsc art arch_perfmon pebs bts rep_good nopl xtopology nonstop_tsc aperfmperf tsc_known_freq pni pclmulqdq dtes64 monitor ds_cpl vmx est tm2 ssse3 sdbg fma cx16 xtpr pdcm pcid sse4_1 sse4_2 x2apic movbe popcnt tsc_deadline_timer aes xsave avx f16c rdrand lahf_lm abm 3dnowprefetch epb intel_pt tpr_shadow vnmi flexpriority ept vpid fsgsbase tsc_adjust bmi1 avx2 smep bmi2 erms invpcid mpx rdseed adx smap clflushopt xsaveopt xsavec xgetbv1 xsaves dtherm ida arat pln pts hwp hwp_notify hwp_act_window hwp_epp
bugs		:
bogomips	: 4416.00
clflush size	: 64
cache_alignment	: 64
address sizes	: 39 bits physical, 48 bits virtual
power management:

processor	: 2
vendor_id	: GenuineIntel
cpu family	: 6
model		: 78
model name	: Intel(R) Core(TM) i7-6560U CPU @ 2.20GHz
stepping	: 3
microcode	: 0x6a
cpu MHz		: 744.567
cache size	: 4096 KB
physical id	: 0
siblings	: 4
core id		: 0
cpu cores	: 2
apicid		: 1
initial apicid	: 1
fpu		: yes
fpu_exception	: yes
cpuid level	: 22
wp		: yes
flags		: fpu vme de pse tsc msr pae mce cx8 apic sep mtrr pge mca cmov pat pse36 clflush dts acpi mmx fxsr sse sse2 ss ht tm pbe syscall nx pdpe1gb rdtscp lm constant_tsc art arch_perfmon pebs bts rep_good nopl xtopology nonstop_tsc aperfmperf tsc_known_freq pni pclmulqdq dtes64 monitor ds_cpl vmx est tm2 ssse3 sdbg fma cx16 xtpr pdcm pcid sse4_1 sse4_2 x2apic movbe popcnt tsc_deadline_timer aes xsave avx f16c rdrand lahf_lm abm 3dnowprefetch epb intel_pt tpr_shadow vnmi flexpriority ept vpid fsgsbase tsc_adjust bmi1 avx2 smep bmi2 erms invpcid mpx rdseed adx smap clflushopt xsaveopt xsavec xgetbv1 xsaves dtherm ida arat pln pts hwp hwp_notify hwp_act_window hwp_epp
bugs		:
bogomips	: 4416.00
clflush size	: 64
cache_alignment	: 64
address sizes	: 39 bits physical, 48 bits virtual
power management:

processor	: 3
vendor_id	: GenuineIntel
cpu family	: 6
model		: 78
model name	: Intel(R) Core(TM) i7-6560U CPU @ 2.20GHz
stepping	: 3
microcode	: 0x6a
cpu MHz		: 1821.875
cache size	: 4096 KB
physical id	: 0
siblings	: 4
core id		: 1
cpu cores	: 2
apicid		: 3
initial apicid	: 3
fpu		: yes
fpu_exception	: yes
cpuid level	: 22
wp		: yes
flags		: fpu vme de pse tsc msr pae mce cx8 apic sep mtrr pge mca cmov pat pse36 clflush dts acpi mmx fxsr sse sse2 ss ht tm pbe syscall nx pdpe1gb rdtscp lm constant_tsc art arch_perfmon pebs bts rep_good nopl xtopology nonstop_tsc aperfmperf tsc_known_freq pni pclmulqdq dtes64 monitor ds_cpl vmx est tm2 ssse3 sdbg fma cx16 xtpr pdcm pcid sse4_1 sse4_2 x2apic movbe popcnt tsc_deadline_timer aes xsave avx f16c rdrand lahf_lm abm 3dnowprefetch epb intel_pt tpr_shadow vnmi flexpriority ept vpid fsgsbase tsc_adjust bmi1 avx2 smep bmi2 erms invpcid mpx rdseed adx smap clflushopt xsaveopt xsavec xgetbv1 xsaves dtherm ida arat pln pts hwp hwp_notify hwp_act_window hwp_epp
bugs		:
bogomips	: 4416.00
clflush size	: 64
cache_alignment	: 64
address sizes	: 39 bits physical, 48 bits virtual
power management:



Memory: 4k page, physical 8010160k(141784k free), swap 0k(0k free)

vm_info: OpenJDK 64-Bit Server VM (25.131-b11) for linux-amd64 JRE (1.8.0_131-8u131-b11-2ubuntu1.16.04.3-b11), built on Jul 28 2017 01:23:32 by "buildd" with gcc 5.4.0 20160609

time: Thu Sep 14 18:25:53 2017
elapsed time: 0 seconds (0d 0h 0m 0s)

