#
# There is insufficient memory for the Java Runtime Environment to continue.
# Native memory allocation (mmap) failed to map 32505856 bytes for committing reserved memory.
# Possible reasons:
#   The system is out of physical RAM or swap space
#   In 32 bit mode, the process size limit was hit
# Possible solutions:
#   Reduce memory load on the system
#   Increase physical memory or swap space
#   Check if swap backing store is full
#   Use 64 bit Java on a 64 bit OS
#   Decrease Java heap size (-Xmx/-Xms)
#   Decrease number of Java threads
#   Decrease Java thread stack sizes (-Xss)
#   Set larger code cache with -XX:ReservedCodeCacheSize=
# This output file may be truncated or incomplete.
#
#  Out of Memory Error (os_linux.cpp:2643), pid=13393, tid=0x00007f09141af700
#
# JRE version: OpenJDK Runtime Environment (8.0_131-b11) (build 1.8.0_131-8u131-b11-2ubuntu1.16.04.3-b11)
# Java VM: OpenJDK 64-Bit Server VM (25.131-b11 mixed mode linux-amd64 compressed oops)
# Failed to write core dump. Core dumps have been disabled. To enable core dumping, try "ulimit -c unlimited" before starting Java again
#

---------------  T H R E A D  ---------------

Current thread (0x00007f0924077800):  VMThread [stack: 0x00007f09140af000,0x00007f09141b0000] [id=13422]

Stack: [0x00007f09140af000,0x00007f09141b0000],  sp=0x00007f09141ae4c0,  free space=1021k
Native frames: (J=compiled Java code, j=interpreted, Vv=VM code, C=native code)
V  [libjvm.so+0xa6a1bb]
V  [libjvm.so+0x4c5a6c]
V  [libjvm.so+0x8b85a0]
V  [libjvm.so+0x8b2a1e]
V  [libjvm.so+0x92d556]
V  [libjvm.so+0x92e883]
V  [libjvm.so+0x92af33]
V  [libjvm.so+0x92b1fc]
V  [libjvm.so+0x8dd093]
V  [libjvm.so+0xa6be72]
V  [libjvm.so+0xa70f57]
V  [libjvm.so+0xa6e727]
V  [libjvm.so+0xa6fbaf]
V  [libjvm.so+0xa700a1]
V  [libjvm.so+0x8b5a82]

VM_Operation (0x00007f092d4527b0): ParallelGCFailedAllocation, mode: safepoint, requested by thread 0x00007f092400a000


---------------  P R O C E S S  ---------------

Java Threads: ( => current thread )
  0x00007f09240d9800 JavaThread "Service Thread" daemon [_thread_blocked, id=13429, stack(0x00007f0907823000,0x00007f0907924000)]
  0x00007f09240b2000 JavaThread "C1 CompilerThread2" daemon [_thread_blocked, id=13428, stack(0x00007f0907924000,0x00007f0907a25000)]
  0x00007f09240b0000 JavaThread "C2 CompilerThread1" daemon [_thread_blocked, id=13427, stack(0x00007f0907a25000,0x00007f0907b26000)]
  0x00007f09240ad000 JavaThread "C2 CompilerThread0" daemon [_thread_blocked, id=13426, stack(0x00007f0907b26000,0x00007f0907c27000)]
  0x00007f09240ab000 JavaThread "Signal Dispatcher" daemon [_thread_blocked, id=13425, stack(0x00007f0907c27000,0x00007f0907d28000)]
  0x00007f0924083800 JavaThread "Finalizer" daemon [_thread_blocked, id=13424, stack(0x00007f090c0de000,0x00007f090c1df000)]
  0x00007f092407f000 JavaThread "Reference Handler" daemon [_thread_blocked, id=13423, stack(0x00007f090c1df000,0x00007f090c2e0000)]
  0x00007f092400a000 JavaThread "main" [_thread_blocked, id=13417, stack(0x00007f092d356000,0x00007f092d457000)]

Other Threads:
=>0x00007f0924077800 VMThread [stack: 0x00007f09140af000,0x00007f09141b0000] [id=13422]
  0x00007f09240e4000 WatcherThread [stack: 0x00007f0907722000,0x00007f0907823000] [id=13430]

VM state:at safepoint (normal execution)

VM Mutex/Monitor currently owned by a thread:  ([mutex/lock_event])
[0x00007f0924006310] Threads_lock - owner thread: 0x00007f0924077800
[0x00007f0924006810] Heap_lock - owner thread: 0x00007f092400a000

Heap:
 PSYoungGen      total 36864K, used 5115K [0x00000000d7400000, 0x00000000d9d00000, 0x0000000100000000)
  eden space 31744K, 0% used [0x00000000d7400000,0x00000000d7400000,0x00000000d9300000)
  from space 5120K, 99% used [0x00000000d9300000,0x00000000d97fee40,0x00000000d9800000)
  to   space 5120K, 0% used [0x00000000d9800000,0x00000000d9800000,0x00000000d9d00000)
 ParOldGen       total 84992K, used 60K [0x0000000085c00000, 0x000000008af00000, 0x00000000d7400000)
  object space 84992K, 0% used [0x0000000085c00000,0x0000000085c0f090,0x000000008af00000)
 Metaspace       used 8377K, capacity 8544K, committed 8576K, reserved 1056768K
  class space    used 1073K, capacity 1120K, committed 1152K, reserved 1048576K

Card table byte_map: [0x00007f092963c000,0x00007f0929a0f000] byte_map_base: 0x00007f092920e000

Marking Bits: (ParMarkBitMap*) 0x00007f092c6242c0
 Begin Bits: [0x00007f090c2e0000, 0x00007f090e170000)
 End Bits:   [0x00007f090e170000, 0x00007f0910000000)

Polling page: 0x00007f092d477000

CodeCache: size=245760Kb used=2470Kb max_used=2476Kb free=243289Kb
 bounds [0x00007f0915000000, 0x00007f0915270000, 0x00007f0924000000]
 total_blobs=870 nmethods=567 adapters=218
 compilation: enabled

Compilation events (10 events):
Event: 0.603 Thread 0x00007f09240b2000 nmethod 563 0x00007f091526bb90 code [0x00007f091526bd20, 0x00007f091526c0c8]
Event: 0.603 Thread 0x00007f09240b2000  564       3       java.util.LinkedHashMap::<init> (12 bytes)
Event: 0.603 Thread 0x00007f09240b2000 nmethod 564 0x00007f0915260290 code [0x00007f0915260400, 0x00007f09152605a8]
Event: 0.603 Thread 0x00007f09240b0000 nmethod 562 0x00007f091526a390 code [0x00007f091526a4e0, 0x00007f091526a5b8]
Event: 0.603 Thread 0x00007f09240b2000  565       3       java.util.LinkedHashSet::<init> (10 bytes)
Event: 0.604 Thread 0x00007f09240b2000 nmethod 565 0x00007f0915269b90 code [0x00007f0915269d40, 0x00007f091526a148]
Event: 0.604 Thread 0x00007f09240b2000  566       3       java.lang.String::trim (77 bytes)
Event: 0.604 Thread 0x00007f09240b2000 nmethod 566 0x00007f0915269410 code [0x00007f09152695a0, 0x00007f0915269a28]
Event: 0.604 Thread 0x00007f09240b2000  567       3       java.util.regex.Pattern::unread (11 bytes)
Event: 0.605 Thread 0x00007f09240b2000 nmethod 567 0x00007f0915269110 code [0x00007f0915269260, 0x00007f09152693b0]

GC Heap History (1 events):
Event: 0.607 GC heap before
{Heap before GC invocations=1 (full 0):
 PSYoungGen      total 36864K, used 31744K [0x00000000d7400000, 0x00000000d9d00000, 0x0000000100000000)
  eden space 31744K, 100% used [0x00000000d7400000,0x00000000d9300000,0x00000000d9300000)
  from space 5120K, 0% used [0x00000000d9800000,0x00000000d9800000,0x00000000d9d00000)
  to   space 5120K, 0% used [0x00000000d9300000,0x00000000d9300000,0x00000000d9800000)
 ParOldGen       total 84992K, used 0K [0x0000000085c00000, 0x000000008af00000, 0x00000000d7400000)
  object space 84992K, 0% used [0x0000000085c00000,0x0000000085c00000,0x000000008af00000)
 Metaspace       used 8377K, capacity 8544K, committed 8576K, reserved 1056768K
  class space    used 1073K, capacity 1120K, committed 1152K, reserved 1048576K

Deoptimization events (1 events):
Event: 0.305 Thread 0x00007f092400a000 Uncommon trap: reason=unstable_if action=reinterpret pc=0x00007f09151b7158 method=java.lang.String.replace(CC)Ljava/lang/String; @ 26

Internal exceptions (10 events):
Event: 0.256 Thread 0x00007f092400a000 Exception <a 'java/lang/ArrayIndexOutOfBoundsException': 18> (0x00000000d7c15200) thrown at [/build/openjdk-8-pZyJp3/openjdk-8-8u131-b11/src/hotspot/src/share/vm/interpreter/interpreterRuntime.cpp, line 366]
Event: 0.256 Thread 0x00007f092400a000 Exception <a 'java/lang/ArrayIndexOutOfBoundsException': 40> (0x00000000d7c15e30) thrown at [/build/openjdk-8-pZyJp3/openjdk-8-8u131-b11/src/hotspot/src/share/vm/interpreter/interpreterRuntime.cpp, line 366]
Event: 0.348 Thread 0x00007f092400a000 Exception <a 'java/lang/ArrayIndexOutOfBoundsException'> (0x00000000d80c3db8) thrown at [/build/openjdk-8-pZyJp3/openjdk-8-8u131-b11/src/hotspot/src/share/vm/runtime/sharedRuntime.cpp, line 605]
Event: 0.348 Thread 0x00007f092400a000 Exception <a 'java/lang/ArrayIndexOutOfBoundsException'> (0x00000000d80c4c78) thrown at [/build/openjdk-8-pZyJp3/openjdk-8-8u131-b11/src/hotspot/src/share/vm/runtime/sharedRuntime.cpp, line 605]
Event: 0.358 Thread 0x00007f092400a000 Exception <a 'java/security/PrivilegedActionException'> (0x00000000d8136648) thrown at [/build/openjdk-8-pZyJp3/openjdk-8-8u131-b11/src/hotspot/src/share/vm/prims/jvm.cpp, line 1390]
Event: 0.358 Thread 0x00007f092400a000 Exception <a 'java/security/PrivilegedActionException'> (0x00000000d8136a40) thrown at [/build/openjdk-8-pZyJp3/openjdk-8-8u131-b11/src/hotspot/src/share/vm/prims/jvm.cpp, line 1390]
Event: 0.524 Thread 0x00007f092400a000 Exception <a 'java/lang/ArrayIndexOutOfBoundsException'> (0x00000000d8c3bfa8) thrown at [/build/openjdk-8-pZyJp3/openjdk-8-8u131-b11/src/hotspot/src/share/vm/runtime/sharedRuntime.cpp, line 605]
Event: 0.524 Thread 0x00007f092400a000 Exception <a 'java/lang/ArrayIndexOutOfBoundsException'> (0x00000000d8c3dd30) thrown at [/build/openjdk-8-pZyJp3/openjdk-8-8u131-b11/src/hotspot/src/share/vm/runtime/sharedRuntime.cpp, line 605]
Event: 0.524 Thread 0x00007f092400a000 Exception <a 'java/lang/ArrayIndexOutOfBoundsException'> (0x00000000d8c3f980) thrown at [/build/openjdk-8-pZyJp3/openjdk-8-8u131-b11/src/hotspot/src/share/vm/runtime/sharedRuntime.cpp, line 605]
Event: 0.524 Thread 0x00007f092400a000 Exception <a 'java/lang/ArrayIndexOutOfBoundsException'> (0x00000000d8c40bd0) thrown at [/build/openjdk-8-pZyJp3/openjdk-8-8u131-b11/src/hotspot/src/share/vm/runtime/sharedRuntime.cpp, line 605]

Events (10 events):
Event: 0.582 loading class groovy/lang/GroovySystem done
Event: 0.583 loading class groovy/lang/MetaClass
Event: 0.583 loading class groovy/lang/MetaClass done
Event: 0.583 loading class groovy/lang/MetaObjectProtocol
Event: 0.583 loading class groovy/lang/MetaObjectProtocol done
Event: 0.584 loading class org/gradle/util/GUtil
Event: 0.584 loading class org/gradle/util/GUtil done
Event: 0.585 loading class org/gradle/api/internal/classpath/DefaultModuleRegistry$DefaultModule
Event: 0.585 loading class org/gradle/api/internal/classpath/DefaultModuleRegistry$DefaultModule done
Event: 0.606 Executing VM operation: ParallelGCFailedAllocation


Dynamic libraries:
00400000-00401000 r-xp 00000000 103:05 46687                             /usr/lib/jvm/java-8-openjdk-amd64/jre/bin/java
00600000-00601000 r--p 00000000 103:05 46687                             /usr/lib/jvm/java-8-openjdk-amd64/jre/bin/java
00601000-00602000 rw-p 00001000 103:05 46687                             /usr/lib/jvm/java-8-openjdk-amd64/jre/bin/java
01286000-012a7000 rw-p 00000000 00:00 0                                  [heap]
85c00000-8af00000 rw-p 00000000 00:00 0 
8af00000-d7400000 ---p 00000000 00:00 0 
d7400000-d9d00000 rw-p 00000000 00:00 0 
dbc00000-100000000 ---p 00000000 00:00 0 
100000000-100120000 rw-p 00000000 00:00 0 
100120000-140000000 ---p 00000000 00:00 0 
7f08d8000000-7f08d8021000 rw-p 00000000 00:00 0 
7f08d8021000-7f08dc000000 ---p 00000000 00:00 0 
7f08dc000000-7f08dc021000 rw-p 00000000 00:00 0 
7f08dc021000-7f08e0000000 ---p 00000000 00:00 0 
7f08e0000000-7f08e01a7000 rw-p 00000000 00:00 0 
7f08e01a7000-7f08e4000000 ---p 00000000 00:00 0 
7f08e4000000-7f08e4181000 rw-p 00000000 00:00 0 
7f08e4181000-7f08e8000000 ---p 00000000 00:00 0 
7f08e8000000-7f08e8021000 rw-p 00000000 00:00 0 
7f08e8021000-7f08ec000000 ---p 00000000 00:00 0 
7f08ec000000-7f08ec119000 rw-p 00000000 00:00 0 
7f08ec119000-7f08f0000000 ---p 00000000 00:00 0 
7f08f0000000-7f08f0021000 rw-p 00000000 00:00 0 
7f08f0021000-7f08f4000000 ---p 00000000 00:00 0 
7f08f4000000-7f08f4021000 rw-p 00000000 00:00 0 
7f08f4021000-7f08f8000000 ---p 00000000 00:00 0 
7f08f8000000-7f08f8021000 rw-p 00000000 00:00 0 
7f08f8021000-7f08fc000000 ---p 00000000 00:00 0 
7f08fc000000-7f08fc021000 rw-p 00000000 00:00 0 
7f08fc021000-7f0900000000 ---p 00000000 00:00 0 
7f0900000000-7f0900021000 rw-p 00000000 00:00 0 
7f0900021000-7f0904000000 ---p 00000000 00:00 0 
7f0906154000-7f090615d000 r-xp 00000000 103:05 7882                      /usr/lib/jvm/java-8-openjdk-amd64/jre/lib/amd64/libmanagement.so
7f090615d000-7f090635c000 ---p 00009000 103:05 7882                      /usr/lib/jvm/java-8-openjdk-amd64/jre/lib/amd64/libmanagement.so
7f090635c000-7f090635d000 r--p 00008000 103:05 7882                      /usr/lib/jvm/java-8-openjdk-amd64/jre/lib/amd64/libmanagement.so
7f090635d000-7f090635e000 rw-p 00009000 103:05 7882                      /usr/lib/jvm/java-8-openjdk-amd64/jre/lib/amd64/libmanagement.so
7f090635e000-7f090635f000 r-xp 00000000 103:06 1708546                   /home/abu/.gradle/native/jansi/1.14/linux64/libjansi.so
7f090635f000-7f090655e000 ---p 00001000 103:06 1708546                   /home/abu/.gradle/native/jansi/1.14/linux64/libjansi.so
7f090655e000-7f090655f000 rw-p 00000000 103:06 1708546                   /home/abu/.gradle/native/jansi/1.14/linux64/libjansi.so
7f090655f000-7f0906584000 r-xp 00000000 103:05 268505                    /lib/x86_64-linux-gnu/libtinfo.so.5.9
7f0906584000-7f0906783000 ---p 00025000 103:05 268505                    /lib/x86_64-linux-gnu/libtinfo.so.5.9
7f0906783000-7f0906787000 r--p 00024000 103:05 268505                    /lib/x86_64-linux-gnu/libtinfo.so.5.9
7f0906787000-7f0906788000 rw-p 00028000 103:05 268505                    /lib/x86_64-linux-gnu/libtinfo.so.5.9
7f0906788000-7f09067a9000 r-xp 00000000 103:05 268413                    /lib/x86_64-linux-gnu/libncurses.so.5.9
7f09067a9000-7f09069a8000 ---p 00021000 103:05 268413                    /lib/x86_64-linux-gnu/libncurses.so.5.9
7f09069a8000-7f09069a9000 r--p 00020000 103:05 268413                    /lib/x86_64-linux-gnu/libncurses.so.5.9
7f09069a9000-7f09069aa000 rw-p 00021000 103:05 268413                    /lib/x86_64-linux-gnu/libncurses.so.5.9
7f09069be000-7f09069bf000 r--p 00000000 103:05 410353                    /usr/share/locale-langpack/en_AU/LC_MESSAGES/libc.mo
7f09069bf000-7f09069c6000 r--s 00000000 103:05 790004                    /usr/lib/x86_64-linux-gnu/gconv/gconv-modules.cache
7f09069c6000-7f09069c9000 r-xp 00000000 103:06 1708704                   /home/abu/.gradle/native/23/linux-amd64-ncurses5/libnative-platform-curses.so
7f09069c9000-7f0906bc9000 ---p 00003000 103:06 1708704                   /home/abu/.gradle/native/23/linux-amd64-ncurses5/libnative-platform-curses.so
7f0906bc9000-7f0906bca000 rw-p 00003000 103:06 1708704                   /home/abu/.gradle/native/23/linux-amd64-ncurses5/libnative-platform-curses.so
7f0906bca000-7f0906bcf000 r-xp 00000000 103:06 1708542                   /home/abu/.gradle/native/23/linux-amd64/libnative-platform.so
7f0906bcf000-7f0906dce000 ---p 00005000 103:06 1708542                   /home/abu/.gradle/native/23/linux-amd64/libnative-platform.so
7f0906dce000-7f0906dcf000 rw-p 00004000 103:06 1708542                   /home/abu/.gradle/native/23/linux-amd64/libnative-platform.so
7f0906dcf000-7f0906dd0000 r--s 00006000 103:06 1704017                   /home/abu/.gradle/wrapper/dists/gradle-3.3-bin/64bhckfm0iuu9gap9hg3r7ev2/gradle-3.3/lib/gradle-wrapper-3.3.jar
7f0906dd0000-7f0906ddd000 r--s 00041000 103:06 1704024                   /home/abu/.gradle/wrapper/dists/gradle-3.3-bin/64bhckfm0iuu9gap9hg3r7ev2/gradle-3.3/lib/gradle-tooling-api-3.3.jar
7f0906ddd000-7f0906ddf000 r--s 00002000 103:06 1704044                   /home/abu/.gradle/wrapper/dists/gradle-3.3-bin/64bhckfm0iuu9gap9hg3r7ev2/gradle-3.3/lib/gradle-open-api-3.3.jar
7f0906ddf000-7f0906de5000 r--s 00032000 103:06 1704046                   /home/abu/.gradle/wrapper/dists/gradle-3.3-bin/64bhckfm0iuu9gap9hg3r7ev2/gradle-3.3/lib/jaxen-1.1.jar
7f0906de5000-7f0906dea000 r--s 00048000 103:06 1704045                   /home/abu/.gradle/wrapper/dists/gradle-3.3-bin/64bhckfm0iuu9gap9hg3r7ev2/gradle-3.3/lib/dom4j-1.6.1.jar
7f0906dea000-7f0906df5000 r--s 00059000 103:06 1704023                   /home/abu/.gradle/wrapper/dists/gradle-3.3-bin/64bhckfm0iuu9gap9hg3r7ev2/gradle-3.3/lib/gradle-ui-3.3.jar
7f0906df5000-7f0906dfe000 r--s 0008c000 103:06 1704015                   /home/abu/.gradle/wrapper/dists/gradle-3.3-bin/64bhckfm0iuu9gap9hg3r7ev2/gradle-3.3/lib/kotlin-stdlib-1.1-M02.jar
7f0906dfe000-7f0906e04000 r--s 0002a000 103:06 1704014                   /home/abu/.gradle/wrapper/dists/gradle-3.3-bin/64bhckfm0iuu9gap9hg3r7ev2/gradle-3.3/lib/kotlin-runtime-1.1-M02.jar
7f0906e04000-7f0906e38000 r--s 00256000 103:06 1704013                   /home/abu/.gradle/wrapper/dists/gradle-3.3-bin/64bhckfm0iuu9gap9hg3r7ev2/gradle-3.3/lib/kotlin-reflect-1.1-M02.jar
7f0906e38000-7f0906fce000 r--s 0157e000 103:06 1704012                   /home/abu/.gradle/wrapper/dists/gradle-3.3-bin/64bhckfm0iuu9gap9hg3r7ev2/gradle-3.3/lib/kotlin-compiler-embeddable-1.1-M02.jar
7f0906fce000-7f0906fd6000 r--s 0004e000 103:06 1704011                   /home/abu/.gradle/wrapper/dists/gradle-3.3-bin/64bhckfm0iuu9gap9hg3r7ev2/gradle-3.3/lib/gradle-script-kotlin-0.5.1.jar
7f0906fd6000-7f0906fd9000 r--s 0000b000 103:06 1704042                   /home/abu/.gradle/wrapper/dists/gradle-3.3-bin/64bhckfm0iuu9gap9hg3r7ev2/gradle-3.3/lib/gradle-resources-3.3.jar
7f0906fd9000-7f0906fdb000 r--s 00003000 103:06 1704057                   /home/abu/.gradle/wrapper/dists/gradle-3.3-bin/64bhckfm0iuu9gap9hg3r7ev2/gradle-3.3/lib/jcl-over-slf4j-1.7.10.jar
7f0906fdb000-7f0906fdc000 r--s 00005000 103:06 1704050                   /home/abu/.gradle/wrapper/dists/gradle-3.3-bin/64bhckfm0iuu9gap9hg3r7ev2/gradle-3.3/lib/log4j-over-slf4j-1.7.10.jar
7f0906fdc000-7f0906fde000 r--s 00000000 103:06 1704049                   /home/abu/.gradle/wrapper/dists/gradle-3.3-bin/64bhckfm0iuu9gap9hg3r7ev2/gradle-3.3/lib/jul-to-slf4j-1.7.10.jar
7f0906fde000-7f0906fe3000 r--s 0001e000 103:06 1704026                   /home/abu/.gradle/wrapper/dists/gradle-3.3-bin/64bhckfm0iuu9gap9hg3r7ev2/gradle-3.3/lib/gradle-logging-3.3.jar
7f0906fe3000-7f0906fe5000 r--s 00007000 103:06 1707862                   /home/abu/.gradle/wrapper/dists/gradle-3.3-bin/64bhckfm0iuu9gap9hg3r7ev2/gradle-3.3/lib/objenesis-1.2.jar
7f0906fe5000-7f0906fe7000 r--s 00000000 103:06 1707861                   /home/abu/.gradle/wrapper/dists/gradle-3.3-bin/64bhckfm0iuu9gap9hg3r7ev2/gradle-3.3/lib/minlog-1.2.jar
7f0906fe7000-7f0906fe9000 r--s 0000f000 103:06 1707860                   /home/abu/.gradle/wrapper/dists/gradle-3.3-bin/64bhckfm0iuu9gap9hg3r7ev2/gradle-3.3/lib/reflectasm-1.07-shaded.jar
7f0906fe9000-7f0906fed000 r--s 00026000 103:06 1704059                   /home/abu/.gradle/wrapper/dists/gradle-3.3-bin/64bhckfm0iuu9gap9hg3r7ev2/gradle-3.3/lib/kryo-2.20.jar
7f0906fed000-7f0906ff3000 r--s 00027000 103:06 1704041                   /home/abu/.gradle/wrapper/dists/gradle-3.3-bin/64bhckfm0iuu9gap9hg3r7ev2/gradle-3.3/lib/gradle-messaging-3.3.jar
7f0906ff3000-7f0906ff4000 r--s 00001000 103:06 1707859                   /home/abu/.gradle/wrapper/dists/gradle-3.3-bin/64bhckfm0iuu9gap9hg3r7ev2/gradle-3.3/lib/native-platform-linux-i386-ncurses6-0.12.jar
7f0906ff4000-7f0906ff5000 r--s 00001000 103:06 1707858                   /home/abu/.gradle/wrapper/dists/gradle-3.3-bin/64bhckfm0iuu9gap9hg3r7ev2/gradle-3.3/lib/native-platform-linux-i386-ncurses5-0.12.jar
7f0906ff5000-7f0906ff6000 r--s 00001000 103:06 1707857                   /home/abu/.gradle/wrapper/dists/gradle-3.3-bin/64bhckfm0iuu9gap9hg3r7ev2/gradle-3.3/lib/native-platform-linux-amd64-ncurses6-0.12.jar
7f0906ff6000-7f0907007000 r-xp 00000000 103:05 7870                      /usr/lib/jvm/java-8-openjdk-amd64/jre/lib/amd64/libnio.so
7f0907007000-7f0907207000 ---p 00011000 103:05 7870                      /usr/lib/jvm/java-8-openjdk-amd64/jre/lib/amd64/libnio.so
7f0907207000-7f0907208000 r--p 00011000 103:05 7870                      /usr/lib/jvm/java-8-openjdk-amd64/jre/lib/amd64/libnio.so
7f0907208000-7f0907209000 rw-p 00012000 103:05 7870                      /usr/lib/jvm/java-8-openjdk-amd64/jre/lib/amd64/libnio.so
7f0907209000-7f090750a000 rw-p 00000000 00:00 0 
7f090750a000-7f0907521000 r-xp 00000000 103:05 7888                      /usr/lib/jvm/java-8-openjdk-amd64/jre/lib/amd64/libnet.so
7f0907521000-7f0907720000 ---p 00017000 103:05 7888                      /usr/lib/jvm/java-8-openjdk-amd64/jre/lib/amd64/libnet.so
7f0907720000-7f0907721000 r--p 00016000 103:05 7888                      /usr/lib/jvm/java-8-openjdk-amd64/jre/lib/amd64/libnet.so
7f0907721000-7f0907722000 rw-p 00017000 103:05 7888                      /usr/lib/jvm/java-8-openjdk-amd64/jre/lib/amd64/libnet.so
7f0907722000-7f0907723000 ---p 00000000 00:00 0 
7f0907723000-7f0907823000 rw-p 00000000 00:00 0 
7f0907823000-7f0907826000 ---p 00000000 00:00 0 
7f0907826000-7f0907924000 rw-p 00000000 00:00 0 
7f0907924000-7f0907927000 ---p 00000000 00:00 0 
7f0907927000-7f0907a25000 rw-p 00000000 00:00 0 
7f0907a25000-7f0907a28000 ---p 00000000 00:00 0 
7f0907a28000-7f0907b26000 rw-p 00000000 00:00 0 
7f0907b26000-7f0907b29000 ---p 00000000 00:00 0 
7f0907b29000-7f0907c27000 rw-p 00000000 00:00 0 
7f0907c27000-7f0907c2a000 ---p 00000000 00:00 0 
7f0907c2a000-7f0907d28000 rw-p 00000000 00:00 0 
7f0907d28000-7f0908000000 r--p 00000000 103:05 569073                    /usr/lib/locale/locale-archive
7f0908000000-7f0908021000 rw-p 00000000 00:00 0 
7f0908021000-7f090c000000 ---p 00000000 00:00 0 
7f090c000000-7f090c001000 r--s 00001000 103:06 1707856                   /home/abu/.gradle/wrapper/dists/gradle-3.3-bin/64bhckfm0iuu9gap9hg3r7ev2/gradle-3.3/lib/native-platform-linux-amd64-ncurses5-0.12.jar
7f090c001000-7f090c002000 r--s 0000b000 103:06 1707855                   /home/abu/.gradle/wrapper/dists/gradle-3.3-bin/64bhckfm0iuu9gap9hg3r7ev2/gradle-3.3/lib/native-platform-windows-i386-0.12.jar
7f090c002000-7f090c004000 r--s 0000b000 103:06 1707854                   /home/abu/.gradle/wrapper/dists/gradle-3.3-bin/64bhckfm0iuu9gap9hg3r7ev2/gradle-3.3/lib/native-platform-windows-amd64-0.12.jar
7f090c004000-7f090c006000 r--s 00002000 103:06 1707853                   /home/abu/.gradle/wrapper/dists/gradle-3.3-bin/64bhckfm0iuu9gap9hg3r7ev2/gradle-3.3/lib/native-platform-osx-i386-0.12.jar
7f090c006000-7f090c007000 r--s 00002000 103:06 1707852                   /home/abu/.gradle/wrapper/dists/gradle-3.3-bin/64bhckfm0iuu9gap9hg3r7ev2/gradle-3.3/lib/native-platform-osx-amd64-0.12.jar
7f090c007000-7f090c008000 r--s 00002000 103:06 1707851                   /home/abu/.gradle/wrapper/dists/gradle-3.3-bin/64bhckfm0iuu9gap9hg3r7ev2/gradle-3.3/lib/native-platform-linux-i386-0.12.jar
7f090c008000-7f090c009000 r--s 00002000 103:06 1707850                   /home/abu/.gradle/wrapper/dists/gradle-3.3-bin/64bhckfm0iuu9gap9hg3r7ev2/gradle-3.3/lib/native-platform-linux-amd64-0.12.jar
7f090c009000-7f090c00a000 r--s 00003000 103:06 1707849                   /home/abu/.gradle/wrapper/dists/gradle-3.3-bin/64bhckfm0iuu9gap9hg3r7ev2/gradle-3.3/lib/native-platform-freebsd-i386-libstdcpp-0.12.jar
7f090c00a000-7f090c00b000 r--s 00004000 103:06 1707848                   /home/abu/.gradle/wrapper/dists/gradle-3.3-bin/64bhckfm0iuu9gap9hg3r7ev2/gradle-3.3/lib/native-platform-freebsd-i386-libcpp-0.12.jar
7f090c00b000-7f090c00d000 r--s 00003000 103:06 1704170                   /home/abu/.gradle/wrapper/dists/gradle-3.3-bin/64bhckfm0iuu9gap9hg3r7ev2/gradle-3.3/lib/native-platform-freebsd-amd64-libstdcpp-0.12.jar
7f090c00d000-7f090c00e000 r--s 00004000 103:06 1704060                   /home/abu/.gradle/wrapper/dists/gradle-3.3-bin/64bhckfm0iuu9gap9hg3r7ev2/gradle-3.3/lib/native-platform-freebsd-amd64-libcpp-0.12.jar
7f090c00e000-7f090c011000 r--s 00023000 103:06 1704048                   /home/abu/.gradle/wrapper/dists/gradle-3.3-bin/64bhckfm0iuu9gap9hg3r7ev2/gradle-3.3/lib/jansi-1.14.jar
7f090c011000-7f090c015000 r--s 00011000 103:06 1704047                   /home/abu/.gradle/wrapper/dists/gradle-3.3-bin/64bhckfm0iuu9gap9hg3r7ev2/gradle-3.3/lib/native-platform-0.12.jar
7f090c015000-7f090c018000 r--s 0000a000 103:06 1704025                   /home/abu/.gradle/wrapper/dists/gradle-3.3-bin/64bhckfm0iuu9gap9hg3r7ev2/gradle-3.3/lib/gradle-native-3.3.jar
7f090c018000-7f090c01a000 r--s 00005000 103:06 1704022                   /home/abu/.gradle/wrapper/dists/gradle-3.3-bin/64bhckfm0iuu9gap9hg3r7ev2/gradle-3.3/lib/gradle-cli-3.3.jar
7f090c01a000-7f090c01c000 r--s 00007000 103:06 1704033                   /home/abu/.gradle/wrapper/dists/gradle-3.3-bin/64bhckfm0iuu9gap9hg3r7ev2/gradle-3.3/lib/gradle-model-groovy-3.3.jar
7f090c01c000-7f090c01e000 r--s 00006000 103:06 1704040                   /home/abu/.gradle/wrapper/dists/gradle-3.3-bin/64bhckfm0iuu9gap9hg3r7ev2/gradle-3.3/lib/gradle-base-services-groovy-3.3.jar
7f090c01e000-7f090c02d000 r--s 0007f000 103:06 1704032                   /home/abu/.gradle/wrapper/dists/gradle-3.3-bin/64bhckfm0iuu9gap9hg3r7ev2/gradle-3.3/lib/gradle-model-core-3.3.jar
7f090c02d000-7f090c02e000 r--s 00002000 103:06 1704043                   /home/abu/.gradle/wrapper/dists/gradle-3.3-bin/64bhckfm0iuu9gap9hg3r7ev2/gradle-3.3/lib/gradle-docs-3.3.jar
7f090c02e000-7f090c02f000 r--s 00000000 103:06 1704039                   /home/abu/.gradle/wrapper/dists/gradle-3.3-bin/64bhckfm0iuu9gap9hg3r7ev2/gradle-3.3/lib/javax.inject-1.jar
7f090c02f000-7f090c030000 r--s 00000000 103:06 1704038                   /home/abu/.gradle/wrapper/dists/gradle-3.3-bin/64bhckfm0iuu9gap9hg3r7ev2/gradle-3.3/lib/jcip-annotations-1.0.jar
7f090c030000-7f090c034000 r--s 00027000 103:06 1704037                   /home/abu/.gradle/wrapper/dists/gradle-3.3-bin/64bhckfm0iuu9gap9hg3r7ev2/gradle-3.3/lib/commons-io-2.2.jar
7f090c034000-7f090c041000 r--s 00083000 103:06 1704036                   /home/abu/.gradle/wrapper/dists/gradle-3.3-bin/64bhckfm0iuu9gap9hg3r7ev2/gradle-3.3/lib/commons-collections-3.2.2.jar
7f090c041000-7f090c046000 r--s 00038000 103:06 1704034                   /home/abu/.gradle/wrapper/dists/gradle-3.3-bin/64bhckfm0iuu9gap9hg3r7ev2/gradle-3.3/lib/asm-all-5.1.jar
7f090c046000-7f090c0b6000 r--s 00641000 103:06 1704031                   /home/abu/.gradle/wrapper/dists/gradle-3.3-bin/64bhckfm0iuu9gap9hg3r7ev2/gradle-3.3/lib/groovy-all-2.4.7.jar
7f090c0b6000-7f090c0de000 r--s 001cf000 103:06 1704028                   /home/abu/.gradle/wrapper/dists/gradle-3.3-bin/64bhckfm0iuu9gap9hg3r7ev2/gradle-3.3/lib/guava-jdk5-17.0.jar
7f090c0de000-7f090c0e1000 ---p 00000000 00:00 0 
7f090c0e1000-7f090c1df000 rw-p 00000000 00:00 0 
7f090c1df000-7f090c1e2000 ---p 00000000 00:00 0 
7f090c1e2000-7f0910000000 rw-p 00000000 00:00 0 
7f0910000000-7f0910021000 rw-p 00000000 00:00 0 
7f0910021000-7f0914000000 ---p 00000000 00:00 0 
7f0914000000-7f0914002000 r--s 00000000 103:06 1704020                   /home/abu/.gradle/wrapper/dists/gradle-3.3-bin/64bhckfm0iuu9gap9hg3r7ev2/gradle-3.3/lib/gradle-jvm-services-3.3.jar
7f0914002000-7f0914007000 r--s 00041000 103:06 1704029                   /home/abu/.gradle/wrapper/dists/gradle-3.3-bin/64bhckfm0iuu9gap9hg3r7ev2/gradle-3.3/lib/commons-lang-2.6.jar
7f0914007000-7f0914026000 r--s 001d1000 103:06 1704035                   /home/abu/.gradle/wrapper/dists/gradle-3.3-bin/64bhckfm0iuu9gap9hg3r7ev2/gradle-3.3/lib/ant-1.9.6.jar
7f0914026000-7f091402f000 r--s 00042000 103:06 1704019                   /home/abu/.gradle/wrapper/dists/gradle-3.3-bin/64bhckfm0iuu9gap9hg3r7ev2/gradle-3.3/lib/gradle-base-services-3.3.jar
7f091402f000-7f091406c000 r--s 001f8000 103:06 1704021                   /home/abu/.gradle/wrapper/dists/gradle-3.3-bin/64bhckfm0iuu9gap9hg3r7ev2/gradle-3.3/lib/gradle-core-3.3.jar
7f091406c000-7f0914079000 r--s 0005c000 103:06 1704016                   /home/abu/.gradle/wrapper/dists/gradle-3.3-bin/64bhckfm0iuu9gap9hg3r7ev2/gradle-3.3/lib/gradle-launcher-3.3.jar
7f0914079000-7f0914094000 r--s 001d6000 103:05 7858                      /usr/lib/jvm/java-8-openjdk-amd64/jre/lib/ext/nashorn.jar
7f0914094000-7f09140af000 r--s 00394000 103:05 7857                      /usr/lib/jvm/java-8-openjdk-amd64/jre/lib/ext/cldrdata.jar
7f09140af000-7f09140b0000 ---p 00000000 00:00 0 
7f09140b0000-7f0915000000 rw-p 00000000 00:00 0 
7f0915000000-7f0915270000 rwxp 00000000 00:00 0 
7f0915270000-7f0924000000 ---p 00000000 00:00 0 
7f0924000000-7f092472a000 rw-p 00000000 00:00 0 
7f092472a000-7f0928000000 ---p 00000000 00:00 0 
7f0928000000-7f0928005000 r--s 0009a000 103:05 7867                      /usr/lib/jvm/java-8-openjdk-amd64/jre/lib/jsse.jar
7f0928005000-7f0928196000 rw-p 00000000 00:00 0 
7f0928196000-7f0928364000 r--s 03c13000 103:05 7856                      /usr/lib/jvm/java-8-openjdk-amd64/jre/lib/rt.jar
7f0928364000-7f0928b1a000 rw-p 00000000 00:00 0 
7f0928b1a000-7f0928bda000 ---p 00000000 00:00 0 
7f0928bda000-7f0928fac000 rw-p 00000000 00:00 0 
7f0928fac000-7f0928fad000 ---p 00000000 00:00 0 
7f0928fad000-7f09290ad000 rw-p 00000000 00:00 0 
7f09290ad000-7f09290ae000 ---p 00000000 00:00 0 
7f09290ae000-7f09291ae000 rw-p 00000000 00:00 0 
7f09291ae000-7f09291af000 ---p 00000000 00:00 0 
7f09291af000-7f09292af000 rw-p 00000000 00:00 0 
7f09292af000-7f09292b0000 ---p 00000000 00:00 0 
7f09292b0000-7f09293da000 rw-p 00000000 00:00 0 
7f09293da000-7f092963c000 ---p 00000000 00:00 0 
7f092963c000-7f0929666000 rw-p 00000000 00:00 0 
7f0929666000-7f09298c8000 ---p 00000000 00:00 0 
7f09298c8000-7f09298dd000 rw-p 00000000 00:00 0 
7f09298dd000-7f0929a0e000 ---p 00000000 00:00 0 
7f0929a0e000-7f0929a19000 rw-p 00000000 00:00 0 
7f0929a19000-7f0929dcf000 ---p 00000000 00:00 0 
7f0929dcf000-7f0929dd7000 r-xp 00000000 103:05 7879                      /usr/lib/jvm/java-8-openjdk-amd64/jre/lib/amd64/libzip.so
7f0929dd7000-7f0929fd6000 ---p 00008000 103:05 7879                      /usr/lib/jvm/java-8-openjdk-amd64/jre/lib/amd64/libzip.so
7f0929fd6000-7f0929fd7000 r--p 00007000 103:05 7879                      /usr/lib/jvm/java-8-openjdk-amd64/jre/lib/amd64/libzip.so
7f0929fd7000-7f0929fd8000 rw-p 00008000 103:05 7879                      /usr/lib/jvm/java-8-openjdk-amd64/jre/lib/amd64/libzip.so
7f0929fd8000-7f0929fe3000 r-xp 00000000 103:05 274790                    /lib/x86_64-linux-gnu/libnss_files-2.23.so
7f0929fe3000-7f092a1e2000 ---p 0000b000 103:05 274790                    /lib/x86_64-linux-gnu/libnss_files-2.23.so
7f092a1e2000-7f092a1e3000 r--p 0000a000 103:05 274790                    /lib/x86_64-linux-gnu/libnss_files-2.23.so
7f092a1e3000-7f092a1e4000 rw-p 0000b000 103:05 274790                    /lib/x86_64-linux-gnu/libnss_files-2.23.so
7f092a1e4000-7f092a1ea000 rw-p 00000000 00:00 0 
7f092a1ea000-7f092a1f5000 r-xp 00000000 103:05 274793                    /lib/x86_64-linux-gnu/libnss_nis-2.23.so
7f092a1f5000-7f092a3f4000 ---p 0000b000 103:05 274793                    /lib/x86_64-linux-gnu/libnss_nis-2.23.so
7f092a3f4000-7f092a3f5000 r--p 0000a000 103:05 274793                    /lib/x86_64-linux-gnu/libnss_nis-2.23.so
7f092a3f5000-7f092a3f6000 rw-p 0000b000 103:05 274793                    /lib/x86_64-linux-gnu/libnss_nis-2.23.so
7f092a3f6000-7f092a40c000 r-xp 00000000 103:05 268305                    /lib/x86_64-linux-gnu/libnsl-2.23.so
7f092a40c000-7f092a60b000 ---p 00016000 103:05 268305                    /lib/x86_64-linux-gnu/libnsl-2.23.so
7f092a60b000-7f092a60c000 r--p 00015000 103:05 268305                    /lib/x86_64-linux-gnu/libnsl-2.23.so
7f092a60c000-7f092a60d000 rw-p 00016000 103:05 268305                    /lib/x86_64-linux-gnu/libnsl-2.23.so
7f092a60d000-7f092a60f000 rw-p 00000000 00:00 0 
7f092a60f000-7f092a617000 r-xp 00000000 103:05 274799                    /lib/x86_64-linux-gnu/libnss_compat-2.23.so
7f092a617000-7f092a816000 ---p 00008000 103:05 274799                    /lib/x86_64-linux-gnu/libnss_compat-2.23.so
7f092a816000-7f092a817000 r--p 00007000 103:05 274799                    /lib/x86_64-linux-gnu/libnss_compat-2.23.so
7f092a817000-7f092a818000 rw-p 00008000 103:05 274799                    /lib/x86_64-linux-gnu/libnss_compat-2.23.so
7f092a818000-7f092a845000 r-xp 00000000 103:05 7894                      /usr/lib/jvm/java-8-openjdk-amd64/jre/lib/amd64/libjava.so
7f092a845000-7f092aa44000 ---p 0002d000 103:05 7894                      /usr/lib/jvm/java-8-openjdk-amd64/jre/lib/amd64/libjava.so
7f092aa44000-7f092aa45000 r--p 0002c000 103:05 7894                      /usr/lib/jvm/java-8-openjdk-amd64/jre/lib/amd64/libjava.so
7f092aa45000-7f092aa47000 rw-p 0002d000 103:05 7894                      /usr/lib/jvm/java-8-openjdk-amd64/jre/lib/amd64/libjava.so
7f092aa47000-7f092aa56000 r-xp 00000000 103:05 7873                      /usr/lib/jvm/java-8-openjdk-amd64/jre/lib/amd64/libverify.so
7f092aa56000-7f092ac55000 ---p 0000f000 103:05 7873                      /usr/lib/jvm/java-8-openjdk-amd64/jre/lib/amd64/libverify.so
7f092ac55000-7f092ac57000 r--p 0000e000 103:05 7873                      /usr/lib/jvm/java-8-openjdk-amd64/jre/lib/amd64/libverify.so
7f092ac57000-7f092ac58000 rw-p 00010000 103:05 7873                      /usr/lib/jvm/java-8-openjdk-amd64/jre/lib/amd64/libverify.so
7f092ac58000-7f092ac5f000 r-xp 00000000 103:05 274795                    /lib/x86_64-linux-gnu/librt-2.23.so
7f092ac5f000-7f092ae5e000 ---p 00007000 103:05 274795                    /lib/x86_64-linux-gnu/librt-2.23.so
7f092ae5e000-7f092ae5f000 r--p 00006000 103:05 274795                    /lib/x86_64-linux-gnu/librt-2.23.so
7f092ae5f000-7f092ae60000 rw-p 00007000 103:05 274795                    /lib/x86_64-linux-gnu/librt-2.23.so
7f092ae60000-7f092ae76000 r-xp 00000000 103:05 268371                    /lib/x86_64-linux-gnu/libgcc_s.so.1
7f092ae76000-7f092b075000 ---p 00016000 103:05 268371                    /lib/x86_64-linux-gnu/libgcc_s.so.1
7f092b075000-7f092b076000 rw-p 00015000 103:05 268371                    /lib/x86_64-linux-gnu/libgcc_s.so.1
7f092b076000-7f092b17e000 r-xp 00000000 103:05 274804                    /lib/x86_64-linux-gnu/libm-2.23.so
7f092b17e000-7f092b37d000 ---p 00108000 103:05 274804                    /lib/x86_64-linux-gnu/libm-2.23.so
7f092b37d000-7f092b37e000 r--p 00107000 103:05 274804                    /lib/x86_64-linux-gnu/libm-2.23.so
7f092b37e000-7f092b37f000 rw-p 00108000 103:05 274804                    /lib/x86_64-linux-gnu/libm-2.23.so
7f092b37f000-7f092b4f1000 r-xp 00000000 103:05 536326                    /usr/lib/x86_64-linux-gnu/libstdc++.so.6.0.21
7f092b4f1000-7f092b6f1000 ---p 00172000 103:05 536326                    /usr/lib/x86_64-linux-gnu/libstdc++.so.6.0.21
7f092b6f1000-7f092b6fb000 r--p 00172000 103:05 536326                    /usr/lib/x86_64-linux-gnu/libstdc++.so.6.0.21
7f092b6fb000-7f092b6fd000 rw-p 0017c000 103:05 536326                    /usr/lib/x86_64-linux-gnu/libstdc++.so.6.0.21
7f092b6fd000-7f092b701000 rw-p 00000000 00:00 0 
7f092b701000-7f092c355000 r-xp 00000000 103:05 7878                      /usr/lib/jvm/java-8-openjdk-amd64/jre/lib/amd64/server/libjvm.so
7f092c355000-7f092c555000 ---p 00c54000 103:05 7878                      /usr/lib/jvm/java-8-openjdk-amd64/jre/lib/amd64/server/libjvm.so
7f092c555000-7f092c5e8000 r--p 00c54000 103:05 7878                      /usr/lib/jvm/java-8-openjdk-amd64/jre/lib/amd64/server/libjvm.so
7f092c5e8000-7f092c611000 rw-p 00ce7000 103:05 7878                      /usr/lib/jvm/java-8-openjdk-amd64/jre/lib/amd64/server/libjvm.so
7f092c611000-7f092c641000 rw-p 00000000 00:00 0 
7f092c641000-7f092c659000 r-xp 00000000 103:05 274792                    /lib/x86_64-linux-gnu/libpthread-2.23.so
7f092c659000-7f092c858000 ---p 00018000 103:05 274792                    /lib/x86_64-linux-gnu/libpthread-2.23.so
7f092c858000-7f092c859000 r--p 00017000 103:05 274792                    /lib/x86_64-linux-gnu/libpthread-2.23.so
7f092c859000-7f092c85a000 rw-p 00018000 103:05 274792                    /lib/x86_64-linux-gnu/libpthread-2.23.so
7f092c85a000-7f092c85e000 rw-p 00000000 00:00 0 
7f092c85e000-7f092c861000 r-xp 00000000 103:05 274798                    /lib/x86_64-linux-gnu/libdl-2.23.so
7f092c861000-7f092ca60000 ---p 00003000 103:05 274798                    /lib/x86_64-linux-gnu/libdl-2.23.so
7f092ca60000-7f092ca61000 r--p 00002000 103:05 274798                    /lib/x86_64-linux-gnu/libdl-2.23.so
7f092ca61000-7f092ca62000 rw-p 00003000 103:05 274798                    /lib/x86_64-linux-gnu/libdl-2.23.so
7f092ca62000-7f092ca7b000 r-xp 00000000 103:05 290849                    /lib/x86_64-linux-gnu/libz.so.1.2.8
7f092ca7b000-7f092cc7a000 ---p 00019000 103:05 290849                    /lib/x86_64-linux-gnu/libz.so.1.2.8
7f092cc7a000-7f092cc7b000 r--p 00018000 103:05 290849                    /lib/x86_64-linux-gnu/libz.so.1.2.8
7f092cc7b000-7f092cc7c000 rw-p 00019000 103:05 290849                    /lib/x86_64-linux-gnu/libz.so.1.2.8
7f092cc7c000-7f092ce3c000 r-xp 00000000 103:05 274809                    /lib/x86_64-linux-gnu/libc-2.23.so
7f092ce3c000-7f092d03c000 ---p 001c0000 103:05 274809                    /lib/x86_64-linux-gnu/libc-2.23.so
7f092d03c000-7f092d040000 r--p 001c0000 103:05 274809                    /lib/x86_64-linux-gnu/libc-2.23.so
7f092d040000-7f092d042000 rw-p 001c4000 103:05 274809                    /lib/x86_64-linux-gnu/libc-2.23.so
7f092d042000-7f092d046000 rw-p 00000000 00:00 0 
7f092d046000-7f092d053000 r-xp 00000000 103:05 7871                      /usr/lib/jvm/java-8-openjdk-amd64/jre/lib/amd64/jli/libjli.so
7f092d053000-7f092d253000 ---p 0000d000 103:05 7871                      /usr/lib/jvm/java-8-openjdk-amd64/jre/lib/amd64/jli/libjli.so
7f092d253000-7f092d254000 r--p 0000d000 103:05 7871                      /usr/lib/jvm/java-8-openjdk-amd64/jre/lib/amd64/jli/libjli.so
7f092d254000-7f092d255000 rw-p 0000e000 103:05 7871                      /usr/lib/jvm/java-8-openjdk-amd64/jre/lib/amd64/jli/libjli.so
7f092d255000-7f092d27b000 r-xp 00000000 103:05 268425                    /lib/x86_64-linux-gnu/ld-2.23.so
7f092d27b000-7f092d27c000 r--s 00001000 103:06 1704030                   /home/abu/.gradle/wrapper/dists/gradle-3.3-bin/64bhckfm0iuu9gap9hg3r7ev2/gradle-3.3/lib/gradle-process-services-3.3.jar
7f092d27c000-7f092d27d000 r--s 00000000 103:06 1708697                   /home/abu/.gradle/wrapper/dists/gradle-3.3-bin/64bhckfm0iuu9gap9hg3r7ev2/gradle-3.3/lib/gradle-version-info-3.3.jar
7f092d27d000-7f092d27e000 r--s 00007000 103:06 1704027                   /home/abu/.gradle/wrapper/dists/gradle-3.3-bin/64bhckfm0iuu9gap9hg3r7ev2/gradle-3.3/lib/slf4j-api-1.7.10.jar
7f092d27e000-7f092d27f000 r--s 00004000 103:06 1704058                   /home/abu/.gradle/wrapper/dists/gradle-3.3-bin/64bhckfm0iuu9gap9hg3r7ev2/gradle-3.3/lib/ant-launcher-1.9.6.jar
7f092d27f000-7f092d281000 r--s 0000c000 103:06 4206699                   /home/abu/Documents/Personal/NativeScript/Groceries/SharePlate/platforms/android/gradle/wrapper/gradle-wrapper.jar
7f092d281000-7f092d28b000 r--s 00116000 103:05 7859                      /usr/lib/jvm/java-8-openjdk-amd64/jre/lib/ext/localedata.jar
7f092d28b000-7f092d356000 rw-p 00000000 00:00 0 
7f092d356000-7f092d359000 ---p 00000000 00:00 0 
7f092d359000-7f092d45c000 rw-p 00000000 00:00 0 
7f092d45c000-7f092d45d000 r--s 00010000 103:05 7866                      /usr/lib/jvm/java-8-openjdk-amd64/jre/lib/ext/zipfs.jar
7f092d45d000-7f092d45e000 r--s 0000a000 103:05 7862                      /usr/lib/jvm/java-8-openjdk-amd64/jre/lib/ext/jaccess.jar
7f092d45e000-7f092d460000 r--s 00008000 103:05 7865                      /usr/lib/jvm/java-8-openjdk-amd64/jre/lib/ext/sunec.jar
7f092d460000-7f092d462000 r--s 00001000 103:05 7861                      /usr/lib/jvm/java-8-openjdk-amd64/jre/lib/ext/dnsns.jar
7f092d462000-7f092d465000 r--s 0000f000 103:05 7864                      /usr/lib/jvm/java-8-openjdk-amd64/jre/lib/ext/icedtea-sound.jar
7f092d465000-7f092d469000 r--s 00037000 103:05 7860                      /usr/lib/jvm/java-8-openjdk-amd64/jre/lib/ext/sunpkcs11.jar
7f092d469000-7f092d46e000 r--s 0003b000 103:05 7863                      /usr/lib/jvm/java-8-openjdk-amd64/jre/lib/ext/sunjce_provider.jar
7f092d46e000-7f092d476000 rw-s 00000000 103:05 317234                    /tmp/hsperfdata_abu/13393
7f092d476000-7f092d477000 rw-p 00000000 00:00 0 
7f092d477000-7f092d478000 ---p 00000000 00:00 0 
7f092d478000-7f092d47a000 rw-p 00000000 00:00 0 
7f092d47a000-7f092d47b000 r--p 00025000 103:05 268425                    /lib/x86_64-linux-gnu/ld-2.23.so
7f092d47b000-7f092d47c000 rw-p 00026000 103:05 268425                    /lib/x86_64-linux-gnu/ld-2.23.so
7f092d47c000-7f092d47d000 rw-p 00000000 00:00 0 
7ffcc8d4d000-7ffcc8d6f000 rw-p 00000000 00:00 0                          [stack]
7ffcc8dae000-7ffcc8db0000 r--p 00000000 00:00 0                          [vvar]
7ffcc8db0000-7ffcc8db2000 r-xp 00000000 00:00 0                          [vdso]
ffffffffff600000-ffffffffff601000 r-xp 00000000 00:00 0                  [vsyscall]

VM Arguments:
jvm_args: -Dorg.gradle.appname=gradlew 
java_command: org.gradle.wrapper.GradleWrapperMain buildapk -PcompileSdk=android-25 -PtargetSdk=25 -PbuildToolsVersion=25.0.3 -PsupportVersion=25.3.1 -PgenerateTypings=false --quiet
java_class_path (initial): /home/abu/Documents/Personal/NativeScript/Groceries/SharePlate/platforms/android/gradle/wrapper/gradle-wrapper.jar
Launcher Type: SUN_STANDARD

Environment Variables:
PATH=/home/abu/miniconda2/bin:/home/abu/bin:/home/abu/.local/bin:/home/abu/home/abu/Documents/minizinc-2.1.4/bin:/usr/local/sbin:/usr/local/bin:/usr/sbin:/usr/bin:/sbin:/bin:/usr/games:/usr/local/games:/snap/bin:/home/abu/Android/Sdk/tools:/home/abu/Android/Sdk/tools
SHELL=/bin/bash
DISPLAY=:0

Signal Handlers:
SIGSEGV: [libjvm.so+0xa6ad10], sa_mask[0]=11111111011111111101111111111110, sa_flags=SA_RESTART|SA_SIGINFO
SIGBUS: [libjvm.so+0xa6ad10], sa_mask[0]=11111111011111111101111111111110, sa_flags=SA_RESTART|SA_SIGINFO
SIGFPE: [libjvm.so+0x8b3bc0], sa_mask[0]=11111111011111111101111111111110, sa_flags=SA_RESTART|SA_SIGINFO
SIGPIPE: [libjvm.so+0x8b3bc0], sa_mask[0]=11111111011111111101111111111110, sa_flags=SA_RESTART|SA_SIGINFO
SIGXFSZ: [libjvm.so+0x8b3bc0], sa_mask[0]=11111111011111111101111111111110, sa_flags=SA_RESTART|SA_SIGINFO
SIGILL: [libjvm.so+0x8b3bc0], sa_mask[0]=11111111011111111101111111111110, sa_flags=SA_RESTART|SA_SIGINFO
SIGUSR1: SIG_DFL, sa_mask[0]=00000000000000000000000000000000, sa_flags=none
SIGUSR2: [libjvm.so+0x8b3a70], sa_mask[0]=00000000000000000000000000000000, sa_flags=SA_RESTART|SA_SIGINFO
SIGHUP: [libjvm.so+0x8b3f40], sa_mask[0]=11111111011111111101111111111110, sa_flags=SA_RESTART|SA_SIGINFO
SIGINT: [libjvm.so+0x8b3f40], sa_mask[0]=11111111011111111101111111111110, sa_flags=SA_RESTART|SA_SIGINFO
SIGTERM: [libjvm.so+0x8b3f40], sa_mask[0]=11111111011111111101111111111110, sa_flags=SA_RESTART|SA_SIGINFO
SIGQUIT: [libjvm.so+0x8b3f40], sa_mask[0]=11111111011111111101111111111110, sa_flags=SA_RESTART|SA_SIGINFO


---------------  S Y S T E M  ---------------

OS:DISTRIB_ID=Ubuntu
DISTRIB_RELEASE=16.04
DISTRIB_CODENAME=xenial
DISTRIB_DESCRIPTION="Ubuntu 16.04.2 LTS"

uname:Linux 4.10.0-33-generic #37~16.04.1-Ubuntu SMP Fri Aug 11 14:07:24 UTC 2017 x86_64
libc:glibc 2.23 NPTL 2.23 
rlimit: STACK 8192k, CORE 0k, NPROC 29876, NOFILE 65536, AS infinity
load average:2.04 1.97 1.59

/proc/meminfo:
MemTotal:        8010160 kB
MemFree:          116360 kB
MemAvailable:       6180 kB
Buffers:             408 kB
Cached:          1684836 kB
SwapCached:            0 kB
Active:          5952344 kB
Inactive:        1667232 kB
Active(anon):    5945140 kB
Inactive(anon):  1659708 kB
Active(file):       7204 kB
Inactive(file):     7524 kB
Unevictable:         196 kB
Mlocked:             196 kB
SwapTotal:             0 kB
SwapFree:              0 kB
Dirty:               136 kB
Writeback:             0 kB
AnonPages:       5935092 kB
Mapped:           428180 kB
Shmem:           1669868 kB
Slab:             101472 kB
SReclaimable:      47092 kB
SUnreclaim:        54380 kB
KernelStack:       13640 kB
PageTables:        71736 kB
NFS_Unstable:          0 kB
Bounce:                0 kB
WritebackTmp:          0 kB
CommitLimit:     4005080 kB
Committed_AS:   15938920 kB
VmallocTotal:   34359738367 kB
VmallocUsed:           0 kB
VmallocChunk:          0 kB
HardwareCorrupted:     0 kB
AnonHugePages:   1966080 kB
ShmemHugePages:        0 kB
ShmemPmdMapped:        0 kB
CmaTotal:              0 kB
CmaFree:               0 kB
HugePages_Total:       0
HugePages_Free:        0
HugePages_Rsvd:        0
HugePages_Surp:        0
Hugepagesize:       2048 kB
DirectMap4k:      198920 kB
DirectMap2M:     8028160 kB
DirectMap1G:     1048576 kB


CPU:total 4 (initial active 4) (2 cores per cpu, 2 threads per core) family 6 model 78 stepping 3, cmov, cx8, fxsr, mmx, sse, sse2, sse3, ssse3, sse4.1, sse4.2, popcnt, avx, avx2, aes, clmul, erms, 3dnowpref, lzcnt, ht, tsc, tscinvbit, bmi1, bmi2, adx

/proc/cpuinfo:
processor	: 0
vendor_id	: GenuineIntel
cpu family	: 6
model		: 78
model name	: Intel(R) Core(TM) i7-6560U CPU @ 2.20GHz
stepping	: 3
microcode	: 0x6a
cpu MHz		: 3082.470
cache size	: 4096 KB
physical id	: 0
siblings	: 4
core id		: 0
cpu cores	: 2
apicid		: 0
initial apicid	: 0
fpu		: yes
fpu_exception	: yes
cpuid level	: 22
wp		: yes
flags		: fpu vme de pse tsc msr pae mce cx8 apic sep mtrr pge mca cmov pat pse36 clflush dts acpi mmx fxsr sse sse2 ss ht tm pbe syscall nx pdpe1gb rdtscp lm constant_tsc art arch_perfmon pebs bts rep_good nopl xtopology nonstop_tsc aperfmperf tsc_known_freq pni pclmulqdq dtes64 monitor ds_cpl vmx est tm2 ssse3 sdbg fma cx16 xtpr pdcm pcid sse4_1 sse4_2 x2apic movbe popcnt tsc_deadline_timer aes xsave avx f16c rdrand lahf_lm abm 3dnowprefetch epb intel_pt tpr_shadow vnmi flexpriority ept vpid fsgsbase tsc_adjust bmi1 avx2 smep bmi2 erms invpcid mpx rdseed adx smap clflushopt xsaveopt xsavec xgetbv1 xsaves dtherm ida arat pln pts hwp hwp_notify hwp_act_window hwp_epp
bugs		:
bogomips	: 4416.00
clflush size	: 64
cache_alignment	: 64
address sizes	: 39 bits physical, 48 bits virtual
power management:

processor	: 1
vendor_id	: GenuineIntel
cpu family	: 6
model		: 78
model name	: Intel(R) Core(TM) i7-6560U CPU @ 2.20GHz
stepping	: 3
microcode	: 0x6a
cpu MHz		: 3067.431
cache size	: 4096 KB
physical id	: 0
siblings	: 4
core id		: 1
cpu cores	: 2
apicid		: 2
initial apicid	: 2
fpu		: yes
fpu_exception	: yes
cpuid level	: 22
wp		: yes
flags		: fpu vme de pse tsc msr pae mce cx8 apic sep mtrr pge mca cmov pat pse36 clflush dts acpi mmx fxsr sse sse2 ss ht tm pbe syscall nx pdpe1gb rdtscp lm constant_tsc art arch_perfmon pebs bts rep_good nopl xtopology nonstop_tsc aperfmperf tsc_known_freq pni pclmulqdq dtes64 monitor ds_cpl vmx est tm2 ssse3 sdbg fma cx16 xtpr pdcm pcid sse4_1 sse4_2 x2apic movbe popcnt tsc_deadline_timer aes xsave avx f16c rdrand lahf_lm abm 3dnowprefetch epb intel_pt tpr_shadow vnmi flexpriority ept vpid fsgsbase tsc_adjust bmi1 avx2 smep bmi2 erms invpcid mpx rdseed adx smap clflushopt xsaveopt xsavec xgetbv1 xsaves dtherm ida arat pln pts hwp hwp_notify hwp_act_window hwp_epp
bugs		:
bogomips	: 4416.00
clflush size	: 64
cache_alignment	: 64
address sizes	: 39 bits physical, 48 bits virtual
power management:

processor	: 2
vendor_id	: GenuineIntel
cpu family	: 6
model		: 78
model name	: Intel(R) Core(TM) i7-6560U CPU @ 2.20GHz
stepping	: 3
microcode	: 0x6a
cpu MHz		: 3091.064
cache size	: 4096 KB
physical id	: 0
siblings	: 4
core id		: 0
cpu cores	: 2
apicid		: 1
initial apicid	: 1
fpu		: yes
fpu_exception	: yes
cpuid level	: 22
wp		: yes
flags		: fpu vme de pse tsc msr pae mce cx8 apic sep mtrr pge mca cmov pat pse36 clflush dts acpi mmx fxsr sse sse2 ss ht tm pbe syscall nx pdpe1gb rdtscp lm constant_tsc art arch_perfmon pebs bts rep_good nopl xtopology nonstop_tsc aperfmperf tsc_known_freq pni pclmulqdq dtes64 monitor ds_cpl vmx est tm2 ssse3 sdbg fma cx16 xtpr pdcm pcid sse4_1 sse4_2 x2apic movbe popcnt tsc_deadline_timer aes xsave avx f16c rdrand lahf_lm abm 3dnowprefetch epb intel_pt tpr_shadow vnmi flexpriority ept vpid fsgsbase tsc_adjust bmi1 avx2 smep bmi2 erms invpcid mpx rdseed adx smap clflushopt xsaveopt xsavec xgetbv1 xsaves dtherm ida arat pln pts hwp hwp_notify hwp_act_window hwp_epp
bugs		:
bogomips	: 4416.00
clflush size	: 64
cache_alignment	: 64
address sizes	: 39 bits physical, 48 bits virtual
power management:

processor	: 3
vendor_id	: GenuineIntel
cpu family	: 6
model		: 78
model name	: Intel(R) Core(TM) i7-6560U CPU @ 2.20GHz
stepping	: 3
microcode	: 0x6a
cpu MHz		: 3098.852
cache size	: 4096 KB
physical id	: 0
siblings	: 4
core id		: 1
cpu cores	: 2
apicid		: 3
initial apicid	: 3
fpu		: yes
fpu_exception	: yes
cpuid level	: 22
wp		: yes
flags		: fpu vme de pse tsc msr pae mce cx8 apic sep mtrr pge mca cmov pat pse36 clflush dts acpi mmx fxsr sse sse2 ss ht tm pbe syscall nx pdpe1gb rdtscp lm constant_tsc art arch_perfmon pebs bts rep_good nopl xtopology nonstop_tsc aperfmperf tsc_known_freq pni pclmulqdq dtes64 monitor ds_cpl vmx est tm2 ssse3 sdbg fma cx16 xtpr pdcm pcid sse4_1 sse4_2 x2apic movbe popcnt tsc_deadline_timer aes xsave avx f16c rdrand lahf_lm abm 3dnowprefetch epb intel_pt tpr_shadow vnmi flexpriority ept vpid fsgsbase tsc_adjust bmi1 avx2 smep bmi2 erms invpcid mpx rdseed adx smap clflushopt xsaveopt xsavec xgetbv1 xsaves dtherm ida arat pln pts hwp hwp_notify hwp_act_window hwp_epp
bugs		:
bogomips	: 4416.00
clflush size	: 64
cache_alignment	: 64
address sizes	: 39 bits physical, 48 bits virtual
power management:



Memory: 4k page, physical 8010160k(116112k free), swap 0k(0k free)

vm_info: OpenJDK 64-Bit Server VM (25.131-b11) for linux-amd64 JRE (1.8.0_131-8u131-b11-2ubuntu1.16.04.3-b11), built on Jul 28 2017 01:23:32 by "buildd" with gcc 5.4.0 20160609

time: Thu Sep 14 18:26:02 2017
elapsed time: 0 seconds (0d 0h 0m 0s)

