#
# There is insufficient memory for the Java Runtime Environment to continue.
# Native memory allocation (mmap) failed to map 65011712 bytes for committing reserved memory.
# Possible reasons:
#   The system is out of physical RAM or swap space
#   In 32 bit mode, the process size limit was hit
# Possible solutions:
#   Reduce memory load on the system
#   Increase physical memory or swap space
#   Check if swap backing store is full
#   Use 64 bit Java on a 64 bit OS
#   Decrease Java heap size (-Xmx/-Xms)
#   Decrease number of Java threads
#   Decrease Java thread stack sizes (-Xss)
#   Set larger code cache with -XX:ReservedCodeCacheSize=
# This output file may be truncated or incomplete.
#
#  Out of Memory Error (os_linux.cpp:2643), pid=13263, tid=0x00007fd4e78f8700
#
# JRE version: OpenJDK Runtime Environment (8.0_131-b11) (build 1.8.0_131-8u131-b11-2ubuntu1.16.04.3-b11)
# Java VM: OpenJDK 64-Bit Server VM (25.131-b11 mixed mode linux-amd64 compressed oops)
# Failed to write core dump. Core dumps have been disabled. To enable core dumping, try "ulimit -c unlimited" before starting Java again
#

---------------  T H R E A D  ---------------

Current thread (0x00007fd500140800):  VMThread [stack: 0x00007fd4e77f8000,0x00007fd4e78f9000] [id=13274]

Stack: [0x00007fd4e77f8000,0x00007fd4e78f9000],  sp=0x00007fd4e78f74c0,  free space=1021k
Native frames: (J=compiled Java code, j=interpreted, Vv=VM code, C=native code)
V  [libjvm.so+0xa6a1bb]
V  [libjvm.so+0x4c5a6c]
V  [libjvm.so+0x8b85a0]
V  [libjvm.so+0x8b2a1e]
V  [libjvm.so+0x92d556]
V  [libjvm.so+0x92e883]
V  [libjvm.so+0x92af33]
V  [libjvm.so+0x92b1fc]
V  [libjvm.so+0x8dd093]
V  [libjvm.so+0xa6be72]
V  [libjvm.so+0xa70f57]
V  [libjvm.so+0xa6e727]
V  [libjvm.so+0xa6fbaf]
V  [libjvm.so+0xa700a1]
V  [libjvm.so+0x8b5a82]

VM_Operation (0x00007fd5088b1810): ParallelGCFailedAllocation, mode: safepoint, requested by thread 0x00007fd50000c000


---------------  P R O C E S S  ---------------

Java Threads: ( => current thread )
  0x00007fd500182000 JavaThread "Service Thread" daemon [_thread_blocked, id=13281, stack(0x00007fd4e6e19000,0x00007fd4e6f1a000)]
  0x00007fd50017a800 JavaThread "C1 CompilerThread2" daemon [_thread_blocked, id=13280, stack(0x00007fd4e6f1a000,0x00007fd4e701b000)]
  0x00007fd500179000 JavaThread "C2 CompilerThread1" daemon [_thread_blocked, id=13279, stack(0x00007fd4e701b000,0x00007fd4e711c000)]
  0x00007fd500176000 JavaThread "C2 CompilerThread0" daemon [_thread_blocked, id=13278, stack(0x00007fd4e711c000,0x00007fd4e721d000)]
  0x00007fd500174000 JavaThread "Signal Dispatcher" daemon [_thread_blocked, id=13277, stack(0x00007fd4e721d000,0x00007fd4e731e000)]
  0x00007fd50014c800 JavaThread "Finalizer" daemon [_thread_blocked, id=13276, stack(0x00007fd4e75f6000,0x00007fd4e76f7000)]
  0x00007fd500148000 JavaThread "Reference Handler" daemon [_thread_blocked, id=13275, stack(0x00007fd4e76f7000,0x00007fd4e77f8000)]
  0x00007fd50000c000 JavaThread "main" [_thread_blocked, id=13265, stack(0x00007fd5087b3000,0x00007fd5088b4000)]

Other Threads:
=>0x00007fd500140800 VMThread [stack: 0x00007fd4e77f8000,0x00007fd4e78f9000] [id=13274]
  0x00007fd500184800 WatcherThread [stack: 0x00007fd4e6d18000,0x00007fd4e6e19000] [id=13282]

VM state:at safepoint (normal execution)

VM Mutex/Monitor currently owned by a thread:  ([mutex/lock_event])
[0x00007fd5000080c0] Threads_lock - owner thread: 0x00007fd500140800
[0x00007fd5000085c0] Heap_lock - owner thread: 0x00007fd50000c000

Heap:
 PSYoungGen      total 68608K, used 5107K [0x00000000d7400000, 0x00000000dbc00000, 0x0000000100000000)
  eden space 63488K, 0% used [0x00000000d7400000,0x00000000d7400000,0x00000000db200000)
  from space 5120K, 99% used [0x00000000db200000,0x00000000db6fcf48,0x00000000db700000)
  to   space 5120K, 0% used [0x00000000db700000,0x00000000db700000,0x00000000dbc00000)
 ParOldGen       total 84992K, used 21081K [0x0000000085c00000, 0x000000008af00000, 0x00000000d7400000)
  object space 84992K, 24% used [0x0000000085c00000,0x00000000870965d8,0x000000008af00000)
 Metaspace       used 20646K, capacity 21220K, committed 21296K, reserved 1067008K
  class space    used 3529K, capacity 3684K, committed 3712K, reserved 1048576K

Card table byte_map: [0x00007fd504a99000,0x00007fd504e6c000] byte_map_base: 0x00007fd50466b000

Marking Bits: (ParMarkBitMap*) 0x00007fd507a812c0
 Begin Bits: [0x00007fd4ed2e0000, 0x00007fd4ef170000)
 End Bits:   [0x00007fd4ef170000, 0x00007fd4f1000000)

Polling page: 0x00007fd5088d4000

CodeCache: size=245760Kb used=2702Kb max_used=2719Kb free=243057Kb
 bounds [0x00007fd4f1000000, 0x00007fd4f12c0000, 0x00007fd500000000]
 total_blobs=692 nmethods=458 adapters=149
 compilation: enabled

Compilation events (10 events):
Event: 2.187 Thread 0x00007fd500176000 nmethod 455 0x00007fd4f126e8d0 code [0x00007fd4f126ea20, 0x00007fd4f126ed78]
Event: 2.187 Thread 0x00007fd500176000  463  s    4       sun.net.www.protocol.file.Handler::openConnection (7 bytes)
Event: 2.222 Thread 0x00007fd500176000 nmethod 463 0x00007fd4f129a550 code [0x00007fd4f129a720, 0x00007fd4f129b418]
Event: 2.222 Thread 0x00007fd500176000  456   !   4       java.net.URLClassLoader$1::run (63 bytes)
Event: 2.261 Thread 0x00007fd50017a800  465       3       java.util.HashMap::newNode (13 bytes)
Event: 2.262 Thread 0x00007fd50017a800 nmethod 465 0x00007fd4f1269550 code [0x00007fd4f12696c0, 0x00007fd4f1269970]
Event: 2.262 Thread 0x00007fd50017a800  466       3       java.util.HashMap::afterNodeInsertion (1 bytes)
Event: 2.262 Thread 0x00007fd50017a800 nmethod 466 0x00007fd4f1269250 code [0x00007fd4f12693a0, 0x00007fd4f12694f0]
Event: 2.328 Thread 0x00007fd50017a800  469       3       java.util.LinkedHashMap$LinkedKeyIterator::next (8 bytes)
Event: 2.329 Thread 0x00007fd50017a800 nmethod 469 0x00007fd4f1268d90 code [0x00007fd4f1268f00, 0x00007fd4f12691a8]

GC Heap History (5 events):
Event: 0.881 GC heap before
{Heap before GC invocations=1 (full 0):
 PSYoungGen      total 36864K, used 31744K [0x00000000d7400000, 0x00000000d9d00000, 0x0000000100000000)
  eden space 31744K, 100% used [0x00000000d7400000,0x00000000d9300000,0x00000000d9300000)
  from space 5120K, 0% used [0x00000000d9800000,0x00000000d9800000,0x00000000d9d00000)
  to   space 5120K, 0% used [0x00000000d9300000,0x00000000d9300000,0x00000000d9800000)
 ParOldGen       total 84992K, used 0K [0x0000000085c00000, 0x000000008af00000, 0x00000000d7400000)
  object space 84992K, 0% used [0x0000000085c00000,0x0000000085c00000,0x000000008af00000)
 Metaspace       used 10854K, capacity 11058K, committed 11136K, reserved 1058816K
  class space    used 1582K, capacity 1642K, committed 1664K, reserved 1048576K
Event: 0.896 GC heap after
Heap after GC invocations=1 (full 0):
 PSYoungGen      total 36864K, used 5097K [0x00000000d7400000, 0x00000000dbc00000, 0x0000000100000000)
  eden space 31744K, 0% used [0x00000000d7400000,0x00000000d7400000,0x00000000d9300000)
  from space 5120K, 99% used [0x00000000d9300000,0x00000000d97fa528,0x00000000d9800000)
  to   space 5120K, 0% used [0x00000000db700000,0x00000000db700000,0x00000000dbc00000)
 ParOldGen       total 84992K, used 3847K [0x0000000085c00000, 0x000000008af00000, 0x00000000d7400000)
  object space 84992K, 4% used [0x0000000085c00000,0x0000000085fc1e40,0x000000008af00000)
 Metaspace       used 10854K, capacity 11058K, committed 11136K, reserved 1058816K
  class space    used 1582K, capacity 1642K, committed 1664K, reserved 1048576K
}
Event: 1.571 GC heap before
{Heap before GC invocations=2 (full 0):
 PSYoungGen      total 36864K, used 36841K [0x00000000d7400000, 0x00000000dbc00000, 0x0000000100000000)
  eden space 31744K, 100% used [0x00000000d7400000,0x00000000d9300000,0x00000000d9300000)
  from space 5120K, 99% used [0x00000000d9300000,0x00000000d97fa528,0x00000000d9800000)
  to   space 5120K, 0% used [0x00000000db700000,0x00000000db700000,0x00000000dbc00000)
 ParOldGen       total 84992K, used 3847K [0x0000000085c00000, 0x000000008af00000, 0x00000000d7400000)
  object space 84992K, 4% used [0x0000000085c00000,0x0000000085fc1e40,0x000000008af00000)
 Metaspace       used 15947K, capacity 16210K, committed 16512K, reserved 1062912K
  class space    used 2752K, capacity 2826K, committed 2944K, reserved 1048576K
Event: 1.592 GC heap after
Heap after GC invocations=2 (full 0):
 PSYoungGen      total 68608K, used 5106K [0x00000000d7400000, 0x00000000dbc00000, 0x0000000100000000)
  eden space 63488K, 0% used [0x00000000d7400000,0x00000000d7400000,0x00000000db200000)
  from space 5120K, 99% used [0x00000000db700000,0x00000000dbbfca40,0x00000000dbc00000)
  to   space 5120K, 0% used [0x00000000db200000,0x00000000db200000,0x00000000db700000)
 ParOldGen       total 84992K, used 9312K [0x0000000085c00000, 0x000000008af00000, 0x00000000d7400000)
  object space 84992K, 10% used [0x0000000085c00000,0x00000000865182d8,0x000000008af00000)
 Metaspace       used 15947K, capacity 16210K, committed 16512K, reserved 1062912K
  class space    used 2752K, capacity 2826K, committed 2944K, reserved 1048576K
}
Event: 2.383 GC heap before
{Heap before GC invocations=3 (full 0):
 PSYoungGen      total 68608K, used 68594K [0x00000000d7400000, 0x00000000dbc00000, 0x0000000100000000)
  eden space 63488K, 100% used [0x00000000d7400000,0x00000000db200000,0x00000000db200000)
  from space 5120K, 99% used [0x00000000db700000,0x00000000dbbfca40,0x00000000dbc00000)
  to   space 5120K, 0% used [0x00000000db200000,0x00000000db200000,0x00000000db700000)
 ParOldGen       total 84992K, used 9312K [0x0000000085c00000, 0x000000008af00000, 0x00000000d7400000)
  object space 84992K, 10% used [0x0000000085c00000,0x00000000865182d8,0x000000008af00000)
 Metaspace       used 20646K, capacity 21220K, committed 21296K, reserved 1067008K
  class space    used 3529K, capacity 3684K, committed 3712K, reserved 1048576K

Deoptimization events (4 events):
Event: 1.696 Thread 0x00007fd50000c000 Uncommon trap: reason=null_assert action=make_not_entrant pc=0x00007fd4f124acf0 method=java.util.zip.ZipEntry.<init>(Ljava/util/zip/ZipEntry;)V @ 70
Event: 2.122 Thread 0x00007fd50000c000 Uncommon trap: reason=null_assert action=make_not_entrant pc=0x00007fd4f1216a9c method=java.util.zip.ZipEntry.<init>(Ljava/util/zip/ZipEntry;)V @ 70
Event: 2.123 Thread 0x00007fd50000c000 Uncommon trap: reason=null_assert action=make_not_entrant pc=0x00007fd4f127990c method=java.util.zip.ZipEntry.<init>(Ljava/util/zip/ZipEntry;)V @ 70
Event: 2.165 Thread 0x00007fd50000c000 Uncommon trap: reason=null_assert action=make_not_entrant pc=0x00007fd4f12a1c70 method=java.util.zip.ZipEntry.<init>(Ljava/util/zip/ZipEntry;)V @ 70

Internal exceptions (10 events):
Event: 2.373 Thread 0x00007fd50000c000 Exception <a 'java/lang/NoClassDefFoundError'> (0x00000000db0d0908) thrown at [/build/openjdk-8-pZyJp3/openjdk-8-8u131-b11/src/hotspot/src/share/vm/prims/jvm.cpp, line 1394]
Event: 2.374 Thread 0x00007fd50000c000 Exception <a 'java/lang/NoClassDefFoundError': android/graphics/drawable/Animatable> (0x00000000db0f4ff0) thrown at [/build/openjdk-8-pZyJp3/openjdk-8-8u131-b11/src/hotspot/src/share/vm/classfile/systemDictionary.cpp, line 199]
Event: 2.374 Thread 0x00007fd50000c000 Exception <a 'java/lang/NoClassDefFoundError'> (0x00000000db0f4ff0) thrown at [/build/openjdk-8-pZyJp3/openjdk-8-8u131-b11/src/hotspot/src/share/vm/prims/jvm.cpp, line 1394]
Event: 2.374 Thread 0x00007fd50000c000 Exception <a 'java/lang/NoClassDefFoundError'> (0x00000000db0f4ff0) thrown at [/build/openjdk-8-pZyJp3/openjdk-8-8u131-b11/src/hotspot/src/share/vm/prims/jvm.cpp, line 1394]
Event: 2.376 Thread 0x00007fd50000c000 Exception <a 'java/lang/NoClassDefFoundError': android/os/Parcelable> (0x00000000db114640) thrown at [/build/openjdk-8-pZyJp3/openjdk-8-8u131-b11/src/hotspot/src/share/vm/classfile/systemDictionary.cpp, line 199]
Event: 2.376 Thread 0x00007fd50000c000 Exception <a 'java/lang/NoClassDefFoundError'> (0x00000000db114640) thrown at [/build/openjdk-8-pZyJp3/openjdk-8-8u131-b11/src/hotspot/src/share/vm/prims/jvm.cpp, line 1394]
Event: 2.380 Thread 0x00007fd50000c000 Exception <a 'java/lang/NoClassDefFoundError': android/media/VolumeProvider> (0x00000000db1a8d90) thrown at [/build/openjdk-8-pZyJp3/openjdk-8-8u131-b11/src/hotspot/src/share/vm/classfile/systemDictionary.cpp, line 199]
Event: 2.380 Thread 0x00007fd50000c000 Exception <a 'java/lang/NoClassDefFoundError'> (0x00000000db1a8d90) thrown at [/build/openjdk-8-pZyJp3/openjdk-8-8u131-b11/src/hotspot/src/share/vm/prims/jvm.cpp, line 1394]
Event: 2.380 Thread 0x00007fd50000c000 Exception <a 'java/lang/NoClassDefFoundError': android/os/Parcelable$Creator> (0x00000000db1b3168) thrown at [/build/openjdk-8-pZyJp3/openjdk-8-8u131-b11/src/hotspot/src/share/vm/classfile/systemDictionary.cpp, line 199]
Event: 2.380 Thread 0x00007fd50000c000 Exception <a 'java/lang/NoClassDefFoundError'> (0x00000000db1b3168) thrown at [/build/openjdk-8-pZyJp3/openjdk-8-8u131-b11/src/hotspot/src/share/vm/prims/jvm.cpp, line 1394]

Events (10 events):
Event: 2.381 loading class android/support/v4/media/MediaBrowserServiceCompatApi21$ServiceCompatProxy done
Event: 2.381 loading class android/support/v4/media/MediaBrowserServiceCompat$MediaBrowserServiceImplApi23
Event: 2.381 loading class android/support/v4/media/MediaBrowserServiceCompat$MediaBrowserServiceImplApi23 done
Event: 2.382 loading class android/support/v4/media/MediaBrowserServiceCompat$MediaBrowserServiceImplApi21
Event: 2.382 loading class android/support/v4/media/MediaBrowserServiceCompat$MediaBrowserServiceImplApi21 done
Event: 2.382 loading class android/support/v4/media/MediaBrowserServiceCompat$MediaBrowserServiceImpl
Event: 2.382 loading class android/support/v4/media/MediaBrowserServiceCompat$MediaBrowserServiceImpl done
Event: 2.382 loading class android/support/v4/media/MediaBrowserCompat$ItemCallback
Event: 2.382 loading class android/support/v4/media/MediaBrowserCompat$ItemCallback done
Event: 2.383 Executing VM operation: ParallelGCFailedAllocation


Dynamic libraries:
00400000-00401000 r-xp 00000000 103:05 46687                             /usr/lib/jvm/java-8-openjdk-amd64/jre/bin/java
00600000-00601000 r--p 00000000 103:05 46687                             /usr/lib/jvm/java-8-openjdk-amd64/jre/bin/java
00601000-00602000 rw-p 00001000 103:05 46687                             /usr/lib/jvm/java-8-openjdk-amd64/jre/bin/java
00981000-009a2000 rw-p 00000000 00:00 0                                  [heap]
85c00000-8af00000 rw-p 00000000 00:00 0 
8af00000-d7400000 ---p 00000000 00:00 0 
d7400000-dbc00000 rw-p 00000000 00:00 0 
dfa00000-100000000 ---p 00000000 00:00 0 
100000000-1003a0000 rw-p 00000000 00:00 0 
1003a0000-140000000 ---p 00000000 00:00 0 
7fd4a8000000-7fd4abff9000 rw-p 00000000 00:00 0 
7fd4abff9000-7fd4ac000000 ---p 00000000 00:00 0 
7fd4ac000000-7fd4ad0b5000 rw-p 00000000 00:00 0 
7fd4ad0b5000-7fd4b0000000 ---p 00000000 00:00 0 
7fd4b0000000-7fd4b0021000 rw-p 00000000 00:00 0 
7fd4b0021000-7fd4b4000000 ---p 00000000 00:00 0 
7fd4b4000000-7fd4b4021000 rw-p 00000000 00:00 0 
7fd4b4021000-7fd4b8000000 ---p 00000000 00:00 0 
7fd4b8000000-7fd4b9227000 rw-p 00000000 00:00 0 
7fd4b9227000-7fd4bc000000 ---p 00000000 00:00 0 
7fd4bc000000-7fd4bc35f000 rw-p 00000000 00:00 0 
7fd4bc35f000-7fd4c0000000 ---p 00000000 00:00 0 
7fd4c0000000-7fd4c0021000 rw-p 00000000 00:00 0 
7fd4c0021000-7fd4c4000000 ---p 00000000 00:00 0 
7fd4c4000000-7fd4c5b2c000 rw-p 00000000 00:00 0 
7fd4c5b2c000-7fd4c8000000 ---p 00000000 00:00 0 
7fd4c8000000-7fd4c8021000 rw-p 00000000 00:00 0 
7fd4c8021000-7fd4cc000000 ---p 00000000 00:00 0 
7fd4cc000000-7fd4cc021000 rw-p 00000000 00:00 0 
7fd4cc021000-7fd4d0000000 ---p 00000000 00:00 0 
7fd4d0000000-7fd4d0021000 rw-p 00000000 00:00 0 
7fd4d0021000-7fd4d4000000 ---p 00000000 00:00 0 
7fd4d4000000-7fd4d4021000 rw-p 00000000 00:00 0 
7fd4d4021000-7fd4d8000000 ---p 00000000 00:00 0 
7fd4d8000000-7fd4d8021000 rw-p 00000000 00:00 0 
7fd4d8021000-7fd4dc000000 ---p 00000000 00:00 0 
7fd4e0000000-7fd4e0021000 rw-p 00000000 00:00 0 
7fd4e0021000-7fd4e4000000 ---p 00000000 00:00 0 
7fd4e620f000-7fd4e640f000 rw-p 00000000 00:00 0 
7fd4e6423000-7fd4e654f000 rw-p 00000000 00:00 0 
7fd4e654f000-7fd4e6623000 ---p 00000000 00:00 0 
7fd4e6623000-7fd4e6823000 rw-p 00000000 00:00 0 
7fd4e6823000-7fd4e6a23000 rw-p 00000000 00:00 0 
7fd4e6a23000-7fd4e6c23000 rw-p 00000000 00:00 0 
7fd4e6c23000-7fd4e6d18000 r--s 02010000 103:06 2496777                   /home/abu/Android/Sdk/platforms/android-25/android.jar
7fd4e6d18000-7fd4e6d19000 ---p 00000000 00:00 0 
7fd4e6d19000-7fd4e6e19000 rw-p 00000000 00:00 0 
7fd4e6e19000-7fd4e6e1c000 ---p 00000000 00:00 0 
7fd4e6e1c000-7fd4e6f1a000 rw-p 00000000 00:00 0 
7fd4e6f1a000-7fd4e6f1d000 ---p 00000000 00:00 0 
7fd4e6f1d000-7fd4e701b000 rw-p 00000000 00:00 0 
7fd4e701b000-7fd4e701e000 ---p 00000000 00:00 0 
7fd4e701e000-7fd4e711c000 rw-p 00000000 00:00 0 
7fd4e711c000-7fd4e711f000 ---p 00000000 00:00 0 
7fd4e711f000-7fd4e721d000 rw-p 00000000 00:00 0 
7fd4e721d000-7fd4e7220000 ---p 00000000 00:00 0 
7fd4e7220000-7fd4e731e000 rw-p 00000000 00:00 0 
7fd4e731e000-7fd4e75f6000 r--p 00000000 103:05 569073                    /usr/lib/locale/locale-archive
7fd4e75f6000-7fd4e75f9000 ---p 00000000 00:00 0 
7fd4e75f9000-7fd4e76f7000 rw-p 00000000 00:00 0 
7fd4e76f7000-7fd4e76fa000 ---p 00000000 00:00 0 
7fd4e76fa000-7fd4e77f8000 rw-p 00000000 00:00 0 
7fd4e77f8000-7fd4e77f9000 ---p 00000000 00:00 0 
7fd4e77f9000-7fd4e8000000 rw-p 00000000 00:00 0 
7fd4e8000000-7fd4e8021000 rw-p 00000000 00:00 0 
7fd4e8021000-7fd4ec000000 ---p 00000000 00:00 0 
7fd4ec053000-7fd4ec054000 r--p 00000000 103:05 410353                    /usr/share/locale-langpack/en_AU/LC_MESSAGES/libc.mo
7fd4ec054000-7fd4ec05c000 r--s 00047000 103:06 666840                    /home/abu/Documents/Personal/NativeScript/Groceries/SharePlate/platforms/android/build/intermediates/exploded-aar/com.android.support/support-media-compat/25.3.1/jars/classes.jar
7fd4ec05c000-7fd4ec05d000 r--s 00003000 103:06 3944221                   /home/abu/Documents/Personal/NativeScript/Groceries/SharePlate/platforms/android/build/intermediates/exploded-aar/com.android.support/animated-vector-drawable/25.3.1/jars/classes.jar
7fd4ec05d000-7fd4ec073000 r--s 000a7000 103:06 666604                    /home/abu/Documents/Personal/NativeScript/Groceries/SharePlate/platforms/android/build/intermediates/exploded-aar/com.android.support/support-compat/25.3.1/jars/classes.jar
7fd4ec073000-7fd4ec07d000 r--s 000a0000 103:06 3944234                   /home/abu/Documents/Personal/NativeScript/Groceries/SharePlate/platforms/android/build/intermediates/exploded-aar/com.android.support/appcompat-v7/25.3.1/jars/classes.jar
7fd4ec07d000-7fd4ec083000 r--s 00052000 103:06 664959                    /home/abu/Documents/Personal/NativeScript/Groceries/SharePlate/platforms/android/build/intermediates/exploded-aar/com.android.support/recyclerview-v7/25.3.1/jars/classes.jar
7fd4ec083000-7fd4ec086000 r--s 00017000 103:06 666732                    /home/abu/Documents/Personal/NativeScript/Groceries/SharePlate/platforms/android/build/intermediates/exploded-aar/com.android.support/support-core-utils/25.3.1/jars/classes.jar
7fd4ec086000-7fd4ec08b000 r--s 0003c000 103:06 666667                    /home/abu/Documents/Personal/NativeScript/Groceries/SharePlate/platforms/android/build/intermediates/exploded-aar/com.android.support/support-core-ui/25.3.1/jars/classes.jar
7fd4ec08b000-7fd4ec08e000 r--s 00015000 103:05 7926                      /usr/lib/jvm/java-8-openjdk-amd64/jre/lib/jce.jar
7fd4ec08e000-7fd4ec090000 r--s 00005000 103:06 3806375                   /home/abu/.gradle/caches/modules-2/files-2.1/com.parse.bolts/bolts-applinks/1.4.0/8ad21bf21784dacce5f2043afb97218cc377e835/bolts-applinks-1.4.0.jar
7fd4ec090000-7fd4ec092000 r--s 00008000 103:06 3806373                   /home/abu/.gradle/caches/modules-2/files-2.1/com.parse.bolts/bolts-tasks/1.4.0/d85884acf6810a3bbbecb587f239005cbc846dc4/bolts-tasks-1.4.0.jar
7fd4ec092000-7fd4ec094000 r--s 00004000 103:06 2886767                   /home/abu/Android/Sdk/extras/android/m2repository/com/android/support/support-annotations/25.3.1/support-annotations-25.3.1.jar
7fd4ec094000-7fd4ec89c000 rw-p 00000000 00:00 0 
7fd4ec89c000-7fd4eca6a000 r--s 03c13000 103:05 7856                      /usr/lib/jvm/java-8-openjdk-amd64/jre/lib/rt.jar
7fd4eca6a000-7fd4f1000000 rw-p 00000000 00:00 0 
7fd4f1000000-7fd4f12c0000 rwxp 00000000 00:00 0 
7fd4f12c0000-7fd500000000 ---p 00000000 00:00 0 
7fd500000000-7fd504000000 rw-p 00000000 00:00 0 
7fd504000000-7fd504001000 r--s 00009000 103:06 666906                    /home/abu/Documents/Personal/NativeScript/Groceries/SharePlate/platforms/android/build/intermediates/exploded-aar/com.android.support/support-vector-drawable/25.3.1/jars/classes.jar
7fd504001000-7fd50401c000 r--s 001d6000 103:05 7858                      /usr/lib/jvm/java-8-openjdk-amd64/jre/lib/ext/nashorn.jar
7fd50401c000-7fd504037000 r--s 00394000 103:05 7857                      /usr/lib/jvm/java-8-openjdk-amd64/jre/lib/ext/cldrdata.jar
7fd504037000-7fd504409000 rw-p 00000000 00:00 0 
7fd504409000-7fd50440a000 ---p 00000000 00:00 0 
7fd50440a000-7fd50450a000 rw-p 00000000 00:00 0 
7fd50450a000-7fd50450b000 ---p 00000000 00:00 0 
7fd50450b000-7fd50460b000 rw-p 00000000 00:00 0 
7fd50460b000-7fd50460c000 ---p 00000000 00:00 0 
7fd50460c000-7fd50470c000 rw-p 00000000 00:00 0 
7fd50470c000-7fd50470d000 ---p 00000000 00:00 0 
7fd50470d000-7fd504837000 rw-p 00000000 00:00 0 
7fd504837000-7fd504a99000 ---p 00000000 00:00 0 
7fd504a99000-7fd504ac3000 rw-p 00000000 00:00 0 
7fd504ac3000-7fd504d25000 ---p 00000000 00:00 0 
7fd504d25000-7fd504d49000 rw-p 00000000 00:00 0 
7fd504d49000-7fd504e6b000 ---p 00000000 00:00 0 
7fd504e6b000-7fd504e77000 rw-p 00000000 00:00 0 
7fd504e77000-7fd50522c000 ---p 00000000 00:00 0 
7fd50522c000-7fd505234000 r-xp 00000000 103:05 7879                      /usr/lib/jvm/java-8-openjdk-amd64/jre/lib/amd64/libzip.so
7fd505234000-7fd505433000 ---p 00008000 103:05 7879                      /usr/lib/jvm/java-8-openjdk-amd64/jre/lib/amd64/libzip.so
7fd505433000-7fd505434000 r--p 00007000 103:05 7879                      /usr/lib/jvm/java-8-openjdk-amd64/jre/lib/amd64/libzip.so
7fd505434000-7fd505435000 rw-p 00008000 103:05 7879                      /usr/lib/jvm/java-8-openjdk-amd64/jre/lib/amd64/libzip.so
7fd505435000-7fd505440000 r-xp 00000000 103:05 274790                    /lib/x86_64-linux-gnu/libnss_files-2.23.so
7fd505440000-7fd50563f000 ---p 0000b000 103:05 274790                    /lib/x86_64-linux-gnu/libnss_files-2.23.so
7fd50563f000-7fd505640000 r--p 0000a000 103:05 274790                    /lib/x86_64-linux-gnu/libnss_files-2.23.so
7fd505640000-7fd505641000 rw-p 0000b000 103:05 274790                    /lib/x86_64-linux-gnu/libnss_files-2.23.so
7fd505641000-7fd505647000 rw-p 00000000 00:00 0 
7fd505647000-7fd505652000 r-xp 00000000 103:05 274793                    /lib/x86_64-linux-gnu/libnss_nis-2.23.so
7fd505652000-7fd505851000 ---p 0000b000 103:05 274793                    /lib/x86_64-linux-gnu/libnss_nis-2.23.so
7fd505851000-7fd505852000 r--p 0000a000 103:05 274793                    /lib/x86_64-linux-gnu/libnss_nis-2.23.so
7fd505852000-7fd505853000 rw-p 0000b000 103:05 274793                    /lib/x86_64-linux-gnu/libnss_nis-2.23.so
7fd505853000-7fd505869000 r-xp 00000000 103:05 268305                    /lib/x86_64-linux-gnu/libnsl-2.23.so
7fd505869000-7fd505a68000 ---p 00016000 103:05 268305                    /lib/x86_64-linux-gnu/libnsl-2.23.so
7fd505a68000-7fd505a69000 r--p 00015000 103:05 268305                    /lib/x86_64-linux-gnu/libnsl-2.23.so
7fd505a69000-7fd505a6a000 rw-p 00016000 103:05 268305                    /lib/x86_64-linux-gnu/libnsl-2.23.so
7fd505a6a000-7fd505a6c000 rw-p 00000000 00:00 0 
7fd505a6c000-7fd505a74000 r-xp 00000000 103:05 274799                    /lib/x86_64-linux-gnu/libnss_compat-2.23.so
7fd505a74000-7fd505c73000 ---p 00008000 103:05 274799                    /lib/x86_64-linux-gnu/libnss_compat-2.23.so
7fd505c73000-7fd505c74000 r--p 00007000 103:05 274799                    /lib/x86_64-linux-gnu/libnss_compat-2.23.so
7fd505c74000-7fd505c75000 rw-p 00008000 103:05 274799                    /lib/x86_64-linux-gnu/libnss_compat-2.23.so
7fd505c75000-7fd505ca2000 r-xp 00000000 103:05 7894                      /usr/lib/jvm/java-8-openjdk-amd64/jre/lib/amd64/libjava.so
7fd505ca2000-7fd505ea1000 ---p 0002d000 103:05 7894                      /usr/lib/jvm/java-8-openjdk-amd64/jre/lib/amd64/libjava.so
7fd505ea1000-7fd505ea2000 r--p 0002c000 103:05 7894                      /usr/lib/jvm/java-8-openjdk-amd64/jre/lib/amd64/libjava.so
7fd505ea2000-7fd505ea4000 rw-p 0002d000 103:05 7894                      /usr/lib/jvm/java-8-openjdk-amd64/jre/lib/amd64/libjava.so
7fd505ea4000-7fd505eb3000 r-xp 00000000 103:05 7873                      /usr/lib/jvm/java-8-openjdk-amd64/jre/lib/amd64/libverify.so
7fd505eb3000-7fd5060b2000 ---p 0000f000 103:05 7873                      /usr/lib/jvm/java-8-openjdk-amd64/jre/lib/amd64/libverify.so
7fd5060b2000-7fd5060b4000 r--p 0000e000 103:05 7873                      /usr/lib/jvm/java-8-openjdk-amd64/jre/lib/amd64/libverify.so
7fd5060b4000-7fd5060b5000 rw-p 00010000 103:05 7873                      /usr/lib/jvm/java-8-openjdk-amd64/jre/lib/amd64/libverify.so
7fd5060b5000-7fd5060bc000 r-xp 00000000 103:05 274795                    /lib/x86_64-linux-gnu/librt-2.23.so
7fd5060bc000-7fd5062bb000 ---p 00007000 103:05 274795                    /lib/x86_64-linux-gnu/librt-2.23.so
7fd5062bb000-7fd5062bc000 r--p 00006000 103:05 274795                    /lib/x86_64-linux-gnu/librt-2.23.so
7fd5062bc000-7fd5062bd000 rw-p 00007000 103:05 274795                    /lib/x86_64-linux-gnu/librt-2.23.so
7fd5062bd000-7fd5062d3000 r-xp 00000000 103:05 268371                    /lib/x86_64-linux-gnu/libgcc_s.so.1
7fd5062d3000-7fd5064d2000 ---p 00016000 103:05 268371                    /lib/x86_64-linux-gnu/libgcc_s.so.1
7fd5064d2000-7fd5064d3000 rw-p 00015000 103:05 268371                    /lib/x86_64-linux-gnu/libgcc_s.so.1
7fd5064d3000-7fd5065db000 r-xp 00000000 103:05 274804                    /lib/x86_64-linux-gnu/libm-2.23.so
7fd5065db000-7fd5067da000 ---p 00108000 103:05 274804                    /lib/x86_64-linux-gnu/libm-2.23.so
7fd5067da000-7fd5067db000 r--p 00107000 103:05 274804                    /lib/x86_64-linux-gnu/libm-2.23.so
7fd5067db000-7fd5067dc000 rw-p 00108000 103:05 274804                    /lib/x86_64-linux-gnu/libm-2.23.so
7fd5067dc000-7fd50694e000 r-xp 00000000 103:05 536326                    /usr/lib/x86_64-linux-gnu/libstdc++.so.6.0.21
7fd50694e000-7fd506b4e000 ---p 00172000 103:05 536326                    /usr/lib/x86_64-linux-gnu/libstdc++.so.6.0.21
7fd506b4e000-7fd506b58000 r--p 00172000 103:05 536326                    /usr/lib/x86_64-linux-gnu/libstdc++.so.6.0.21
7fd506b58000-7fd506b5a000 rw-p 0017c000 103:05 536326                    /usr/lib/x86_64-linux-gnu/libstdc++.so.6.0.21
7fd506b5a000-7fd506b5e000 rw-p 00000000 00:00 0 
7fd506b5e000-7fd5077b2000 r-xp 00000000 103:05 7878                      /usr/lib/jvm/java-8-openjdk-amd64/jre/lib/amd64/server/libjvm.so
7fd5077b2000-7fd5079b2000 ---p 00c54000 103:05 7878                      /usr/lib/jvm/java-8-openjdk-amd64/jre/lib/amd64/server/libjvm.so
7fd5079b2000-7fd507a45000 r--p 00c54000 103:05 7878                      /usr/lib/jvm/java-8-openjdk-amd64/jre/lib/amd64/server/libjvm.so
7fd507a45000-7fd507a6e000 rw-p 00ce7000 103:05 7878                      /usr/lib/jvm/java-8-openjdk-amd64/jre/lib/amd64/server/libjvm.so
7fd507a6e000-7fd507a9e000 rw-p 00000000 00:00 0 
7fd507a9e000-7fd507ab6000 r-xp 00000000 103:05 274792                    /lib/x86_64-linux-gnu/libpthread-2.23.so
7fd507ab6000-7fd507cb5000 ---p 00018000 103:05 274792                    /lib/x86_64-linux-gnu/libpthread-2.23.so
7fd507cb5000-7fd507cb6000 r--p 00017000 103:05 274792                    /lib/x86_64-linux-gnu/libpthread-2.23.so
7fd507cb6000-7fd507cb7000 rw-p 00018000 103:05 274792                    /lib/x86_64-linux-gnu/libpthread-2.23.so
7fd507cb7000-7fd507cbb000 rw-p 00000000 00:00 0 
7fd507cbb000-7fd507cbe000 r-xp 00000000 103:05 274798                    /lib/x86_64-linux-gnu/libdl-2.23.so
7fd507cbe000-7fd507ebd000 ---p 00003000 103:05 274798                    /lib/x86_64-linux-gnu/libdl-2.23.so
7fd507ebd000-7fd507ebe000 r--p 00002000 103:05 274798                    /lib/x86_64-linux-gnu/libdl-2.23.so
7fd507ebe000-7fd507ebf000 rw-p 00003000 103:05 274798                    /lib/x86_64-linux-gnu/libdl-2.23.so
7fd507ebf000-7fd507ed8000 r-xp 00000000 103:05 290849                    /lib/x86_64-linux-gnu/libz.so.1.2.8
7fd507ed8000-7fd5080d7000 ---p 00019000 103:05 290849                    /lib/x86_64-linux-gnu/libz.so.1.2.8
7fd5080d7000-7fd5080d8000 r--p 00018000 103:05 290849                    /lib/x86_64-linux-gnu/libz.so.1.2.8
7fd5080d8000-7fd5080d9000 rw-p 00019000 103:05 290849                    /lib/x86_64-linux-gnu/libz.so.1.2.8
7fd5080d9000-7fd508299000 r-xp 00000000 103:05 274809                    /lib/x86_64-linux-gnu/libc-2.23.so
7fd508299000-7fd508499000 ---p 001c0000 103:05 274809                    /lib/x86_64-linux-gnu/libc-2.23.so
7fd508499000-7fd50849d000 r--p 001c0000 103:05 274809                    /lib/x86_64-linux-gnu/libc-2.23.so
7fd50849d000-7fd50849f000 rw-p 001c4000 103:05 274809                    /lib/x86_64-linux-gnu/libc-2.23.so
7fd50849f000-7fd5084a3000 rw-p 00000000 00:00 0 
7fd5084a3000-7fd5084b0000 r-xp 00000000 103:05 7871                      /usr/lib/jvm/java-8-openjdk-amd64/jre/lib/amd64/jli/libjli.so
7fd5084b0000-7fd5086b0000 ---p 0000d000 103:05 7871                      /usr/lib/jvm/java-8-openjdk-amd64/jre/lib/amd64/jli/libjli.so
7fd5086b0000-7fd5086b1000 r--p 0000d000 103:05 7871                      /usr/lib/jvm/java-8-openjdk-amd64/jre/lib/amd64/jli/libjli.so
7fd5086b1000-7fd5086b2000 rw-p 0000e000 103:05 7871                      /usr/lib/jvm/java-8-openjdk-amd64/jre/lib/amd64/jli/libjli.so
7fd5086b2000-7fd5086d8000 r-xp 00000000 103:05 268425                    /lib/x86_64-linux-gnu/ld-2.23.so
7fd5086d8000-7fd5086d9000 r--s 00000000 103:06 3944295                   /home/abu/Documents/Personal/NativeScript/Groceries/SharePlate/platforms/android/build-tools/android-static-binding-generator/interfacenamegenerator.jar
7fd5086d9000-7fd5086e3000 r--s 00116000 103:05 7859                      /usr/lib/jvm/java-8-openjdk-amd64/jre/lib/ext/localedata.jar
7fd5086e3000-7fd5087b3000 rw-p 00000000 00:00 0 
7fd5087b3000-7fd5087b6000 ---p 00000000 00:00 0 
7fd5087b6000-7fd5088b9000 rw-p 00000000 00:00 0 
7fd5088b9000-7fd5088ba000 r--s 00010000 103:05 7866                      /usr/lib/jvm/java-8-openjdk-amd64/jre/lib/ext/zipfs.jar
7fd5088ba000-7fd5088bb000 r--s 0000a000 103:05 7862                      /usr/lib/jvm/java-8-openjdk-amd64/jre/lib/ext/jaccess.jar
7fd5088bb000-7fd5088bd000 r--s 00008000 103:05 7865                      /usr/lib/jvm/java-8-openjdk-amd64/jre/lib/ext/sunec.jar
7fd5088bd000-7fd5088bf000 r--s 00001000 103:05 7861                      /usr/lib/jvm/java-8-openjdk-amd64/jre/lib/ext/dnsns.jar
7fd5088bf000-7fd5088c2000 r--s 0000f000 103:05 7864                      /usr/lib/jvm/java-8-openjdk-amd64/jre/lib/ext/icedtea-sound.jar
7fd5088c2000-7fd5088c6000 r--s 00037000 103:05 7860                      /usr/lib/jvm/java-8-openjdk-amd64/jre/lib/ext/sunpkcs11.jar
7fd5088c6000-7fd5088cb000 r--s 0003b000 103:05 7863                      /usr/lib/jvm/java-8-openjdk-amd64/jre/lib/ext/sunjce_provider.jar
7fd5088cb000-7fd5088d3000 rw-s 00000000 103:05 317237                    /tmp/hsperfdata_abu/13263
7fd5088d3000-7fd5088d4000 rw-p 00000000 00:00 0 
7fd5088d4000-7fd5088d5000 ---p 00000000 00:00 0 
7fd5088d5000-7fd5088d7000 rw-p 00000000 00:00 0 
7fd5088d7000-7fd5088d8000 r--p 00025000 103:05 268425                    /lib/x86_64-linux-gnu/ld-2.23.so
7fd5088d8000-7fd5088d9000 rw-p 00026000 103:05 268425                    /lib/x86_64-linux-gnu/ld-2.23.so
7fd5088d9000-7fd5088da000 rw-p 00000000 00:00 0 
7ffcf44c8000-7ffcf44ea000 rw-p 00000000 00:00 0                          [stack]
7ffcf4504000-7ffcf4506000 r--p 00000000 00:00 0                          [vvar]
7ffcf4506000-7ffcf4508000 r-xp 00000000 00:00 0                          [vdso]
ffffffffff600000-ffffffffff601000 r-xp 00000000 00:00 0                  [vsyscall]

VM Arguments:
jvm_args: -Dfile.encoding=UTF-8 -Duser.country=AU -Duser.language=en -Duser.variant 
java_command: interfacenamegenerator.jar /home/abu/Android/Sdk/extras/android/m2repository/com/android/support/support-annotations/25.3.1/support-annotations-25.3.1.jar /home/abu/.gradle/caches/modules-2/files-2.1/com.parse.bolts/bolts-android/1.4.0/cc174c559b5177982887bf6e1b76003aebad9516/bolts-android-1.4.0.jar /home/abu/.gradle/caches/modules-2/files-2.1/com.parse.bolts/bolts-tasks/1.4.0/d85884acf6810a3bbbecb587f239005cbc846dc4/bolts-tasks-1.4.0.jar /home/abu/.gradle/caches/modules-2/files-2.1/com.parse.bolts/bolts-applinks/1.4.0/8ad21bf21784dacce5f2043afb97218cc377e835/bolts-applinks-1.4.0.jar /home/abu/Android/Sdk/platforms/android-25/android.jar /home/abu/Documents/Personal/NativeScript/Groceries/SharePlate/platforms/android/build/intermediates/exploded-aar/com.android.support/support-core-ui/25.3.1/jars/classes.jar /home/abu/Documents/Personal/NativeScript/Groceries/SharePlate/platforms/android/build/intermediates/exploded-aar/com.android.support/support-core-utils/25.3.1/jars/classes.jar /home/abu/Documents/Personal/NativeScript/Groceries/SharePlate/platforms/android/build/intermediates/exploded-aar/com.android.support/recyclerview-v7/25.3.1/jars/classes.jar /home/abu/Documents/Personal/NativeScript/Groceries/SharePlate/platforms/android/build/intermediates/exploded-aar/com.android.support/appcompat-v7/25.3.1/jars/classes.jar /home/abu/Documents/Personal/NativeScript/Groceries/SharePlate/platforms/android/build/intermediates/exploded-aar/com.android.support/support-vector-drawable/25.3.1/jars/classes.jar /home/abu/Documents/Personal/NativeScript/Groceries/SharePlate/platforms/android/build/intermediates/exploded-aar/com.android.support/support-compat/25.3.1/jars/classes.jar /home/abu/Documents/Personal/NativeScript/Groceries/SharePlate/platforms/android/build/intermediates/exploded-aar/com.android.support/animated-vector-drawable/25.3.1/jars/classes.jar /home/abu/Documents/Personal/NativeScript/Groceries/SharePlate/platforms/android/build/intermediates/exp
java_class_path (initial): interfacenamegenerator.jar
Launcher Type: SUN_STANDARD

Environment Variables:
PATH=/home/abu/miniconda2/bin:/home/abu/bin:/home/abu/.local/bin:/home/abu/home/abu/Documents/minizinc-2.1.4/bin:/usr/local/sbin:/usr/local/bin:/usr/sbin:/usr/bin:/sbin:/bin:/usr/games:/usr/local/games:/snap/bin:/home/abu/Android/Sdk/tools:/home/abu/Android/Sdk/tools
SHELL=/bin/bash
DISPLAY=:0

Signal Handlers:
SIGSEGV: [libjvm.so+0xa6ad10], sa_mask[0]=11111111011111111101111111111110, sa_flags=SA_RESTART|SA_SIGINFO
SIGBUS: [libjvm.so+0xa6ad10], sa_mask[0]=11111111011111111101111111111110, sa_flags=SA_RESTART|SA_SIGINFO
SIGFPE: [libjvm.so+0x8b3bc0], sa_mask[0]=11111111011111111101111111111110, sa_flags=SA_RESTART|SA_SIGINFO
SIGPIPE: [libjvm.so+0x8b3bc0], sa_mask[0]=11111111011111111101111111111110, sa_flags=SA_RESTART|SA_SIGINFO
SIGXFSZ: [libjvm.so+0x8b3bc0], sa_mask[0]=11111111011111111101111111111110, sa_flags=SA_RESTART|SA_SIGINFO
SIGILL: [libjvm.so+0x8b3bc0], sa_mask[0]=11111111011111111101111111111110, sa_flags=SA_RESTART|SA_SIGINFO
SIGUSR1: SIG_DFL, sa_mask[0]=00000000000000000000000000000000, sa_flags=none
SIGUSR2: [libjvm.so+0x8b3a70], sa_mask[0]=00100000000000000000000000000000, sa_flags=SA_RESTART|SA_SIGINFO
SIGHUP: [libjvm.so+0x8b3f40], sa_mask[0]=11111111011111111101111111111110, sa_flags=SA_RESTART|SA_SIGINFO
SIGINT: [libjvm.so+0x8b3f40], sa_mask[0]=11111111011111111101111111111110, sa_flags=SA_RESTART|SA_SIGINFO
SIGTERM: [libjvm.so+0x8b3f40], sa_mask[0]=11111111011111111101111111111110, sa_flags=SA_RESTART|SA_SIGINFO
SIGQUIT: [libjvm.so+0x8b3f40], sa_mask[0]=11111111011111111101111111111110, sa_flags=SA_RESTART|SA_SIGINFO


---------------  S Y S T E M  ---------------

OS:DISTRIB_ID=Ubuntu
DISTRIB_RELEASE=16.04
DISTRIB_CODENAME=xenial
DISTRIB_DESCRIPTION="Ubuntu 16.04.2 LTS"

uname:Linux 4.10.0-33-generic #37~16.04.1-Ubuntu SMP Fri Aug 11 14:07:24 UTC 2017 x86_64
libc:glibc 2.23 NPTL 2.23 
rlimit: STACK 8192k, CORE 0k, NPROC 29876, NOFILE 65536, AS infinity
load average:2.47 2.03 1.60

/proc/meminfo:
MemTotal:        8010160 kB
MemFree:          126380 kB
MemAvailable:      19308 kB
Buffers:             904 kB
Cached:          1689516 kB
SwapCached:            0 kB
Active:          5940164 kB
Inactive:        1670028 kB
Active(anon):    5930392 kB
Inactive(anon):  1659964 kB
Active(file):       9772 kB
Inactive(file):    10064 kB
Unevictable:         196 kB
Mlocked:             196 kB
SwapTotal:             0 kB
SwapFree:              0 kB
Dirty:              1272 kB
Writeback:             8 kB
AnonPages:       5920472 kB
Mapped:           430824 kB
Shmem:           1670084 kB
Slab:             104068 kB
SReclaimable:      48196 kB
SUnreclaim:        55872 kB
KernelStack:       14368 kB
PageTables:        70652 kB
NFS_Unstable:          0 kB
Bounce:                0 kB
WritebackTmp:          0 kB
CommitLimit:     4005080 kB
Committed_AS:   16114376 kB
VmallocTotal:   34359738367 kB
VmallocUsed:           0 kB
VmallocChunk:          0 kB
HardwareCorrupted:     0 kB
AnonHugePages:   1968128 kB
ShmemHugePages:        0 kB
ShmemPmdMapped:        0 kB
CmaTotal:              0 kB
CmaFree:               0 kB
HugePages_Total:       0
HugePages_Free:        0
HugePages_Rsvd:        0
HugePages_Surp:        0
Hugepagesize:       2048 kB
DirectMap4k:      198920 kB
DirectMap2M:     8028160 kB
DirectMap1G:     1048576 kB


CPU:total 4 (initial active 4) (2 cores per cpu, 2 threads per core) family 6 model 78 stepping 3, cmov, cx8, fxsr, mmx, sse, sse2, sse3, ssse3, sse4.1, sse4.2, popcnt, avx, avx2, aes, clmul, erms, 3dnowpref, lzcnt, ht, tsc, tscinvbit, bmi1, bmi2, adx

/proc/cpuinfo:
processor	: 0
vendor_id	: GenuineIntel
cpu family	: 6
model		: 78
model name	: Intel(R) Core(TM) i7-6560U CPU @ 2.20GHz
stepping	: 3
microcode	: 0x6a
cpu MHz		: 3099.926
cache size	: 4096 KB
physical id	: 0
siblings	: 4
core id		: 0
cpu cores	: 2
apicid		: 0
initial apicid	: 0
fpu		: yes
fpu_exception	: yes
cpuid level	: 22
wp		: yes
flags		: fpu vme de pse tsc msr pae mce cx8 apic sep mtrr pge mca cmov pat pse36 clflush dts acpi mmx fxsr sse sse2 ss ht tm pbe syscall nx pdpe1gb rdtscp lm constant_tsc art arch_perfmon pebs bts rep_good nopl xtopology nonstop_tsc aperfmperf tsc_known_freq pni pclmulqdq dtes64 monitor ds_cpl vmx est tm2 ssse3 sdbg fma cx16 xtpr pdcm pcid sse4_1 sse4_2 x2apic movbe popcnt tsc_deadline_timer aes xsave avx f16c rdrand lahf_lm abm 3dnowprefetch epb intel_pt tpr_shadow vnmi flexpriority ept vpid fsgsbase tsc_adjust bmi1 avx2 smep bmi2 erms invpcid mpx rdseed adx smap clflushopt xsaveopt xsavec xgetbv1 xsaves dtherm ida arat pln pts hwp hwp_notify hwp_act_window hwp_epp
bugs		:
bogomips	: 4416.00
clflush size	: 64
cache_alignment	: 64
address sizes	: 39 bits physical, 48 bits virtual
power management:

processor	: 1
vendor_id	: GenuineIntel
cpu family	: 6
model		: 78
model name	: Intel(R) Core(TM) i7-6560U CPU @ 2.20GHz
stepping	: 3
microcode	: 0x6a
cpu MHz		: 3099.926
cache size	: 4096 KB
physical id	: 0
siblings	: 4
core id		: 1
cpu cores	: 2
apicid		: 2
initial apicid	: 2
fpu		: yes
fpu_exception	: yes
cpuid level	: 22
wp		: yes
flags		: fpu vme de pse tsc msr pae mce cx8 apic sep mtrr pge mca cmov pat pse36 clflush dts acpi mmx fxsr sse sse2 ss ht tm pbe syscall nx pdpe1gb rdtscp lm constant_tsc art arch_perfmon pebs bts rep_good nopl xtopology nonstop_tsc aperfmperf tsc_known_freq pni pclmulqdq dtes64 monitor ds_cpl vmx est tm2 ssse3 sdbg fma cx16 xtpr pdcm pcid sse4_1 sse4_2 x2apic movbe popcnt tsc_deadline_timer aes xsave avx f16c rdrand lahf_lm abm 3dnowprefetch epb intel_pt tpr_shadow vnmi flexpriority ept vpid fsgsbase tsc_adjust bmi1 avx2 smep bmi2 erms invpcid mpx rdseed adx smap clflushopt xsaveopt xsavec xgetbv1 xsaves dtherm ida arat pln pts hwp hwp_notify hwp_act_window hwp_epp
bugs		:
bogomips	: 4416.00
clflush size	: 64
cache_alignment	: 64
address sizes	: 39 bits physical, 48 bits virtual
power management:

processor	: 2
vendor_id	: GenuineIntel
cpu family	: 6
model		: 78
model name	: Intel(R) Core(TM) i7-6560U CPU @ 2.20GHz
stepping	: 3
microcode	: 0x6a
cpu MHz		: 3099.926
cache size	: 4096 KB
physical id	: 0
siblings	: 4
core id		: 0
cpu cores	: 2
apicid		: 1
initial apicid	: 1
fpu		: yes
fpu_exception	: yes
cpuid level	: 22
wp		: yes
flags		: fpu vme de pse tsc msr pae mce cx8 apic sep mtrr pge mca cmov pat pse36 clflush dts acpi mmx fxsr sse sse2 ss ht tm pbe syscall nx pdpe1gb rdtscp lm constant_tsc art arch_perfmon pebs bts rep_good nopl xtopology nonstop_tsc aperfmperf tsc_known_freq pni pclmulqdq dtes64 monitor ds_cpl vmx est tm2 ssse3 sdbg fma cx16 xtpr pdcm pcid sse4_1 sse4_2 x2apic movbe popcnt tsc_deadline_timer aes xsave avx f16c rdrand lahf_lm abm 3dnowprefetch epb intel_pt tpr_shadow vnmi flexpriority ept vpid fsgsbase tsc_adjust bmi1 avx2 smep bmi2 erms invpcid mpx rdseed adx smap clflushopt xsaveopt xsavec xgetbv1 xsaves dtherm ida arat pln pts hwp hwp_notify hwp_act_window hwp_epp
bugs		:
bogomips	: 4416.00
clflush size	: 64
cache_alignment	: 64
address sizes	: 39 bits physical, 48 bits virtual
power management:

processor	: 3
vendor_id	: GenuineIntel
cpu family	: 6
model		: 78
model name	: Intel(R) Core(TM) i7-6560U CPU @ 2.20GHz
stepping	: 3
microcode	: 0x6a
cpu MHz		: 3099.926
cache size	: 4096 KB
physical id	: 0
siblings	: 4
core id		: 1
cpu cores	: 2
apicid		: 3
initial apicid	: 3
fpu		: yes
fpu_exception	: yes
cpuid level	: 22
wp		: yes
flags		: fpu vme de pse tsc msr pae mce cx8 apic sep mtrr pge mca cmov pat pse36 clflush dts acpi mmx fxsr sse sse2 ss ht tm pbe syscall nx pdpe1gb rdtscp lm constant_tsc art arch_perfmon pebs bts rep_good nopl xtopology nonstop_tsc aperfmperf tsc_known_freq pni pclmulqdq dtes64 monitor ds_cpl vmx est tm2 ssse3 sdbg fma cx16 xtpr pdcm pcid sse4_1 sse4_2 x2apic movbe popcnt tsc_deadline_timer aes xsave avx f16c rdrand lahf_lm abm 3dnowprefetch epb intel_pt tpr_shadow vnmi flexpriority ept vpid fsgsbase tsc_adjust bmi1 avx2 smep bmi2 erms invpcid mpx rdseed adx smap clflushopt xsaveopt xsavec xgetbv1 xsaves dtherm ida arat pln pts hwp hwp_notify hwp_act_window hwp_epp
bugs		:
bogomips	: 4416.00
clflush size	: 64
cache_alignment	: 64
address sizes	: 39 bits physical, 48 bits virtual
power management:



Memory: 4k page, physical 8010160k(126056k free), swap 0k(0k free)

vm_info: OpenJDK 64-Bit Server VM (25.131-b11) for linux-amd64 JRE (1.8.0_131-8u131-b11-2ubuntu1.16.04.3-b11), built on Jul 28 2017 01:23:32 by "buildd" with gcc 5.4.0 20160609

time: Thu Sep 14 18:25:40 2017
elapsed time: 2 seconds (0d 0h 0m 2s)

