#
# There is insufficient memory for the Java Runtime Environment to continue.
# Native memory allocation (mmap) failed to map 65011712 bytes for committing reserved memory.
# Possible reasons:
#   The system is out of physical RAM or swap space
#   In 32 bit mode, the process size limit was hit
# Possible solutions:
#   Reduce memory load on the system
#   Increase physical memory or swap space
#   Check if swap backing store is full
#   Use 64 bit Java on a 64 bit OS
#   Decrease Java heap size (-Xmx/-Xms)
#   Decrease number of Java threads
#   Decrease Java thread stack sizes (-Xss)
#   Set larger code cache with -XX:ReservedCodeCacheSize=
# This output file may be truncated or incomplete.
#
#  Out of Memory Error (os_linux.cpp:2643), pid=10050, tid=0x00007fe566007700
#
# JRE version: OpenJDK Runtime Environment (8.0_131-b11) (build 1.8.0_131-8u131-b11-2ubuntu1.16.04.3-b11)
# Java VM: OpenJDK 64-Bit Server VM (25.131-b11 mixed mode linux-amd64 compressed oops)
# Failed to write core dump. Core dumps have been disabled. To enable core dumping, try "ulimit -c unlimited" before starting Java again
#

---------------  T H R E A D  ---------------

Current thread (0x00007fe578140800):  VMThread [stack: 0x00007fe565f07000,0x00007fe566008000] [id=10060]

Stack: [0x00007fe565f07000,0x00007fe566008000],  sp=0x00007fe5660064c0,  free space=1021k
Native frames: (J=compiled Java code, j=interpreted, Vv=VM code, C=native code)
V  [libjvm.so+0xa6a1bb]
V  [libjvm.so+0x4c5a6c]
V  [libjvm.so+0x8b85a0]
V  [libjvm.so+0x8b2a1e]
V  [libjvm.so+0x92d556]
V  [libjvm.so+0x92e883]
V  [libjvm.so+0x92af33]
V  [libjvm.so+0x92b1fc]
V  [libjvm.so+0x8dd093]
V  [libjvm.so+0xa6be72]
V  [libjvm.so+0xa70f57]
V  [libjvm.so+0xa6e727]
V  [libjvm.so+0xa6fbaf]
V  [libjvm.so+0xa700a1]
V  [libjvm.so+0x8b5a82]

VM_Operation (0x00007fe57f2284a0): ParallelGCFailedAllocation, mode: safepoint, requested by thread 0x00007fe57800c000


---------------  P R O C E S S  ---------------

Java Threads: ( => current thread )
  0x00007fe57818a800 JavaThread "Service Thread" daemon [_thread_blocked, id=10067, stack(0x00007fe565528000,0x00007fe565629000)]
  0x00007fe57817b000 JavaThread "C1 CompilerThread2" daemon [_thread_blocked, id=10066, stack(0x00007fe565629000,0x00007fe56572a000)]
  0x00007fe578179800 JavaThread "C2 CompilerThread1" daemon [_thread_in_native, id=10065, stack(0x00007fe56572a000,0x00007fe56582b000)]
  0x00007fe578176800 JavaThread "C2 CompilerThread0" daemon [_thread_blocked, id=10064, stack(0x00007fe56582b000,0x00007fe56592c000)]
  0x00007fe578174800 JavaThread "Signal Dispatcher" daemon [_thread_blocked, id=10063, stack(0x00007fe56592c000,0x00007fe565a2d000)]
  0x00007fe57814d000 JavaThread "Finalizer" daemon [_thread_blocked, id=10062, stack(0x00007fe565d05000,0x00007fe565e06000)]
  0x00007fe578148000 JavaThread "Reference Handler" daemon [_thread_blocked, id=10061, stack(0x00007fe565e06000,0x00007fe565f07000)]
  0x00007fe57800c000 JavaThread "main" [_thread_blocked, id=10055, stack(0x00007fe57f129000,0x00007fe57f22a000)]

Other Threads:
=>0x00007fe578140800 VMThread [stack: 0x00007fe565f07000,0x00007fe566008000] [id=10060]
  0x00007fe57818d000 WatcherThread [stack: 0x00007fe565427000,0x00007fe565528000] [id=10068]

VM state:at safepoint (normal execution)

VM Mutex/Monitor currently owned by a thread:  ([mutex/lock_event])
[0x00007fe578008560] Threads_lock - owner thread: 0x00007fe578140800
[0x00007fe578008a60] Heap_lock - owner thread: 0x00007fe57800c000

Heap:
 PSYoungGen      total 68608K, used 5104K [0x00000000d7400000, 0x00000000dbc00000, 0x0000000100000000)
  eden space 63488K, 0% used [0x00000000d7400000,0x00000000d7400000,0x00000000db200000)
  from space 5120K, 99% used [0x00000000db200000,0x00000000db6fc010,0x00000000db700000)
  to   space 5120K, 0% used [0x00000000db700000,0x00000000db700000,0x00000000dbc00000)
 ParOldGen       total 84992K, used 62515K [0x0000000085c00000, 0x000000008af00000, 0x00000000d7400000)
  object space 84992K, 73% used [0x0000000085c00000,0x000000008990cea8,0x000000008af00000)
 Metaspace       used 3447K, capacity 4944K, committed 5120K, reserved 1056768K
  class space    used 355K, capacity 456K, committed 512K, reserved 1048576K

Card table byte_map: [0x00007fe568246000,0x00007fe568619000] byte_map_base: 0x00007fe567e18000

Marking Bits: (ParMarkBitMap*) 0x00007fe57e3f72c0
 Begin Bits: [0x00007fe5542e0000, 0x00007fe556170000)
 End Bits:   [0x00007fe556170000, 0x00007fe558000000)

Polling page: 0x00007fe57f24a000

CodeCache: size=245760Kb used=2447Kb max_used=2458Kb free=243312Kb
 bounds [0x00007fe5689d9000, 0x00007fe568c49000, 0x00007fe5779d9000]
 total_blobs=590 nmethods=348 adapters=157
 compilation: enabled

Compilation events (10 events):
Event: 0.800 Thread 0x00007fe578176800 nmethod 335 0x00007fe568c377d0 code [0x00007fe568c37940, 0x00007fe568c37a98]
Event: 0.810 Thread 0x00007fe578176800  354       4       java.util.ArrayList::iterator (10 bytes)
Event: 0.811 Thread 0x00007fe578176800 nmethod 354 0x00007fe568bf0890 code [0x00007fe568bf09e0, 0x00007fe568bf0ae8]
Event: 0.811 Thread 0x00007fe578176800  355       4       java.util.HashMap$HashIterator::nextNode (100 bytes)
Event: 0.814 Thread 0x00007fe578176800 nmethod 355 0x00007fe568c3ffd0 code [0x00007fe568c40120, 0x00007fe568c40318]
Event: 0.814 Thread 0x00007fe578176800  356       4       org.apache.bcel.util.ClassPath::hashCode (8 bytes)
Event: 0.816 Thread 0x00007fe578176800 nmethod 356 0x00007fe568c3fb90 code [0x00007fe568c3fce0, 0x00007fe568c3fe58]
Event: 0.818 Thread 0x00007fe578176800  357       4       org.apache.bcel.classfile.ClassParser::readID (45 bytes)
Event: 0.818 Thread 0x00007fe578176800 nmethod 357 0x00007fe568be8690 code [0x00007fe568be87e0, 0x00007fe568be88a8]
Event: 0.818 Thread 0x00007fe578176800  358       4       org.apache.bcel.classfile.ClassParser::readClassInfo (88 bytes)

GC Heap History (5 events):
Event: 0.239 GC heap before
{Heap before GC invocations=1 (full 0):
 PSYoungGen      total 36864K, used 31744K [0x00000000d7400000, 0x00000000d9d00000, 0x0000000100000000)
  eden space 31744K, 100% used [0x00000000d7400000,0x00000000d9300000,0x00000000d9300000)
  from space 5120K, 0% used [0x00000000d9800000,0x00000000d9800000,0x00000000d9d00000)
  to   space 5120K, 0% used [0x00000000d9300000,0x00000000d9300000,0x00000000d9800000)
 ParOldGen       total 84992K, used 0K [0x0000000085c00000, 0x000000008af00000, 0x00000000d7400000)
  object space 84992K, 0% used [0x0000000085c00000,0x0000000085c00000,0x000000008af00000)
 Metaspace       used 3397K, capacity 4944K, committed 5120K, reserved 1056768K
  class space    used 349K, capacity 456K, committed 512K, reserved 1048576K
Event: 0.255 GC heap after
Heap after GC invocations=1 (full 0):
 PSYoungGen      total 36864K, used 5104K [0x00000000d7400000, 0x00000000dbc00000, 0x0000000100000000)
  eden space 31744K, 0% used [0x00000000d7400000,0x00000000d7400000,0x00000000d9300000)
  from space 5120K, 99% used [0x00000000d9300000,0x00000000d97fc010,0x00000000d9800000)
  to   space 5120K, 0% used [0x00000000db700000,0x00000000db700000,0x00000000dbc00000)
 ParOldGen       total 84992K, used 10118K [0x0000000085c00000, 0x000000008af00000, 0x00000000d7400000)
  object space 84992K, 11% used [0x0000000085c00000,0x00000000865e19d8,0x000000008af00000)
 Metaspace       used 3397K, capacity 4944K, committed 5120K, reserved 1056768K
  class space    used 349K, capacity 456K, committed 512K, reserved 1048576K
}
Event: 0.374 GC heap before
{Heap before GC invocations=2 (full 0):
 PSYoungGen      total 36864K, used 36848K [0x00000000d7400000, 0x00000000dbc00000, 0x0000000100000000)
  eden space 31744K, 100% used [0x00000000d7400000,0x00000000d9300000,0x00000000d9300000)
  from space 5120K, 99% used [0x00000000d9300000,0x00000000d97fc010,0x00000000d9800000)
  to   space 5120K, 0% used [0x00000000db700000,0x00000000db700000,0x00000000dbc00000)
 ParOldGen       total 84992K, used 10118K [0x0000000085c00000, 0x000000008af00000, 0x00000000d7400000)
  object space 84992K, 11% used [0x0000000085c00000,0x00000000865e19d8,0x000000008af00000)
 Metaspace       used 3404K, capacity 4944K, committed 5120K, reserved 1056768K
  class space    used 349K, capacity 456K, committed 512K, reserved 1048576K
Event: 0.406 GC heap after
Heap after GC invocations=2 (full 0):
 PSYoungGen      total 68608K, used 5104K [0x00000000d7400000, 0x00000000dbc00000, 0x0000000100000000)
  eden space 63488K, 0% used [0x00000000d7400000,0x00000000d7400000,0x00000000db200000)
  from space 5120K, 99% used [0x00000000db700000,0x00000000dbbfc010,0x00000000dbc00000)
  to   space 5120K, 0% used [0x00000000db200000,0x00000000db200000,0x00000000db700000)
 ParOldGen       total 84992K, used 27712K [0x0000000085c00000, 0x000000008af00000, 0x00000000d7400000)
  object space 84992K, 32% used [0x0000000085c00000,0x00000000877102e0,0x000000008af00000)
 Metaspace       used 3404K, capacity 4944K, committed 5120K, reserved 1056768K
  class space    used 349K, capacity 456K, committed 512K, reserved 1048576K
}
Event: 0.826 GC heap before
{Heap before GC invocations=3 (full 0):
 PSYoungGen      total 68608K, used 68592K [0x00000000d7400000, 0x00000000dbc00000, 0x0000000100000000)
  eden space 63488K, 100% used [0x00000000d7400000,0x00000000db200000,0x00000000db200000)
  from space 5120K, 99% used [0x00000000db700000,0x00000000dbbfc010,0x00000000dbc00000)
  to   space 5120K, 0% used [0x00000000db200000,0x00000000db200000,0x00000000db700000)
 ParOldGen       total 84992K, used 27712K [0x0000000085c00000, 0x000000008af00000, 0x00000000d7400000)
  object space 84992K, 32% used [0x0000000085c00000,0x00000000877102e0,0x000000008af00000)
 Metaspace       used 3447K, capacity 4944K, committed 5120K, reserved 1056768K
  class space    used 355K, capacity 456K, committed 512K, reserved 1048576K

Deoptimization events (10 events):
Event: 0.280 Thread 0x00007fe57800c000 Uncommon trap: reason=unloaded action=reinterpret pc=0x00007fe568b96a70 method=org.apache.bcel.classfile.Constant.readConstant(Ljava/io/DataInputStream;)Lorg/apache/bcel/classfile/Constant; @ 122
Event: 0.346 Thread 0x00007fe57800c000 Uncommon trap: reason=unstable_if action=reinterpret pc=0x00007fe568b7ed58 method=java.io.DataInputStream.readUTF(Ljava/io/DataInput;)Ljava/lang/String; @ 112
Event: 0.633 Thread 0x00007fe57800c000 Uncommon trap: reason=unstable_if action=reinterpret pc=0x00007fe568bec524 method=java.util.zip.ZipInputStream.readLOC()Ljava/util/zip/ZipEntry; @ 29
Event: 0.633 Thread 0x00007fe57800c000 Uncommon trap: reason=null_check action=make_not_entrant pc=0x00007fe568bef520 method=java.util.jar.JarInputStream.getNextEntry()Ljava/util/zip/ZipEntry; @ 11
Event: 0.637 Thread 0x00007fe57800c000 Uncommon trap: reason=unstable_if action=reinterpret pc=0x00007fe568be5f30 method=java.util.zip.ZipCoder.decoder()Ljava/nio/charset/CharsetDecoder; @ 4
Event: 0.641 Thread 0x00007fe57800c000 Uncommon trap: reason=unstable_if action=reinterpret pc=0x00007fe568bf1b64 method=java.util.HashMap.putVal(ILjava/lang/Object;Ljava/lang/Object;ZZ)Ljava/lang/Object; @ 181
Event: 0.642 Thread 0x00007fe57800c000 Uncommon trap: reason=unstable_if action=reinterpret pc=0x00007fe568bfeca0 method=org.apache.bcel.classfile.Code.<init>(IILjava/io/DataInputStream;Lorg/apache/bcel/classfile/ConstantPool;)V @ 82
Event: 0.642 Thread 0x00007fe57800c000 Uncommon trap: reason=unstable_if action=reinterpret pc=0x00007fe568bea48c method=java.util.HashMap.putVal(ILjava/lang/Object;Ljava/lang/Object;ZZ)Ljava/lang/Object; @ 181
Event: 0.646 Thread 0x00007fe57800c000 Uncommon trap: reason=unstable_if action=reinterpret pc=0x00007fe568bacd08 method=org.apache.bcel.classfile.Code.<init>(IILjava/io/DataInputStream;Lorg/apache/bcel/classfile/ConstantPool;)V @ 82
Event: 0.662 Thread 0x00007fe57800c000 Uncommon trap: reason=unstable_if action=reinterpret pc=0x00007fe568bf00c8 method=java.util.zip.ZipCoder.decoder()Ljava/nio/charset/CharsetDecoder; @ 4

Internal exceptions (3 events):
Event: 0.013 Thread 0x00007fe57800c000 Exception <a 'java/lang/NoSuchMethodError': Method sun.misc.Unsafe.defineClass(Ljava/lang/String;[BII)Ljava/lang/Class; name or signature does not match> (0x00000000d7407ca8) thrown at [/build/openjdk-8-pZyJp3/openjdk-8-8u131-b11/src/hotspot/src/share/vm/
Event: 0.013 Thread 0x00007fe57800c000 Exception <a 'java/lang/NoSuchMethodError': Method sun.misc.Unsafe.prefetchRead(Ljava/lang/Object;J)V name or signature does not match> (0x00000000d7407f90) thrown at [/build/openjdk-8-pZyJp3/openjdk-8-8u131-b11/src/hotspot/src/share/vm/prims/jni.cpp, lin
Event: 0.633 Thread 0x00007fe57800c000 Implicit null exception at 0x00007fe568bef480 to 0x00007fe568bef512

Events (10 events):
Event: 0.642 Thread 0x00007fe57800c000 Uncommon trap: trap_request=0xffffff65 fr.pc=0x00007fe568bea48c
Event: 0.642 Thread 0x00007fe57800c000 DEOPT PACKING pc=0x00007fe568bea48c sp=0x00007fe57f228420
Event: 0.642 Thread 0x00007fe57800c000 DEOPT UNPACKING pc=0x00007fe5689ddf69 sp=0x00007fe57f228360 mode 2
Event: 0.646 Thread 0x00007fe57800c000 Uncommon trap: trap_request=0xffffff65 fr.pc=0x00007fe568bacd08
Event: 0.646 Thread 0x00007fe57800c000 DEOPT PACKING pc=0x00007fe568bacd08 sp=0x00007fe57f228480
Event: 0.646 Thread 0x00007fe57800c000 DEOPT UNPACKING pc=0x00007fe5689ddf69 sp=0x00007fe57f228488 mode 2
Event: 0.662 Thread 0x00007fe57800c000 Uncommon trap: trap_request=0xffffff65 fr.pc=0x00007fe568bf00c8
Event: 0.662 Thread 0x00007fe57800c000 DEOPT PACKING pc=0x00007fe568bf00c8 sp=0x00007fe57f228580
Event: 0.662 Thread 0x00007fe57800c000 DEOPT UNPACKING pc=0x00007fe5689ddf69 sp=0x00007fe57f228470 mode 2
Event: 0.826 Executing VM operation: ParallelGCFailedAllocation


Dynamic libraries:
00400000-00401000 r-xp 00000000 103:05 46687                             /usr/lib/jvm/java-8-openjdk-amd64/jre/bin/java
00600000-00601000 r--p 00000000 103:05 46687                             /usr/lib/jvm/java-8-openjdk-amd64/jre/bin/java
00601000-00602000 rw-p 00001000 103:05 46687                             /usr/lib/jvm/java-8-openjdk-amd64/jre/bin/java
02049000-0206a000 rw-p 00000000 00:00 0                                  [heap]
85c00000-8af00000 rw-p 00000000 00:00 0 
8af00000-d7400000 ---p 00000000 00:00 0 
d7400000-dbc00000 rw-p 00000000 00:00 0 
dfa00000-100000000 ---p 00000000 00:00 0 
100000000-100080000 rw-p 00000000 00:00 0 
100080000-140000000 ---p 00000000 00:00 0 
7fe52c000000-7fe52c021000 rw-p 00000000 00:00 0 
7fe52c021000-7fe530000000 ---p 00000000 00:00 0 
7fe530000000-7fe530021000 rw-p 00000000 00:00 0 
7fe530021000-7fe534000000 ---p 00000000 00:00 0 
7fe534000000-7fe535254000 rw-p 00000000 00:00 0 
7fe535254000-7fe538000000 ---p 00000000 00:00 0 
7fe538000000-7fe538488000 rw-p 00000000 00:00 0 
7fe538488000-7fe53c000000 ---p 00000000 00:00 0 
7fe53c000000-7fe53c021000 rw-p 00000000 00:00 0 
7fe53c021000-7fe540000000 ---p 00000000 00:00 0 
7fe540000000-7fe540bdf000 rw-p 00000000 00:00 0 
7fe540bdf000-7fe544000000 ---p 00000000 00:00 0 
7fe544000000-7fe544021000 rw-p 00000000 00:00 0 
7fe544021000-7fe548000000 ---p 00000000 00:00 0 
7fe548000000-7fe548021000 rw-p 00000000 00:00 0 
7fe548021000-7fe54c000000 ---p 00000000 00:00 0 
7fe54c000000-7fe54c021000 rw-p 00000000 00:00 0 
7fe54c021000-7fe550000000 ---p 00000000 00:00 0 
7fe550000000-7fe550021000 rw-p 00000000 00:00 0 
7fe550021000-7fe554000000 ---p 00000000 00:00 0 
7fe5542e0000-7fe558000000 rw-p 00000000 00:00 0 
7fe558000000-7fe558021000 rw-p 00000000 00:00 0 
7fe558021000-7fe55c000000 ---p 00000000 00:00 0 
7fe55c000000-7fe55c021000 rw-p 00000000 00:00 0 
7fe55c021000-7fe560000000 ---p 00000000 00:00 0 
7fe560000000-7fe560021000 rw-p 00000000 00:00 0 
7fe560021000-7fe564000000 ---p 00000000 00:00 0 
7fe5653f2000-7fe5653f7000 r--s 002f9000 103:05 7908                      /usr/lib/jvm/java-8-openjdk-amd64/jre/lib/charsets.jar
7fe5653f7000-7fe5653fc000 r--s 0009a000 103:05 7867                      /usr/lib/jvm/java-8-openjdk-amd64/jre/lib/jsse.jar
7fe5653fc000-7fe56540f000 r--s 00346000 103:05 7904                      /usr/lib/jvm/java-8-openjdk-amd64/jre/lib/resources.jar
7fe56540f000-7fe565427000 r--s 0015f000 103:06 3808652                   /home/abu/Documents/Personal/NativeScript/Groceries/SharePlate/platforms/android/build-tools/metadata-generator.jar
7fe565427000-7fe565428000 ---p 00000000 00:00 0 
7fe565428000-7fe565528000 rw-p 00000000 00:00 0 
7fe565528000-7fe56552b000 ---p 00000000 00:00 0 
7fe56552b000-7fe565629000 rw-p 00000000 00:00 0 
7fe565629000-7fe56562c000 ---p 00000000 00:00 0 
7fe56562c000-7fe56572a000 rw-p 00000000 00:00 0 
7fe56572a000-7fe56572d000 ---p 00000000 00:00 0 
7fe56572d000-7fe56582b000 rw-p 00000000 00:00 0 
7fe56582b000-7fe56582e000 ---p 00000000 00:00 0 
7fe56582e000-7fe56592c000 rw-p 00000000 00:00 0 
7fe56592c000-7fe56592f000 ---p 00000000 00:00 0 
7fe56592f000-7fe565a2d000 rw-p 00000000 00:00 0 
7fe565a2d000-7fe565d05000 r--p 00000000 103:05 569073                    /usr/lib/locale/locale-archive
7fe565d05000-7fe565d08000 ---p 00000000 00:00 0 
7fe565d08000-7fe565e06000 rw-p 00000000 00:00 0 
7fe565e06000-7fe565e09000 ---p 00000000 00:00 0 
7fe565e09000-7fe565f07000 rw-p 00000000 00:00 0 
7fe565f07000-7fe565f08000 ---p 00000000 00:00 0 
7fe565f08000-7fe566f17000 rw-p 00000000 00:00 0 
7fe566f17000-7fe5670e5000 r--s 03c13000 103:05 7856                      /usr/lib/jvm/java-8-openjdk-amd64/jre/lib/rt.jar
7fe5670e5000-7fe567565000 rw-p 00000000 00:00 0 
7fe567565000-7fe5678e5000 ---p 00000000 00:00 0 
7fe5678e5000-7fe567cb7000 rw-p 00000000 00:00 0 
7fe567cb7000-7fe567cb8000 ---p 00000000 00:00 0 
7fe567cb8000-7fe567db8000 rw-p 00000000 00:00 0 
7fe567db8000-7fe567db9000 ---p 00000000 00:00 0 
7fe567db9000-7fe567eb9000 rw-p 00000000 00:00 0 
7fe567eb9000-7fe567eba000 ---p 00000000 00:00 0 
7fe567eba000-7fe567fe4000 rw-p 00000000 00:00 0 
7fe567fe4000-7fe568246000 ---p 00000000 00:00 0 
7fe568246000-7fe568270000 rw-p 00000000 00:00 0 
7fe568270000-7fe5684d2000 ---p 00000000 00:00 0 
7fe5684d2000-7fe5684f6000 rw-p 00000000 00:00 0 
7fe5684f6000-7fe568618000 ---p 00000000 00:00 0 
7fe568618000-7fe568623000 rw-p 00000000 00:00 0 
7fe568623000-7fe5689d9000 ---p 00000000 00:00 0 
7fe5689d9000-7fe568c49000 rwxp 00000000 00:00 0 
7fe568c49000-7fe5779d9000 ---p 00000000 00:00 0 
7fe5779d9000-7fe5779e1000 r-xp 00000000 103:05 7879                      /usr/lib/jvm/java-8-openjdk-amd64/jre/lib/amd64/libzip.so
7fe5779e1000-7fe577be0000 ---p 00008000 103:05 7879                      /usr/lib/jvm/java-8-openjdk-amd64/jre/lib/amd64/libzip.so
7fe577be0000-7fe577be1000 r--p 00007000 103:05 7879                      /usr/lib/jvm/java-8-openjdk-amd64/jre/lib/amd64/libzip.so
7fe577be1000-7fe577be2000 rw-p 00008000 103:05 7879                      /usr/lib/jvm/java-8-openjdk-amd64/jre/lib/amd64/libzip.so
7fe577be2000-7fe577bed000 r-xp 00000000 103:05 274790                    /lib/x86_64-linux-gnu/libnss_files-2.23.so
7fe577bed000-7fe577dec000 ---p 0000b000 103:05 274790                    /lib/x86_64-linux-gnu/libnss_files-2.23.so
7fe577dec000-7fe577ded000 r--p 0000a000 103:05 274790                    /lib/x86_64-linux-gnu/libnss_files-2.23.so
7fe577ded000-7fe577dee000 rw-p 0000b000 103:05 274790                    /lib/x86_64-linux-gnu/libnss_files-2.23.so
7fe577dee000-7fe577df4000 rw-p 00000000 00:00 0 
7fe577df4000-7fe577dff000 r-xp 00000000 103:05 274793                    /lib/x86_64-linux-gnu/libnss_nis-2.23.so
7fe577dff000-7fe577ffe000 ---p 0000b000 103:05 274793                    /lib/x86_64-linux-gnu/libnss_nis-2.23.so
7fe577ffe000-7fe577fff000 r--p 0000a000 103:05 274793                    /lib/x86_64-linux-gnu/libnss_nis-2.23.so
7fe577fff000-7fe578000000 rw-p 0000b000 103:05 274793                    /lib/x86_64-linux-gnu/libnss_nis-2.23.so
7fe578000000-7fe5782ac000 rw-p 00000000 00:00 0 
7fe5782ac000-7fe57c000000 ---p 00000000 00:00 0 
7fe57c001000-7fe57c004000 r--s 00015000 103:05 7926                      /usr/lib/jvm/java-8-openjdk-amd64/jre/lib/jce.jar
7fe57c004000-7fe57c01c000 r--s 0015f000 103:06 3808652                   /home/abu/Documents/Personal/NativeScript/Groceries/SharePlate/platforms/android/build-tools/metadata-generator.jar
7fe57c01c000-7fe57c037000 r--s 001d6000 103:05 7858                      /usr/lib/jvm/java-8-openjdk-amd64/jre/lib/ext/nashorn.jar
7fe57c037000-7fe57c052000 r--s 00394000 103:05 7857                      /usr/lib/jvm/java-8-openjdk-amd64/jre/lib/ext/cldrdata.jar
7fe57c052000-7fe57c0c8000 rw-p 00000000 00:00 0 
7fe57c0c8000-7fe57c0c9000 ---p 00000000 00:00 0 
7fe57c0c9000-7fe57c1c9000 rw-p 00000000 00:00 0 
7fe57c1c9000-7fe57c1df000 r-xp 00000000 103:05 268305                    /lib/x86_64-linux-gnu/libnsl-2.23.so
7fe57c1df000-7fe57c3de000 ---p 00016000 103:05 268305                    /lib/x86_64-linux-gnu/libnsl-2.23.so
7fe57c3de000-7fe57c3df000 r--p 00015000 103:05 268305                    /lib/x86_64-linux-gnu/libnsl-2.23.so
7fe57c3df000-7fe57c3e0000 rw-p 00016000 103:05 268305                    /lib/x86_64-linux-gnu/libnsl-2.23.so
7fe57c3e0000-7fe57c3e2000 rw-p 00000000 00:00 0 
7fe57c3e2000-7fe57c3ea000 r-xp 00000000 103:05 274799                    /lib/x86_64-linux-gnu/libnss_compat-2.23.so
7fe57c3ea000-7fe57c5e9000 ---p 00008000 103:05 274799                    /lib/x86_64-linux-gnu/libnss_compat-2.23.so
7fe57c5e9000-7fe57c5ea000 r--p 00007000 103:05 274799                    /lib/x86_64-linux-gnu/libnss_compat-2.23.so
7fe57c5ea000-7fe57c5eb000 rw-p 00008000 103:05 274799                    /lib/x86_64-linux-gnu/libnss_compat-2.23.so
7fe57c5eb000-7fe57c618000 r-xp 00000000 103:05 7894                      /usr/lib/jvm/java-8-openjdk-amd64/jre/lib/amd64/libjava.so
7fe57c618000-7fe57c817000 ---p 0002d000 103:05 7894                      /usr/lib/jvm/java-8-openjdk-amd64/jre/lib/amd64/libjava.so
7fe57c817000-7fe57c818000 r--p 0002c000 103:05 7894                      /usr/lib/jvm/java-8-openjdk-amd64/jre/lib/amd64/libjava.so
7fe57c818000-7fe57c81a000 rw-p 0002d000 103:05 7894                      /usr/lib/jvm/java-8-openjdk-amd64/jre/lib/amd64/libjava.so
7fe57c81a000-7fe57c829000 r-xp 00000000 103:05 7873                      /usr/lib/jvm/java-8-openjdk-amd64/jre/lib/amd64/libverify.so
7fe57c829000-7fe57ca28000 ---p 0000f000 103:05 7873                      /usr/lib/jvm/java-8-openjdk-amd64/jre/lib/amd64/libverify.so
7fe57ca28000-7fe57ca2a000 r--p 0000e000 103:05 7873                      /usr/lib/jvm/java-8-openjdk-amd64/jre/lib/amd64/libverify.so
7fe57ca2a000-7fe57ca2b000 rw-p 00010000 103:05 7873                      /usr/lib/jvm/java-8-openjdk-amd64/jre/lib/amd64/libverify.so
7fe57ca2b000-7fe57ca32000 r-xp 00000000 103:05 274795                    /lib/x86_64-linux-gnu/librt-2.23.so
7fe57ca32000-7fe57cc31000 ---p 00007000 103:05 274795                    /lib/x86_64-linux-gnu/librt-2.23.so
7fe57cc31000-7fe57cc32000 r--p 00006000 103:05 274795                    /lib/x86_64-linux-gnu/librt-2.23.so
7fe57cc32000-7fe57cc33000 rw-p 00007000 103:05 274795                    /lib/x86_64-linux-gnu/librt-2.23.so
7fe57cc33000-7fe57cc49000 r-xp 00000000 103:05 268371                    /lib/x86_64-linux-gnu/libgcc_s.so.1
7fe57cc49000-7fe57ce48000 ---p 00016000 103:05 268371                    /lib/x86_64-linux-gnu/libgcc_s.so.1
7fe57ce48000-7fe57ce49000 rw-p 00015000 103:05 268371                    /lib/x86_64-linux-gnu/libgcc_s.so.1
7fe57ce49000-7fe57cf51000 r-xp 00000000 103:05 274804                    /lib/x86_64-linux-gnu/libm-2.23.so
7fe57cf51000-7fe57d150000 ---p 00108000 103:05 274804                    /lib/x86_64-linux-gnu/libm-2.23.so
7fe57d150000-7fe57d151000 r--p 00107000 103:05 274804                    /lib/x86_64-linux-gnu/libm-2.23.so
7fe57d151000-7fe57d152000 rw-p 00108000 103:05 274804                    /lib/x86_64-linux-gnu/libm-2.23.so
7fe57d152000-7fe57d2c4000 r-xp 00000000 103:05 536326                    /usr/lib/x86_64-linux-gnu/libstdc++.so.6.0.21
7fe57d2c4000-7fe57d4c4000 ---p 00172000 103:05 536326                    /usr/lib/x86_64-linux-gnu/libstdc++.so.6.0.21
7fe57d4c4000-7fe57d4ce000 r--p 00172000 103:05 536326                    /usr/lib/x86_64-linux-gnu/libstdc++.so.6.0.21
7fe57d4ce000-7fe57d4d0000 rw-p 0017c000 103:05 536326                    /usr/lib/x86_64-linux-gnu/libstdc++.so.6.0.21
7fe57d4d0000-7fe57d4d4000 rw-p 00000000 00:00 0 
7fe57d4d4000-7fe57e128000 r-xp 00000000 103:05 7878                      /usr/lib/jvm/java-8-openjdk-amd64/jre/lib/amd64/server/libjvm.so
7fe57e128000-7fe57e328000 ---p 00c54000 103:05 7878                      /usr/lib/jvm/java-8-openjdk-amd64/jre/lib/amd64/server/libjvm.so
7fe57e328000-7fe57e3bb000 r--p 00c54000 103:05 7878                      /usr/lib/jvm/java-8-openjdk-amd64/jre/lib/amd64/server/libjvm.so
7fe57e3bb000-7fe57e3e4000 rw-p 00ce7000 103:05 7878                      /usr/lib/jvm/java-8-openjdk-amd64/jre/lib/amd64/server/libjvm.so
7fe57e3e4000-7fe57e414000 rw-p 00000000 00:00 0 
7fe57e414000-7fe57e42c000 r-xp 00000000 103:05 274792                    /lib/x86_64-linux-gnu/libpthread-2.23.so
7fe57e42c000-7fe57e62b000 ---p 00018000 103:05 274792                    /lib/x86_64-linux-gnu/libpthread-2.23.so
7fe57e62b000-7fe57e62c000 r--p 00017000 103:05 274792                    /lib/x86_64-linux-gnu/libpthread-2.23.so
7fe57e62c000-7fe57e62d000 rw-p 00018000 103:05 274792                    /lib/x86_64-linux-gnu/libpthread-2.23.so
7fe57e62d000-7fe57e631000 rw-p 00000000 00:00 0 
7fe57e631000-7fe57e634000 r-xp 00000000 103:05 274798                    /lib/x86_64-linux-gnu/libdl-2.23.so
7fe57e634000-7fe57e833000 ---p 00003000 103:05 274798                    /lib/x86_64-linux-gnu/libdl-2.23.so
7fe57e833000-7fe57e834000 r--p 00002000 103:05 274798                    /lib/x86_64-linux-gnu/libdl-2.23.so
7fe57e834000-7fe57e835000 rw-p 00003000 103:05 274798                    /lib/x86_64-linux-gnu/libdl-2.23.so
7fe57e835000-7fe57e84e000 r-xp 00000000 103:05 290849                    /lib/x86_64-linux-gnu/libz.so.1.2.8
7fe57e84e000-7fe57ea4d000 ---p 00019000 103:05 290849                    /lib/x86_64-linux-gnu/libz.so.1.2.8
7fe57ea4d000-7fe57ea4e000 r--p 00018000 103:05 290849                    /lib/x86_64-linux-gnu/libz.so.1.2.8
7fe57ea4e000-7fe57ea4f000 rw-p 00019000 103:05 290849                    /lib/x86_64-linux-gnu/libz.so.1.2.8
7fe57ea4f000-7fe57ec0f000 r-xp 00000000 103:05 274809                    /lib/x86_64-linux-gnu/libc-2.23.so
7fe57ec0f000-7fe57ee0f000 ---p 001c0000 103:05 274809                    /lib/x86_64-linux-gnu/libc-2.23.so
7fe57ee0f000-7fe57ee13000 r--p 001c0000 103:05 274809                    /lib/x86_64-linux-gnu/libc-2.23.so
7fe57ee13000-7fe57ee15000 rw-p 001c4000 103:05 274809                    /lib/x86_64-linux-gnu/libc-2.23.so
7fe57ee15000-7fe57ee19000 rw-p 00000000 00:00 0 
7fe57ee19000-7fe57ee26000 r-xp 00000000 103:05 7871                      /usr/lib/jvm/java-8-openjdk-amd64/jre/lib/amd64/jli/libjli.so
7fe57ee26000-7fe57f026000 ---p 0000d000 103:05 7871                      /usr/lib/jvm/java-8-openjdk-amd64/jre/lib/amd64/jli/libjli.so
7fe57f026000-7fe57f027000 r--p 0000d000 103:05 7871                      /usr/lib/jvm/java-8-openjdk-amd64/jre/lib/amd64/jli/libjli.so
7fe57f027000-7fe57f028000 rw-p 0000e000 103:05 7871                      /usr/lib/jvm/java-8-openjdk-amd64/jre/lib/amd64/jli/libjli.so
7fe57f028000-7fe57f04e000 r-xp 00000000 103:05 268425                    /lib/x86_64-linux-gnu/ld-2.23.so
7fe57f04e000-7fe57f04f000 r--p 00000000 103:05 410353                    /usr/share/locale-langpack/en_AU/LC_MESSAGES/libc.mo
7fe57f04f000-7fe57f059000 r--s 00116000 103:05 7859                      /usr/lib/jvm/java-8-openjdk-amd64/jre/lib/ext/localedata.jar
7fe57f059000-7fe57f129000 rw-p 00000000 00:00 0 
7fe57f129000-7fe57f12c000 ---p 00000000 00:00 0 
7fe57f12c000-7fe57f22f000 rw-p 00000000 00:00 0 
7fe57f22f000-7fe57f230000 r--s 00010000 103:05 7866                      /usr/lib/jvm/java-8-openjdk-amd64/jre/lib/ext/zipfs.jar
7fe57f230000-7fe57f231000 r--s 0000a000 103:05 7862                      /usr/lib/jvm/java-8-openjdk-amd64/jre/lib/ext/jaccess.jar
7fe57f231000-7fe57f233000 r--s 00008000 103:05 7865                      /usr/lib/jvm/java-8-openjdk-amd64/jre/lib/ext/sunec.jar
7fe57f233000-7fe57f235000 r--s 00001000 103:05 7861                      /usr/lib/jvm/java-8-openjdk-amd64/jre/lib/ext/dnsns.jar
7fe57f235000-7fe57f238000 r--s 0000f000 103:05 7864                      /usr/lib/jvm/java-8-openjdk-amd64/jre/lib/ext/icedtea-sound.jar
7fe57f238000-7fe57f23c000 r--s 00037000 103:05 7860                      /usr/lib/jvm/java-8-openjdk-amd64/jre/lib/ext/sunpkcs11.jar
7fe57f23c000-7fe57f241000 r--s 0003b000 103:05 7863                      /usr/lib/jvm/java-8-openjdk-amd64/jre/lib/ext/sunjce_provider.jar
7fe57f241000-7fe57f249000 rw-s 00000000 103:05 317222                    /tmp/hsperfdata_abu/10050
7fe57f249000-7fe57f24a000 rw-p 00000000 00:00 0 
7fe57f24a000-7fe57f24b000 ---p 00000000 00:00 0 
7fe57f24b000-7fe57f24d000 rw-p 00000000 00:00 0 
7fe57f24d000-7fe57f24e000 r--p 00025000 103:05 268425                    /lib/x86_64-linux-gnu/ld-2.23.so
7fe57f24e000-7fe57f24f000 rw-p 00026000 103:05 268425                    /lib/x86_64-linux-gnu/ld-2.23.so
7fe57f24f000-7fe57f250000 rw-p 00000000 00:00 0 
7ffff2f05000-7ffff2f28000 rw-p 00000000 00:00 0                          [stack]
7ffff2f78000-7ffff2f7a000 r--p 00000000 00:00 0                          [vvar]
7ffff2f7a000-7ffff2f7c000 r-xp 00000000 00:00 0                          [vdso]
ffffffffff600000-ffffffffff601000 r-xp 00000000 00:00 0                  [vsyscall]

VM Arguments:
jvm_args: -Dfile.encoding=UTF-8 -Duser.country=AU -Duser.language=en -Duser.variant 
java_command: metadata-generator.jar /home/abu/Documents/Personal/NativeScript/Groceries/SharePlate/platforms/android/metadata/output/assets/metadata /home/abu/Android/Sdk/extras/android/m2repository/com/android/support/support-v4/25.3.1/support-v4-25.3.1.aar /home/abu/Android/Sdk/extras/android/m2repository/com/android/support/appcompat-v7/25.3.1/appcompat-v7-25.3.1.aar /home/abu/Documents/Personal/NativeScript/Groceries/SharePlate/platforms/android/libs/runtime-libs/nativescript.aar /home/abu/Documents/Personal/NativeScript/Groceries/SharePlate/platforms/android/libs/aar/widgets-release.aar /home/abu/Android/Sdk/extras/android/m2repository/com/android/support/support-compat/25.3.1/support-compat-25.3.1.aar /home/abu/Android/Sdk/extras/android/m2repository/com/android/support/support-media-compat/25.3.1/support-media-compat-25.3.1.aar /home/abu/Android/Sdk/extras/android/m2repository/com/android/support/support-core-utils/25.3.1/support-core-utils-25.3.1.aar /home/abu/Android/Sdk/extras/android/m2repository/com/android/support/support-core-ui/25.3.1/support-core-ui-25.3.1.aar /home/abu/Android/Sdk/extras/android/m2repository/com/android/support/support-fragment/25.3.1/support-fragment-25.3.1.aar /home/abu/Android/Sdk/extras/android/m2repository/com/android/support/support-annotations/25.3.1/support-annotations-25.3.1.jar /home/abu/Android/Sdk/extras/android/m2repository/com/android/support/support-vector-drawable/25.3.1/support-vector-drawable-25.3.1.aar /home/abu/Android/Sdk/extras/android/m2repository/com/android/support/animated-vector-drawable/25.3.1/animated-vector-drawable-25.3.1.aar /home/abu/Android/Sdk/platforms/android-25/android.jar /home/abu/Documents/Personal/NativeScript/Groceries/SharePlate/platforms/android/build/intermediates/exploded-aar/com.android.support/support-core-ui/25.3.1/jars/classes.jar /home/abu/Documents/Personal/NativeScript/Groceries/SharePlate/platforms/android/build/intermediates/exploded-aar/com.android.support/support-core-util
java_class_path (initial): metadata-generator.jar
Launcher Type: SUN_STANDARD

Environment Variables:
PATH=/home/abu/miniconda2/bin:/home/abu/bin:/home/abu/.local/bin:/home/abu/home/abu/Documents/minizinc-2.1.4/bin:/usr/local/sbin:/usr/local/bin:/usr/sbin:/usr/bin:/sbin:/bin:/usr/games:/usr/local/games:/snap/bin:/home/abu/Android/Sdk/tools
SHELL=/bin/bash
DISPLAY=:0

Signal Handlers:
SIGSEGV: [libjvm.so+0xa6ad10], sa_mask[0]=11111111011111111101111111111110, sa_flags=SA_RESTART|SA_SIGINFO
SIGBUS: [libjvm.so+0xa6ad10], sa_mask[0]=11111111011111111101111111111110, sa_flags=SA_RESTART|SA_SIGINFO
SIGFPE: [libjvm.so+0x8b3bc0], sa_mask[0]=11111111011111111101111111111110, sa_flags=SA_RESTART|SA_SIGINFO
SIGPIPE: [libjvm.so+0x8b3bc0], sa_mask[0]=11111111011111111101111111111110, sa_flags=SA_RESTART|SA_SIGINFO
SIGXFSZ: [libjvm.so+0x8b3bc0], sa_mask[0]=11111111011111111101111111111110, sa_flags=SA_RESTART|SA_SIGINFO
SIGILL: [libjvm.so+0x8b3bc0], sa_mask[0]=11111111011111111101111111111110, sa_flags=SA_RESTART|SA_SIGINFO
SIGUSR1: SIG_DFL, sa_mask[0]=00000000000000000000000000000000, sa_flags=none
SIGUSR2: [libjvm.so+0x8b3a70], sa_mask[0]=00100000000000000000000000000000, sa_flags=SA_RESTART|SA_SIGINFO
SIGHUP: [libjvm.so+0x8b3f40], sa_mask[0]=11111111011111111101111111111110, sa_flags=SA_RESTART|SA_SIGINFO
SIGINT: [libjvm.so+0x8b3f40], sa_mask[0]=11111111011111111101111111111110, sa_flags=SA_RESTART|SA_SIGINFO
SIGTERM: [libjvm.so+0x8b3f40], sa_mask[0]=11111111011111111101111111111110, sa_flags=SA_RESTART|SA_SIGINFO
SIGQUIT: [libjvm.so+0x8b3f40], sa_mask[0]=11111111011111111101111111111110, sa_flags=SA_RESTART|SA_SIGINFO


---------------  S Y S T E M  ---------------

OS:DISTRIB_ID=Ubuntu
DISTRIB_RELEASE=16.04
DISTRIB_CODENAME=xenial
DISTRIB_DESCRIPTION="Ubuntu 16.04.2 LTS"

uname:Linux 4.10.0-33-generic #37~16.04.1-Ubuntu SMP Fri Aug 11 14:07:24 UTC 2017 x86_64
libc:glibc 2.23 NPTL 2.23 
rlimit: STACK 8192k, CORE 0k, NPROC 29876, NOFILE 65536, AS infinity
load average:2.19 1.25 1.05

/proc/meminfo:
MemTotal:        8010160 kB
MemFree:          110420 kB
MemAvailable:       6020 kB
Buffers:             764 kB
Cached:          2071584 kB
SwapCached:            0 kB
Active:          5567072 kB
Inactive:        2051632 kB
Active(anon):    5556920 kB
Inactive(anon):  2040968 kB
Active(file):      10152 kB
Inactive(file):    10664 kB
Unevictable:         196 kB
Mlocked:             196 kB
SwapTotal:             0 kB
SwapFree:              0 kB
Dirty:               544 kB
Writeback:             0 kB
AnonPages:       5547212 kB
Mapped:           854876 kB
Shmem:           2051120 kB
Slab:             106760 kB
SReclaimable:      52564 kB
SUnreclaim:        54196 kB
KernelStack:       16780 kB
PageTables:        72608 kB
NFS_Unstable:          0 kB
Bounce:                0 kB
WritebackTmp:          0 kB
CommitLimit:     4005080 kB
Committed_AS:   16601116 kB
VmallocTotal:   34359738367 kB
VmallocUsed:           0 kB
VmallocChunk:          0 kB
HardwareCorrupted:     0 kB
AnonHugePages:   1748992 kB
ShmemHugePages:        0 kB
ShmemPmdMapped:        0 kB
CmaTotal:              0 kB
CmaFree:               0 kB
HugePages_Total:       0
HugePages_Free:        0
HugePages_Rsvd:        0
HugePages_Surp:        0
Hugepagesize:       2048 kB
DirectMap4k:      188680 kB
DirectMap2M:     8038400 kB
DirectMap1G:     1048576 kB


CPU:total 4 (initial active 4) (2 cores per cpu, 2 threads per core) family 6 model 78 stepping 3, cmov, cx8, fxsr, mmx, sse, sse2, sse3, ssse3, sse4.1, sse4.2, popcnt, avx, avx2, aes, clmul, erms, 3dnowpref, lzcnt, ht, tsc, tscinvbit, bmi1, bmi2, adx

/proc/cpuinfo:
processor	: 0
vendor_id	: GenuineIntel
cpu family	: 6
model		: 78
model name	: Intel(R) Core(TM) i7-6560U CPU @ 2.20GHz
stepping	: 3
microcode	: 0x6a
cpu MHz		: 3099.926
cache size	: 4096 KB
physical id	: 0
siblings	: 4
core id		: 0
cpu cores	: 2
apicid		: 0
initial apicid	: 0
fpu		: yes
fpu_exception	: yes
cpuid level	: 22
wp		: yes
flags		: fpu vme de pse tsc msr pae mce cx8 apic sep mtrr pge mca cmov pat pse36 clflush dts acpi mmx fxsr sse sse2 ss ht tm pbe syscall nx pdpe1gb rdtscp lm constant_tsc art arch_perfmon pebs bts rep_good nopl xtopology nonstop_tsc aperfmperf tsc_known_freq pni pclmulqdq dtes64 monitor ds_cpl vmx est tm2 ssse3 sdbg fma cx16 xtpr pdcm pcid sse4_1 sse4_2 x2apic movbe popcnt tsc_deadline_timer aes xsave avx f16c rdrand lahf_lm abm 3dnowprefetch epb intel_pt tpr_shadow vnmi flexpriority ept vpid fsgsbase tsc_adjust bmi1 avx2 smep bmi2 erms invpcid mpx rdseed adx smap clflushopt xsaveopt xsavec xgetbv1 xsaves dtherm ida arat pln pts hwp hwp_notify hwp_act_window hwp_epp
bugs		:
bogomips	: 4416.00
clflush size	: 64
cache_alignment	: 64
address sizes	: 39 bits physical, 48 bits virtual
power management:

processor	: 1
vendor_id	: GenuineIntel
cpu family	: 6
model		: 78
model name	: Intel(R) Core(TM) i7-6560U CPU @ 2.20GHz
stepping	: 3
microcode	: 0x6a
cpu MHz		: 3099.926
cache size	: 4096 KB
physical id	: 0
siblings	: 4
core id		: 1
cpu cores	: 2
apicid		: 2
initial apicid	: 2
fpu		: yes
fpu_exception	: yes
cpuid level	: 22
wp		: yes
flags		: fpu vme de pse tsc msr pae mce cx8 apic sep mtrr pge mca cmov pat pse36 clflush dts acpi mmx fxsr sse sse2 ss ht tm pbe syscall nx pdpe1gb rdtscp lm constant_tsc art arch_perfmon pebs bts rep_good nopl xtopology nonstop_tsc aperfmperf tsc_known_freq pni pclmulqdq dtes64 monitor ds_cpl vmx est tm2 ssse3 sdbg fma cx16 xtpr pdcm pcid sse4_1 sse4_2 x2apic movbe popcnt tsc_deadline_timer aes xsave avx f16c rdrand lahf_lm abm 3dnowprefetch epb intel_pt tpr_shadow vnmi flexpriority ept vpid fsgsbase tsc_adjust bmi1 avx2 smep bmi2 erms invpcid mpx rdseed adx smap clflushopt xsaveopt xsavec xgetbv1 xsaves dtherm ida arat pln pts hwp hwp_notify hwp_act_window hwp_epp
bugs		:
bogomips	: 4416.00
clflush size	: 64
cache_alignment	: 64
address sizes	: 39 bits physical, 48 bits virtual
power management:

processor	: 2
vendor_id	: GenuineIntel
cpu family	: 6
model		: 78
model name	: Intel(R) Core(TM) i7-6560U CPU @ 2.20GHz
stepping	: 3
microcode	: 0x6a
cpu MHz		: 3099.926
cache size	: 4096 KB
physical id	: 0
siblings	: 4
core id		: 0
cpu cores	: 2
apicid		: 1
initial apicid	: 1
fpu		: yes
fpu_exception	: yes
cpuid level	: 22
wp		: yes
flags		: fpu vme de pse tsc msr pae mce cx8 apic sep mtrr pge mca cmov pat pse36 clflush dts acpi mmx fxsr sse sse2 ss ht tm pbe syscall nx pdpe1gb rdtscp lm constant_tsc art arch_perfmon pebs bts rep_good nopl xtopology nonstop_tsc aperfmperf tsc_known_freq pni pclmulqdq dtes64 monitor ds_cpl vmx est tm2 ssse3 sdbg fma cx16 xtpr pdcm pcid sse4_1 sse4_2 x2apic movbe popcnt tsc_deadline_timer aes xsave avx f16c rdrand lahf_lm abm 3dnowprefetch epb intel_pt tpr_shadow vnmi flexpriority ept vpid fsgsbase tsc_adjust bmi1 avx2 smep bmi2 erms invpcid mpx rdseed adx smap clflushopt xsaveopt xsavec xgetbv1 xsaves dtherm ida arat pln pts hwp hwp_notify hwp_act_window hwp_epp
bugs		:
bogomips	: 4416.00
clflush size	: 64
cache_alignment	: 64
address sizes	: 39 bits physical, 48 bits virtual
power management:

processor	: 3
vendor_id	: GenuineIntel
cpu family	: 6
model		: 78
model name	: Intel(R) Core(TM) i7-6560U CPU @ 2.20GHz
stepping	: 3
microcode	: 0x6a
cpu MHz		: 3099.926
cache size	: 4096 KB
physical id	: 0
siblings	: 4
core id		: 1
cpu cores	: 2
apicid		: 3
initial apicid	: 3
fpu		: yes
fpu_exception	: yes
cpuid level	: 22
wp		: yes
flags		: fpu vme de pse tsc msr pae mce cx8 apic sep mtrr pge mca cmov pat pse36 clflush dts acpi mmx fxsr sse sse2 ss ht tm pbe syscall nx pdpe1gb rdtscp lm constant_tsc art arch_perfmon pebs bts rep_good nopl xtopology nonstop_tsc aperfmperf tsc_known_freq pni pclmulqdq dtes64 monitor ds_cpl vmx est tm2 ssse3 sdbg fma cx16 xtpr pdcm pcid sse4_1 sse4_2 x2apic movbe popcnt tsc_deadline_timer aes xsave avx f16c rdrand lahf_lm abm 3dnowprefetch epb intel_pt tpr_shadow vnmi flexpriority ept vpid fsgsbase tsc_adjust bmi1 avx2 smep bmi2 erms invpcid mpx rdseed adx smap clflushopt xsaveopt xsavec xgetbv1 xsaves dtherm ida arat pln pts hwp hwp_notify hwp_act_window hwp_epp
bugs		:
bogomips	: 4416.00
clflush size	: 64
cache_alignment	: 64
address sizes	: 39 bits physical, 48 bits virtual
power management:



Memory: 4k page, physical 8010160k(110096k free), swap 0k(0k free)

vm_info: OpenJDK 64-Bit Server VM (25.131-b11) for linux-amd64 JRE (1.8.0_131-8u131-b11-2ubuntu1.16.04.3-b11), built on Jul 28 2017 01:23:32 by "buildd" with gcc 5.4.0 20160609

time: Thu Sep 14 18:03:27 2017
elapsed time: 0 seconds (0d 0h 0m 0s)

